
Start time     : 2019-04-25T15:16:43
Program name   : esorex
Severity level : [ INFO  ] 

15:16:43 [ INFO  ] : [tid=000] This is EsoRex, version 3.13.1
15:16:43 [ INFO  ] : [tid=000] using the libraries: CPL = 7.1, CFITSIO = 3.36, WCSLIB = 4.24, FFTW (normal precision) = 3.3.4-sse2, FFTW (single precision) = 3.3.4-sse2, CPL FLOP counting is unavailable, enable with -DCPL_ADD_FLOPS, OPENMP = 200805
15:16:43 [ INFO  ] : [tid=000] Invocation command line was: esorex --recipe-config=/home/mmarcano/Documents/ReduceMUSE2017/Observation1/config/muse_scipost.rc --log-file=scipostobject.log muse_scipost scipostobject.sof
15:16:43 [ INFO  ] muse_processing_recipeinfo: [tid=000] MUSE Instrument Pipeline v2.6
15:16:43 [ INFO  ] muse_table_load: [tid=000] Loaded table from file "/home/mmarcano/Documents/ReduceMUSE2017/Observation1/data/STD_RESPONSE_0001.fits" (ext 1).
15:16:43 [ INFO  ] muse_table_load: [tid=000] Loaded table from file "/home/mmarcano/Documents/ReduceMUSE2017/Observation1/data/STD_TELLURIC_0001.fits" (ext 1).
15:16:43 [ INFO  ] muse_table_load: [tid=000] Loaded table from file "/home/mmarcano/Documents/ReduceMUSE2017/Observation1/data/data_with_raw_calibs/M.MUSE.2014-06-13T10:15:21.400.fits" (ext 1).
15:16:43 [ INFO  ] muse_processing_load_header: [tid=000] loaded ASTROMETRY_WCS from file "/home/mmarcano/Documents/ReduceMUSE2017/Observation1/data/data_with_raw_calibs/astrometry_wcs_wfm.fits"
15:16:45 [ INFO  ] muse_lsf_cube_load_all: [tid=000] Successfully loaded all 24 LSF_PROFILEs (cube format).
15:16:45 [ INFO  ] muse_sky_lines_load: [tid=000] Loaded sky lines from "/home/mmarcano/Documents/ReduceMUSE2017/Observation1/data/Object8/SKY_LINES.fits"
15:16:45 [ INFO  ] muse_sky_continuum_load: [tid=000] Loaded sky continuum from "/home/mmarcano/Documents/ReduceMUSE2017/Observation1/data/Object8/SKY_CONTINUUM.fits"
15:16:45 [ INFO  ] muse_postproc_process_exposure: [tid=000] Starting to process exposure 1 (DATE-OBS=2017-06-03T06:41:12.000)
15:16:45 [ INFO  ] muse_pixtable_load_window: [tid=000] Loading pixel table "/home/mmarcano/Documents/ReduceMUSE2017/Observation1/data/Object8/PIXTABLE_OBJECT_0001-01.fits" (image format)
15:16:46 [ INFO  ] muse_pixtable_load_window: [tid=000] Loading pixel table "/home/mmarcano/Documents/ReduceMUSE2017/Observation1/data/Object8/PIXTABLE_OBJECT_0001-02.fits" (image format)
15:16:47 [ INFO  ] muse_pixtable_load_window: [tid=000] Loading pixel table "/home/mmarcano/Documents/ReduceMUSE2017/Observation1/data/Object8/PIXTABLE_OBJECT_0001-03.fits" (image format)
15:16:48 [ INFO  ] muse_pixtable_load_window: [tid=000] Loading pixel table "/home/mmarcano/Documents/ReduceMUSE2017/Observation1/data/Object8/PIXTABLE_OBJECT_0001-04.fits" (image format)
15:16:49 [ INFO  ] muse_pixtable_load_window: [tid=000] Loading pixel table "/home/mmarcano/Documents/ReduceMUSE2017/Observation1/data/Object8/PIXTABLE_OBJECT_0001-05.fits" (image format)
15:16:50 [ INFO  ] muse_pixtable_load_window: [tid=000] Loading pixel table "/home/mmarcano/Documents/ReduceMUSE2017/Observation1/data/Object8/PIXTABLE_OBJECT_0001-06.fits" (image format)
15:16:51 [ INFO  ] muse_pixtable_load_window: [tid=000] Loading pixel table "/home/mmarcano/Documents/ReduceMUSE2017/Observation1/data/Object8/PIXTABLE_OBJECT_0001-07.fits" (image format)
15:16:59 [ INFO  ] muse_pixtable_load_window: [tid=000] Loading pixel table "/home/mmarcano/Documents/ReduceMUSE2017/Observation1/data/Object8/PIXTABLE_OBJECT_0001-08.fits" (image format)
15:17:20 [ INFO  ] muse_pixtable_load_window: [tid=000] Loading pixel table "/home/mmarcano/Documents/ReduceMUSE2017/Observation1/data/Object8/PIXTABLE_OBJECT_0001-09.fits" (image format)
15:18:02 [ INFO  ] muse_pixtable_load_window: [tid=000] Loading pixel table "/home/mmarcano/Documents/ReduceMUSE2017/Observation1/data/Object8/PIXTABLE_OBJECT_0001-10.fits" (image format)
15:18:39 [ INFO  ] muse_pixtable_load_window: [tid=000] Loading pixel table "/home/mmarcano/Documents/ReduceMUSE2017/Observation1/data/Object8/PIXTABLE_OBJECT_0001-11.fits" (image format)
15:19:16 [ INFO  ] muse_pixtable_load_window: [tid=000] Loading pixel table "/home/mmarcano/Documents/ReduceMUSE2017/Observation1/data/Object8/PIXTABLE_OBJECT_0001-12.fits" (image format)
15:19:57 [ INFO  ] muse_pixtable_load_window: [tid=000] Loading pixel table "/home/mmarcano/Documents/ReduceMUSE2017/Observation1/data/Object8/PIXTABLE_OBJECT_0001-13.fits" (image format)
15:20:48 [ INFO  ] muse_pixtable_load_window: [tid=000] Loading pixel table "/home/mmarcano/Documents/ReduceMUSE2017/Observation1/data/Object8/PIXTABLE_OBJECT_0001-14.fits" (image format)
15:21:02 [ INFO  ] muse_pixtable_load_window: [tid=000] Loading pixel table "/home/mmarcano/Documents/ReduceMUSE2017/Observation1/data/Object8/PIXTABLE_OBJECT_0001-15.fits" (image format)
15:21:42 [ INFO  ] muse_pixtable_load_window: [tid=000] Loading pixel table "/home/mmarcano/Documents/ReduceMUSE2017/Observation1/data/Object8/PIXTABLE_OBJECT_0001-16.fits" (image format)
15:21:58 [ INFO  ] muse_pixtable_load_window: [tid=000] Loading pixel table "/home/mmarcano/Documents/ReduceMUSE2017/Observation1/data/Object8/PIXTABLE_OBJECT_0001-17.fits" (image format)
15:22:12 [ INFO  ] muse_pixtable_load_window: [tid=000] Loading pixel table "/home/mmarcano/Documents/ReduceMUSE2017/Observation1/data/Object8/PIXTABLE_OBJECT_0001-18.fits" (image format)
15:22:24 [ INFO  ] muse_pixtable_load_window: [tid=000] Loading pixel table "/home/mmarcano/Documents/ReduceMUSE2017/Observation1/data/Object8/PIXTABLE_OBJECT_0001-19.fits" (image format)
15:22:55 [ INFO  ] muse_pixtable_load_window: [tid=000] Loading pixel table "/home/mmarcano/Documents/ReduceMUSE2017/Observation1/data/Object8/PIXTABLE_OBJECT_0001-20.fits" (image format)
15:23:36 [ INFO  ] muse_pixtable_load_window: [tid=000] Loading pixel table "/home/mmarcano/Documents/ReduceMUSE2017/Observation1/data/Object8/PIXTABLE_OBJECT_0001-21.fits" (image format)
15:23:56 [ INFO  ] muse_pixtable_load_window: [tid=000] Loading pixel table "/home/mmarcano/Documents/ReduceMUSE2017/Observation1/data/Object8/PIXTABLE_OBJECT_0001-22.fits" (image format)
15:24:02 [ INFO  ] muse_pixtable_load_window: [tid=000] Loading pixel table "/home/mmarcano/Documents/ReduceMUSE2017/Observation1/data/Object8/PIXTABLE_OBJECT_0001-23.fits" (image format)
15:24:09 [ INFO  ] muse_pixtable_load_window: [tid=000] Loading pixel table "/home/mmarcano/Documents/ReduceMUSE2017/Observation1/data/Object8/PIXTABLE_OBJECT_0001-24.fits" (image format)
15:24:14 [ INFO  ] muse_utils_spectrum_smooth: [tid=000] Smoothing flat-field spectrum with piecewise polynomial, plus running average
15:24:45 [ INFO  ] muse_dar_correct: [tid=000] DAR for T=11.63 degC, fp=0.811 mmHg, P=557.3 mmHg, at airmass=1.1759, using ref. wavelength 0.700000 um (Filippenko)
15:24:47 [ INFO  ] muse_flux_calibrate: [tid=000] Starting flux calibration (exptime=305.00s, airmass=1.1759), with telluric correction
15:25:00 [ INFO  ] muse_sky_subtract_continuum: [tid=000] Cutting data to 4750.000...9349.688 Angstrom for sky subtraction (range of continuum)
15:25:49 [ INFO  ] muse_sky_subtract_lines: [tid=000] Starting sky subtraction of 1152 slices
15:27:29 [ INFO  ] muse_rvcorrect: [tid=000] Correcting data for barycentric radial velocity of 6.25 km/s
15:27:32 [ INFO  ] muse_processing_save_table: [tid=000] Saving pixel table as "PIXTABLE_REDUCED_0001.fits"
15:29:05 [ INFO  ] muse_wcs_position_celestial: [tid=000] Adapting WCS to RA/DEC=265.175547/-53.670800 deg
15:29:11 [ INFO  ] muse_processing_save_table: [tid=000] Saving pixel table as "PIXTABLE_POSITIONED_0001.fits"
15:29:26 [ INFO  ] muse_wcs_position_celestial: [tid=000] Adapting WCS to RA/DEC=265.175547/-53.670800 deg
15:29:32 [ INFO  ] muse_postproc_cube_resample_and_collapse: [tid=000] Resampling to final cube follows, output format "FITS cube"
15:29:32 [ INFO  ] muse_resampling_cube: [tid=000]   Output cube size 308 x 316 x 3681 (fit to data)
15:30:08 [ INFO  ] muse_resampling_cube: [tid=000]   Using median statistics (15.000 sigma level) for cosmic-ray rejection
15:31:12 [ INFO  ] muse_resampling_cube: [tid=000]   Starting resampling, using method "drizzle" (pixfrac f=0.800,0.800,0.800, loop distance ld=1)
15:31:52 [ INFO  ] muse_postproc_qc_fwhm: [tid=000] Computed FWHM QC parameters for 73 of 75 sources found down to the 5.0 sigma threshold on plane 1841
15:31:54 [ INFO  ] muse_processing_save_image: [tid=000] Saving image as IMAGE_FOV_0001.fits
15:31:55 [ INFO  ] muse_table_load_filter: [tid=000] loaded filter "Johnson_V" from file "/home/mmarcano/Documents/ReduceMUSE2017/Observation1/data/data_with_raw_calibs/M.MUSE.2014-06-13T10:14:59.795.fits" (ext 2)
15:31:56 [ INFO  ] muse_processing_save_image: [tid=000] Saving image as IMAGE_FOV_0002.fits
15:31:56 [ INFO  ] muse_table_load_filter: [tid=000] loaded filter "Cousins_R" from file "/home/mmarcano/Documents/ReduceMUSE2017/Observation1/data/data_with_raw_calibs/M.MUSE.2014-06-13T10:14:59.795.fits" (ext 3)
15:31:58 [ INFO  ] muse_processing_save_image: [tid=000] Saving image as IMAGE_FOV_0003.fits
15:31:59 [ INFO  ] muse_table_load_filter: [tid=000] loaded filter "Cousins_I" from file "/home/mmarcano/Documents/ReduceMUSE2017/Observation1/data/data_with_raw_calibs/M.MUSE.2014-06-13T10:14:59.795.fits" (ext 4)
15:32:00 [ INFO  ] muse_processing_save_image: [tid=000] Saving image as IMAGE_FOV_0004.fits
15:32:01 [ INFO  ] muse_processing_save_cube: [tid=000] Saving FITS cube as "DATACUBE_FINAL.fits"
15:32:05 [ INFO  ] muse_processing_save_table: [tid=000] Saving pixel table as "PIXTABLE_COMBINED.fits"
15:32:16 [ INFO  ] : [tid=000] Calculating product checksums
15:33:18 [ INFO  ] : [tid=000] Created product DATACUBE_FINAL.fits (in place)
15:33:18 [ INFO  ] : [tid=000] Created product IMAGE_FOV_0001.fits (in place)
15:33:18 [ INFO  ] : [tid=000] Created product IMAGE_FOV_0002.fits (in place)
15:33:18 [ INFO  ] : [tid=000] Created product IMAGE_FOV_0003.fits (in place)
15:33:18 [ INFO  ] : [tid=000] Created product IMAGE_FOV_0004.fits (in place)
15:33:18 [ INFO  ] : [tid=000] Created product PIXTABLE_COMBINED.fits (in place)
15:33:18 [ INFO  ] : [tid=000] Created product PIXTABLE_POSITIONED_0001.fits (in place)
15:33:18 [ INFO  ] : [tid=000] Created product PIXTABLE_REDUCED_0001.fits (in place)
15:33:18 [ INFO  ] : [tid=000] 8 products created
15:33:18 [ INFO  ] : [tid=000] Recipe operation(s) took            995 seconds to complete.
15:33:18 [ INFO  ] : [tid=000] Total size of 24 raw input frames  =  9073.43 MB

15:33:18 [ INFO  ] : [tid=000] => processing rate of     9.12 MB/sec 

