
Start time     : 2019-02-19T16:38:36
Program name   : esorex
Severity level : [ INFO  ] 

16:38:36 [ INFO  ] : [tid=000] This is EsoRex, version 3.13.1
16:38:36 [ INFO  ] : [tid=000] using the libraries: CPL = 7.1, CFITSIO = 3.36, WCSLIB = 4.24, FFTW (normal precision) = 3.3.4-sse2, FFTW (single precision) = 3.3.4-sse2, CPL FLOP counting is unavailable, enable with -DCPL_ADD_FLOPS, OPENMP = 200805
16:38:36 [ INFO  ] : [tid=000] Invocation command line was: esorex --recipe-config=/home/mmarcano/Documents/ReduceMUSE2017/Observation1/config/muse_twilight.rc --log-file=twilight.log muse_twilight /home/mmarcano/Documents/ReduceMUSE2017/Observation1/data/sof/twilight.sof
16:38:36 [ INFO  ] muse_processing_recipeinfo: [tid=000] MUSE Instrument Pipeline v2.6
16:38:36 [ INFO  ] muse_table_load: [tid=000] Loaded table from file "/home/mmarcano/Documents/ReduceMUSE2017/Observation1/data/data_with_raw_calibs/M.MUSE.2017-05-02T10:33:34.610.fits" (ext 1).
16:38:36 [ INFO  ] muse_table_load: [tid=000] Loaded table from file "/home/mmarcano/Documents/ReduceMUSE2017/Observation1/data/TRACE_TABLE.fits[CHAN01]" (ext 1).
16:38:36 [ INFO  ] muse_table_load: [tid=001] Loaded table from file "/home/mmarcano/Documents/ReduceMUSE2017/Observation1/data/TRACE_TABLE.fits[CHAN02]" (ext 2).
16:38:36 [ INFO  ] muse_table_load: [tid=002] Loaded table from file "/home/mmarcano/Documents/ReduceMUSE2017/Observation1/data/TRACE_TABLE.fits[CHAN03]" (ext 3).
16:38:36 [ INFO  ] muse_table_load: [tid=004] Loaded table from file "/home/mmarcano/Documents/ReduceMUSE2017/Observation1/data/TRACE_TABLE.fits[CHAN05]" (ext 5).
16:38:36 [ INFO  ] muse_table_load: [tid=005] Loaded table from file "/home/mmarcano/Documents/ReduceMUSE2017/Observation1/data/TRACE_TABLE.fits[CHAN06]" (ext 6).
16:38:36 [ INFO  ] muse_table_load: [tid=003] Loaded table from file "/home/mmarcano/Documents/ReduceMUSE2017/Observation1/data/TRACE_TABLE.fits[CHAN04]" (ext 4).
16:38:36 [ INFO  ] muse_table_load: [tid=006] Loaded table from file "/home/mmarcano/Documents/ReduceMUSE2017/Observation1/data/TRACE_TABLE.fits[CHAN07]" (ext 7).
16:38:36 [ INFO  ] muse_table_load: [tid=007] Loaded table from file "/home/mmarcano/Documents/ReduceMUSE2017/Observation1/data/TRACE_TABLE.fits[CHAN08]" (ext 8).
16:38:36 [ INFO  ] muse_table_load: [tid=010] Loaded table from file "/home/mmarcano/Documents/ReduceMUSE2017/Observation1/data/TRACE_TABLE.fits[CHAN11]" (ext 11).
16:38:36 [ INFO  ] muse_table_load: [tid=012] Loaded table from file "/home/mmarcano/Documents/ReduceMUSE2017/Observation1/data/TRACE_TABLE.fits[CHAN13]" (ext 13).
16:38:36 [ INFO  ] muse_table_load: [tid=011] Loaded table from file "/home/mmarcano/Documents/ReduceMUSE2017/Observation1/data/TRACE_TABLE.fits[CHAN12]" (ext 12).
16:38:36 [ INFO  ] muse_table_load: [tid=008] Loaded table from file "/home/mmarcano/Documents/ReduceMUSE2017/Observation1/data/TRACE_TABLE.fits[CHAN09]" (ext 9).
16:38:36 [ INFO  ] muse_table_load: [tid=013] Loaded table from file "/home/mmarcano/Documents/ReduceMUSE2017/Observation1/data/TRACE_TABLE.fits[CHAN14]" (ext 14).
16:38:36 [ INFO  ] muse_table_load: [tid=009] Loaded table from file "/home/mmarcano/Documents/ReduceMUSE2017/Observation1/data/TRACE_TABLE.fits[CHAN10]" (ext 10).
16:38:36 [ INFO  ] muse_table_load: [tid=014] Loaded table from file "/home/mmarcano/Documents/ReduceMUSE2017/Observation1/data/TRACE_TABLE.fits[CHAN15]" (ext 15).
16:38:36 [ INFO  ] muse_table_load: [tid=015] Loaded table from file "/home/mmarcano/Documents/ReduceMUSE2017/Observation1/data/TRACE_TABLE.fits[CHAN16]" (ext 16).
16:38:36 [ INFO  ] muse_table_load: [tid=000] Loaded table from file "/home/mmarcano/Documents/ReduceMUSE2017/Observation1/data/WAVECAL_TABLE.fits[CHAN01]" (ext 1).
16:38:36 [ INFO  ] muse_table_load: [tid=016] Loaded table from file "/home/mmarcano/Documents/ReduceMUSE2017/Observation1/data/TRACE_TABLE.fits[CHAN17]" (ext 17).
16:38:36 [ INFO  ] muse_table_load: [tid=017] Loaded table from file "/home/mmarcano/Documents/ReduceMUSE2017/Observation1/data/TRACE_TABLE.fits[CHAN18]" (ext 18).
16:38:36 [ INFO  ] muse_table_load: [tid=001] Loaded table from file "/home/mmarcano/Documents/ReduceMUSE2017/Observation1/data/WAVECAL_TABLE.fits[CHAN02]" (ext 2).
16:38:36 [ INFO  ] muse_table_load: [tid=018] Loaded table from file "/home/mmarcano/Documents/ReduceMUSE2017/Observation1/data/TRACE_TABLE.fits[CHAN19]" (ext 19).
16:38:36 [ INFO  ] muse_table_load: [tid=022] Loaded table from file "/home/mmarcano/Documents/ReduceMUSE2017/Observation1/data/TRACE_TABLE.fits[CHAN23]" (ext 23).
16:38:36 [ INFO  ] muse_table_load: [tid=019] Loaded table from file "/home/mmarcano/Documents/ReduceMUSE2017/Observation1/data/TRACE_TABLE.fits[CHAN20]" (ext 20).
16:38:36 [ INFO  ] muse_table_load: [tid=023] Loaded table from file "/home/mmarcano/Documents/ReduceMUSE2017/Observation1/data/TRACE_TABLE.fits[CHAN24]" (ext 24).
16:38:36 [ INFO  ] muse_table_load: [tid=020] Loaded table from file "/home/mmarcano/Documents/ReduceMUSE2017/Observation1/data/TRACE_TABLE.fits[CHAN21]" (ext 21).
16:38:36 [ INFO  ] muse_table_load: [tid=021] Loaded table from file "/home/mmarcano/Documents/ReduceMUSE2017/Observation1/data/TRACE_TABLE.fits[CHAN22]" (ext 22).
16:38:36 [ INFO  ] muse_table_load: [tid=002] Loaded table from file "/home/mmarcano/Documents/ReduceMUSE2017/Observation1/data/WAVECAL_TABLE.fits[CHAN03]" (ext 3).
16:38:36 [ INFO  ] muse_table_load: [tid=004] Loaded table from file "/home/mmarcano/Documents/ReduceMUSE2017/Observation1/data/WAVECAL_TABLE.fits[CHAN05]" (ext 5).
16:38:36 [ INFO  ] muse_table_load: [tid=005] Loaded table from file "/home/mmarcano/Documents/ReduceMUSE2017/Observation1/data/WAVECAL_TABLE.fits[CHAN06]" (ext 6).
16:38:36 [ INFO  ] muse_table_load: [tid=003] Loaded table from file "/home/mmarcano/Documents/ReduceMUSE2017/Observation1/data/WAVECAL_TABLE.fits[CHAN04]" (ext 4).
16:38:36 [ INFO  ] muse_table_load: [tid=006] Loaded table from file "/home/mmarcano/Documents/ReduceMUSE2017/Observation1/data/WAVECAL_TABLE.fits[CHAN07]" (ext 7).
16:38:36 [ INFO  ] muse_table_load: [tid=007] Loaded table from file "/home/mmarcano/Documents/ReduceMUSE2017/Observation1/data/WAVECAL_TABLE.fits[CHAN08]" (ext 8).
16:38:36 [ INFO  ] muse_table_load: [tid=010] Loaded table from file "/home/mmarcano/Documents/ReduceMUSE2017/Observation1/data/WAVECAL_TABLE.fits[CHAN11]" (ext 11).
16:38:36 [ INFO  ] muse_table_load: [tid=008] Loaded table from file "/home/mmarcano/Documents/ReduceMUSE2017/Observation1/data/WAVECAL_TABLE.fits[CHAN09]" (ext 9).
16:38:36 [ INFO  ] muse_table_load: [tid=009] Loaded table from file "/home/mmarcano/Documents/ReduceMUSE2017/Observation1/data/WAVECAL_TABLE.fits[CHAN10]" (ext 10).
16:38:36 [ INFO  ] muse_table_load: [tid=011] Loaded table from file "/home/mmarcano/Documents/ReduceMUSE2017/Observation1/data/WAVECAL_TABLE.fits[CHAN12]" (ext 12).
16:38:36 [ INFO  ] muse_table_load: [tid=012] Loaded table from file "/home/mmarcano/Documents/ReduceMUSE2017/Observation1/data/WAVECAL_TABLE.fits[CHAN13]" (ext 13).
16:38:36 [ INFO  ] muse_table_load: [tid=013] Loaded table from file "/home/mmarcano/Documents/ReduceMUSE2017/Observation1/data/WAVECAL_TABLE.fits[CHAN14]" (ext 14).
16:38:36 [ INFO  ] muse_table_load: [tid=014] Loaded table from file "/home/mmarcano/Documents/ReduceMUSE2017/Observation1/data/WAVECAL_TABLE.fits[CHAN15]" (ext 15).
16:38:36 [ INFO  ] muse_table_load: [tid=015] Loaded table from file "/home/mmarcano/Documents/ReduceMUSE2017/Observation1/data/WAVECAL_TABLE.fits[CHAN16]" (ext 16).
16:38:37 [ INFO  ] muse_table_load: [tid=016] Loaded table from file "/home/mmarcano/Documents/ReduceMUSE2017/Observation1/data/WAVECAL_TABLE.fits[CHAN17]" (ext 17).
16:38:37 [ INFO  ] muse_table_load: [tid=017] Loaded table from file "/home/mmarcano/Documents/ReduceMUSE2017/Observation1/data/WAVECAL_TABLE.fits[CHAN18]" (ext 18).
16:38:37 [ INFO  ] muse_table_load: [tid=018] Loaded table from file "/home/mmarcano/Documents/ReduceMUSE2017/Observation1/data/WAVECAL_TABLE.fits[CHAN19]" (ext 19).
16:38:37 [ INFO  ] muse_table_load: [tid=019] Loaded table from file "/home/mmarcano/Documents/ReduceMUSE2017/Observation1/data/WAVECAL_TABLE.fits[CHAN20]" (ext 20).
16:38:37 [ INFO  ] muse_table_load: [tid=022] Loaded table from file "/home/mmarcano/Documents/ReduceMUSE2017/Observation1/data/WAVECAL_TABLE.fits[CHAN23]" (ext 23).
16:38:37 [ INFO  ] muse_table_load: [tid=020] Loaded table from file "/home/mmarcano/Documents/ReduceMUSE2017/Observation1/data/WAVECAL_TABLE.fits[CHAN21]" (ext 21).
16:38:37 [ INFO  ] muse_table_load: [tid=023] Loaded table from file "/home/mmarcano/Documents/ReduceMUSE2017/Observation1/data/WAVECAL_TABLE.fits[CHAN24]" (ext 24).
16:38:37 [ INFO  ] muse_table_load: [tid=021] Loaded table from file "/home/mmarcano/Documents/ReduceMUSE2017/Observation1/data/WAVECAL_TABLE.fits[CHAN22]" (ext 22).
16:38:38 [ INFO  ] muse_image_load_from_raw: [tid=002] loaded "/home/mmarcano/Documents/ReduceMUSE2017/Observation1/data/data_with_raw_calibs/MUSE.2017-06-01T21:57:19.120.fits[CHAN03]" (extension 6)
16:38:39 [ INFO  ] muse_image_load_from_raw: [tid=004] loaded "/home/mmarcano/Documents/ReduceMUSE2017/Observation1/data/data_with_raw_calibs/MUSE.2017-06-01T21:57:19.120.fits[CHAN05]" (extension 5)
16:38:40 [ INFO  ] muse_image_load_from_raw: [tid=002] loaded "/home/mmarcano/Documents/ReduceMUSE2017/Observation1/data/data_with_raw_calibs/MUSE.2017-06-01T21:58:39.120.fits[CHAN03]" (extension 6)
16:38:40 [ INFO  ] muse_image_load_from_raw: [tid=001] loaded "/home/mmarcano/Documents/ReduceMUSE2017/Observation1/data/data_with_raw_calibs/MUSE.2017-06-01T21:57:19.120.fits[CHAN02]" (extension 12)
16:38:42 [ INFO  ] muse_image_load_from_raw: [tid=004] loaded "/home/mmarcano/Documents/ReduceMUSE2017/Observation1/data/data_with_raw_calibs/MUSE.2017-06-01T21:58:39.120.fits[CHAN05]" (extension 5)
16:38:42 [ INFO  ] muse_image_load_from_raw: [tid=002] loaded "/home/mmarcano/Documents/ReduceMUSE2017/Observation1/data/data_with_raw_calibs/MUSE.2017-06-01T21:59:59.121.fits[CHAN03]" (extension 6)
16:38:49 [ INFO  ] muse_image_load_from_raw: [tid=001] loaded "/home/mmarcano/Documents/ReduceMUSE2017/Observation1/data/data_with_raw_calibs/MUSE.2017-06-01T21:58:39.120.fits[CHAN02]" (extension 12)
16:38:51 [ INFO  ] muse_image_load_from_raw: [tid=004] loaded "/home/mmarcano/Documents/ReduceMUSE2017/Observation1/data/data_with_raw_calibs/MUSE.2017-06-01T21:59:59.121.fits[CHAN05]" (extension 5)
16:38:52 [ INFO  ] muse_image_load_from_raw: [tid=002] loaded "/home/mmarcano/Documents/ReduceMUSE2017/Observation1/data/data_with_raw_calibs/MUSE.2017-06-01T22:01:19.119.fits[CHAN03]" (extension 6)
16:38:52 [ INFO  ] muse_image_load_from_raw: [tid=007] loaded "/home/mmarcano/Documents/ReduceMUSE2017/Observation1/data/data_with_raw_calibs/MUSE.2017-06-01T21:57:19.120.fits[CHAN08]" (extension 11)
16:38:52 [ INFO  ] muse_image_load_from_raw: [tid=010] loaded "/home/mmarcano/Documents/ReduceMUSE2017/Observation1/data/data_with_raw_calibs/MUSE.2017-06-01T21:57:19.120.fits[CHAN11]" (extension 4)
16:38:53 [ INFO  ] muse_image_load_from_raw: [tid=000] loaded "/home/mmarcano/Documents/ReduceMUSE2017/Observation1/data/data_with_raw_calibs/MUSE.2017-06-01T21:57:19.120.fits[CHAN01]" (extension 18)
16:38:53 [ INFO  ] muse_image_load_from_raw: [tid=001] loaded "/home/mmarcano/Documents/ReduceMUSE2017/Observation1/data/data_with_raw_calibs/MUSE.2017-06-01T21:59:59.121.fits[CHAN02]" (extension 12)
16:38:54 [ INFO  ] muse_image_load_from_raw: [tid=009] loaded "/home/mmarcano/Documents/ReduceMUSE2017/Observation1/data/data_with_raw_calibs/MUSE.2017-06-01T21:57:19.120.fits[CHAN10]" (extension 10)
16:38:54 [ INFO  ] muse_image_load_from_raw: [tid=004] loaded "/home/mmarcano/Documents/ReduceMUSE2017/Observation1/data/data_with_raw_calibs/MUSE.2017-06-01T22:01:19.119.fits[CHAN05]" (extension 5)
16:38:55 [ INFO  ] muse_image_load_from_raw: [tid=006] loaded "/home/mmarcano/Documents/ReduceMUSE2017/Observation1/data/data_with_raw_calibs/MUSE.2017-06-01T21:57:19.120.fits[CHAN07]" (extension 17)
16:38:55 [ INFO  ] muse_image_load_from_raw: [tid=007] loaded "/home/mmarcano/Documents/ReduceMUSE2017/Observation1/data/data_with_raw_calibs/MUSE.2017-06-01T21:58:39.120.fits[CHAN08]" (extension 11)
16:38:56 [ INFO  ] muse_image_load_from_raw: [tid=002] loaded "/home/mmarcano/Documents/ReduceMUSE2017/Observation1/data/data_with_raw_calibs/MUSE.2017-06-01T22:02:38.124.fits[CHAN03]" (extension 6)
16:38:58 [ INFO  ] muse_image_load_from_raw: [tid=010] loaded "/home/mmarcano/Documents/ReduceMUSE2017/Observation1/data/data_with_raw_calibs/MUSE.2017-06-01T21:58:39.120.fits[CHAN11]" (extension 4)
16:38:59 [ INFO  ] muse_image_load_from_raw: [tid=014] loaded "/home/mmarcano/Documents/ReduceMUSE2017/Observation1/data/data_with_raw_calibs/MUSE.2017-06-01T21:57:19.120.fits[CHAN15]" (extension 3)
16:38:59 [ INFO  ] muse_image_load_from_raw: [tid=001] loaded "/home/mmarcano/Documents/ReduceMUSE2017/Observation1/data/data_with_raw_calibs/MUSE.2017-06-01T22:01:19.119.fits[CHAN02]" (extension 12)
16:39:00 [ INFO  ] muse_image_load_from_raw: [tid=000] loaded "/home/mmarcano/Documents/ReduceMUSE2017/Observation1/data/data_with_raw_calibs/MUSE.2017-06-01T21:58:39.120.fits[CHAN01]" (extension 18)
16:39:00 [ INFO  ] muse_image_load_from_raw: [tid=008] loaded "/home/mmarcano/Documents/ReduceMUSE2017/Observation1/data/data_with_raw_calibs/MUSE.2017-06-01T21:57:19.120.fits[CHAN09]" (extension 16)
16:39:04 [ INFO  ] muse_image_load_from_raw: [tid=007] loaded "/home/mmarcano/Documents/ReduceMUSE2017/Observation1/data/data_with_raw_calibs/MUSE.2017-06-01T21:59:59.121.fits[CHAN08]" (extension 11)
16:39:05 [ INFO  ] muse_image_load_from_raw: [tid=004] loaded "/home/mmarcano/Documents/ReduceMUSE2017/Observation1/data/data_with_raw_calibs/MUSE.2017-06-01T22:02:38.124.fits[CHAN05]" (extension 5)
16:39:05 [ INFO  ] muse_image_load_from_raw: [tid=013] loaded "/home/mmarcano/Documents/ReduceMUSE2017/Observation1/data/data_with_raw_calibs/MUSE.2017-06-01T21:57:19.120.fits[CHAN14]" (extension 9)
16:39:06 [ INFO  ] muse_image_load_from_raw: [tid=005] loaded "/home/mmarcano/Documents/ReduceMUSE2017/Observation1/data/data_with_raw_calibs/MUSE.2017-06-01T21:57:19.120.fits[CHAN06]" (extension 23)
16:39:06 [ INFO  ] muse_image_load_from_raw: [tid=008] loaded "/home/mmarcano/Documents/ReduceMUSE2017/Observation1/data/data_with_raw_calibs/MUSE.2017-06-01T21:58:39.120.fits[CHAN09]" (extension 16)
16:39:07 [ INFO  ] muse_image_load_from_raw: [tid=009] loaded "/home/mmarcano/Documents/ReduceMUSE2017/Observation1/data/data_with_raw_calibs/MUSE.2017-06-01T21:58:39.120.fits[CHAN10]" (extension 10)
16:39:07 [ INFO  ] muse_image_load_from_raw: [tid=006] loaded "/home/mmarcano/Documents/ReduceMUSE2017/Observation1/data/data_with_raw_calibs/MUSE.2017-06-01T21:58:39.120.fits[CHAN07]" (extension 17)
16:39:07 [ INFO  ] muse_image_load_from_raw: [tid=014] loaded "/home/mmarcano/Documents/ReduceMUSE2017/Observation1/data/data_with_raw_calibs/MUSE.2017-06-01T21:58:39.120.fits[CHAN15]" (extension 3)
16:39:08 [ INFO  ] muse_image_load_from_raw: [tid=002] loaded "/home/mmarcano/Documents/ReduceMUSE2017/Observation1/data/data_with_raw_calibs/MUSE.2017-06-01T22:03:58.120.fits[CHAN03]" (extension 6)
16:39:08 [ INFO  ] muse_image_load_from_raw: [tid=016] loaded "/home/mmarcano/Documents/ReduceMUSE2017/Observation1/data/data_with_raw_calibs/MUSE.2017-06-01T21:57:19.120.fits[CHAN17]" (extension 2)
16:39:08 [ INFO  ] muse_image_load_from_raw: [tid=001] loaded "/home/mmarcano/Documents/ReduceMUSE2017/Observation1/data/data_with_raw_calibs/MUSE.2017-06-01T22:02:38.124.fits[CHAN02]" (extension 12)
16:39:11 [ INFO  ] muse_image_load_from_raw: [tid=003] loaded "/home/mmarcano/Documents/ReduceMUSE2017/Observation1/data/data_with_raw_calibs/MUSE.2017-06-01T21:57:19.120.fits[CHAN04]" (extension 24)
16:39:15 [ INFO  ] muse_image_load_from_raw: [tid=012] loaded "/home/mmarcano/Documents/ReduceMUSE2017/Observation1/data/data_with_raw_calibs/MUSE.2017-06-01T21:57:19.120.fits[CHAN13]" (extension 15)
16:39:15 [ INFO  ] muse_image_load_from_raw: [tid=010] loaded "/home/mmarcano/Documents/ReduceMUSE2017/Observation1/data/data_with_raw_calibs/MUSE.2017-06-01T21:59:59.121.fits[CHAN11]" (extension 4)
16:39:17 [ INFO  ] muse_image_load_from_raw: [tid=000] loaded "/home/mmarcano/Documents/ReduceMUSE2017/Observation1/data/data_with_raw_calibs/MUSE.2017-06-01T21:59:59.121.fits[CHAN01]" (extension 18)
16:39:17 [ INFO  ] muse_image_load_from_raw: [tid=022] loaded "/home/mmarcano/Documents/ReduceMUSE2017/Observation1/data/data_with_raw_calibs/MUSE.2017-06-01T21:57:19.120.fits[CHAN23]" (extension 1)
16:39:18 [ INFO  ] muse_image_load_from_raw: [tid=007] loaded "/home/mmarcano/Documents/ReduceMUSE2017/Observation1/data/data_with_raw_calibs/MUSE.2017-06-01T22:01:19.119.fits[CHAN08]" (extension 11)
16:39:21 [ INFO  ] muse_image_load_from_raw: [tid=005] loaded "/home/mmarcano/Documents/ReduceMUSE2017/Observation1/data/data_with_raw_calibs/MUSE.2017-06-01T21:58:39.120.fits[CHAN06]" (extension 23)
16:39:21 [ INFO  ] muse_image_load_from_raw: [tid=003] loaded "/home/mmarcano/Documents/ReduceMUSE2017/Observation1/data/data_with_raw_calibs/MUSE.2017-06-01T21:58:39.120.fits[CHAN04]" (extension 24)
16:39:23 [ INFO  ] muse_image_load_from_raw: [tid=009] loaded "/home/mmarcano/Documents/ReduceMUSE2017/Observation1/data/data_with_raw_calibs/MUSE.2017-06-01T21:59:59.121.fits[CHAN10]" (extension 10)
16:39:23 [ INFO  ] muse_image_load_from_raw: [tid=013] loaded "/home/mmarcano/Documents/ReduceMUSE2017/Observation1/data/data_with_raw_calibs/MUSE.2017-06-01T21:58:39.120.fits[CHAN14]" (extension 9)
16:39:23 [ INFO  ] muse_image_load_from_raw: [tid=004] loaded "/home/mmarcano/Documents/ReduceMUSE2017/Observation1/data/data_with_raw_calibs/MUSE.2017-06-01T22:03:58.120.fits[CHAN05]" (extension 5)
16:39:26 [ INFO  ] muse_image_load_from_raw: [tid=016] loaded "/home/mmarcano/Documents/ReduceMUSE2017/Observation1/data/data_with_raw_calibs/MUSE.2017-06-01T21:58:39.120.fits[CHAN17]" (extension 2)
16:39:26 [ INFO  ] muse_image_load_from_raw: [tid=019] loaded "/home/mmarcano/Documents/ReduceMUSE2017/Observation1/data/data_with_raw_calibs/MUSE.2017-06-01T21:57:19.120.fits[CHAN20]" (extension 8)
16:39:26 [ INFO  ] muse_image_load_from_raw: [tid=008] loaded "/home/mmarcano/Documents/ReduceMUSE2017/Observation1/data/data_with_raw_calibs/MUSE.2017-06-01T21:59:59.121.fits[CHAN09]" (extension 16)
16:39:26 [ INFO  ] muse_image_load_from_raw: [tid=012] loaded "/home/mmarcano/Documents/ReduceMUSE2017/Observation1/data/data_with_raw_calibs/MUSE.2017-06-01T21:58:39.120.fits[CHAN13]" (extension 15)
16:39:26 [ INFO  ] muse_image_load_from_raw: [tid=002] loaded "/home/mmarcano/Documents/ReduceMUSE2017/Observation1/data/data_with_raw_calibs/MUSE.2017-06-01T22:05:18.122.fits[CHAN03]" (extension 6)
16:39:27 [ INFO  ] muse_image_load_from_raw: [tid=011] loaded "/home/mmarcano/Documents/ReduceMUSE2017/Observation1/data/data_with_raw_calibs/MUSE.2017-06-01T21:57:19.120.fits[CHAN12]" (extension 22)
16:39:29 [ INFO  ] muse_image_load_from_raw: [tid=015] loaded "/home/mmarcano/Documents/ReduceMUSE2017/Observation1/data/data_with_raw_calibs/MUSE.2017-06-01T21:57:19.120.fits[CHAN16]" (extension 21)
16:39:29 [ INFO  ] muse_image_load_from_raw: [tid=020] loaded "/home/mmarcano/Documents/ReduceMUSE2017/Observation1/data/data_with_raw_calibs/MUSE.2017-06-01T21:57:19.120.fits[CHAN21]" (extension 13)
16:39:29 [ INFO  ] muse_image_load_from_raw: [tid=001] loaded "/home/mmarcano/Documents/ReduceMUSE2017/Observation1/data/data_with_raw_calibs/MUSE.2017-06-01T22:03:58.120.fits[CHAN02]" (extension 12)
16:39:29 [ INFO  ] muse_image_load_from_raw: [tid=014] loaded "/home/mmarcano/Documents/ReduceMUSE2017/Observation1/data/data_with_raw_calibs/MUSE.2017-06-01T21:59:59.121.fits[CHAN15]" (extension 3)
16:39:29 [ INFO  ] muse_image_load_from_raw: [tid=010] loaded "/home/mmarcano/Documents/ReduceMUSE2017/Observation1/data/data_with_raw_calibs/MUSE.2017-06-01T22:01:19.119.fits[CHAN11]" (extension 4)
16:39:32 [ INFO  ] muse_image_load_from_raw: [tid=006] loaded "/home/mmarcano/Documents/ReduceMUSE2017/Observation1/data/data_with_raw_calibs/MUSE.2017-06-01T21:59:59.121.fits[CHAN07]" (extension 17)
16:39:32 [ INFO  ] muse_image_load_from_raw: [tid=018] loaded "/home/mmarcano/Documents/ReduceMUSE2017/Observation1/data/data_with_raw_calibs/MUSE.2017-06-01T21:57:19.120.fits[CHAN19]" (extension 14)
16:39:32 [ INFO  ] muse_image_load_from_raw: [tid=005] loaded "/home/mmarcano/Documents/ReduceMUSE2017/Observation1/data/data_with_raw_calibs/MUSE.2017-06-01T21:59:59.121.fits[CHAN06]" (extension 23)
16:39:33 [ INFO  ] muse_image_load_from_raw: [tid=009] loaded "/home/mmarcano/Documents/ReduceMUSE2017/Observation1/data/data_with_raw_calibs/MUSE.2017-06-01T22:01:19.119.fits[CHAN10]" (extension 10)
16:39:34 [ INFO  ] muse_image_load_from_raw: [tid=000] loaded "/home/mmarcano/Documents/ReduceMUSE2017/Observation1/data/data_with_raw_calibs/MUSE.2017-06-01T22:01:19.119.fits[CHAN01]" (extension 18)
16:39:36 [ INFO  ] muse_image_load_from_raw: [tid=013] loaded "/home/mmarcano/Documents/ReduceMUSE2017/Observation1/data/data_with_raw_calibs/MUSE.2017-06-01T21:59:59.121.fits[CHAN14]" (extension 9)
16:39:36 [ INFO  ] muse_image_load_from_raw: [tid=012] loaded "/home/mmarcano/Documents/ReduceMUSE2017/Observation1/data/data_with_raw_calibs/MUSE.2017-06-01T21:59:59.121.fits[CHAN13]" (extension 15)
16:39:36 [ INFO  ] muse_image_load_from_raw: [tid=019] loaded "/home/mmarcano/Documents/ReduceMUSE2017/Observation1/data/data_with_raw_calibs/MUSE.2017-06-01T21:58:39.120.fits[CHAN20]" (extension 8)
16:39:36 [ INFO  ] muse_image_load_from_raw: [tid=016] loaded "/home/mmarcano/Documents/ReduceMUSE2017/Observation1/data/data_with_raw_calibs/MUSE.2017-06-01T21:59:59.121.fits[CHAN17]" (extension 2)
16:39:36 [ INFO  ] muse_image_load_from_raw: [tid=007] loaded "/home/mmarcano/Documents/ReduceMUSE2017/Observation1/data/data_with_raw_calibs/MUSE.2017-06-01T22:02:38.124.fits[CHAN08]" (extension 11)
16:39:37 [ INFO  ] muse_image_load_from_raw: [tid=014] loaded "/home/mmarcano/Documents/ReduceMUSE2017/Observation1/data/data_with_raw_calibs/MUSE.2017-06-01T22:01:19.119.fits[CHAN15]" (extension 3)
16:39:40 [ INFO  ] muse_image_load_from_raw: [tid=015] loaded "/home/mmarcano/Documents/ReduceMUSE2017/Observation1/data/data_with_raw_calibs/MUSE.2017-06-01T21:58:39.120.fits[CHAN16]" (extension 21)
16:39:40 [ INFO  ] muse_image_load_from_raw: [tid=022] loaded "/home/mmarcano/Documents/ReduceMUSE2017/Observation1/data/data_with_raw_calibs/MUSE.2017-06-01T21:58:39.120.fits[CHAN23]" (extension 1)
16:39:42 [ INFO  ] muse_image_load_from_raw: [tid=003] loaded "/home/mmarcano/Documents/ReduceMUSE2017/Observation1/data/data_with_raw_calibs/MUSE.2017-06-01T21:59:59.121.fits[CHAN04]" (extension 24)
16:39:42 [ INFO  ] muse_image_load_from_raw: [tid=011] loaded "/home/mmarcano/Documents/ReduceMUSE2017/Observation1/data/data_with_raw_calibs/MUSE.2017-06-01T21:58:39.120.fits[CHAN12]" (extension 22)
16:39:46 [ INFO  ] muse_image_load_from_raw: [tid=021] loaded "/home/mmarcano/Documents/ReduceMUSE2017/Observation1/data/data_with_raw_calibs/MUSE.2017-06-01T21:57:19.120.fits[CHAN22]" (extension 7)
16:39:50 [ INFO  ] muse_image_load_from_raw: [tid=018] loaded "/home/mmarcano/Documents/ReduceMUSE2017/Observation1/data/data_with_raw_calibs/MUSE.2017-06-01T21:58:39.120.fits[CHAN19]" (extension 14)
16:39:50 [ INFO  ] muse_image_load_from_raw: [tid=020] loaded "/home/mmarcano/Documents/ReduceMUSE2017/Observation1/data/data_with_raw_calibs/MUSE.2017-06-01T21:58:39.120.fits[CHAN21]" (extension 13)
16:39:50 [ INFO  ] muse_image_load_from_raw: [tid=004] loaded "/home/mmarcano/Documents/ReduceMUSE2017/Observation1/data/data_with_raw_calibs/MUSE.2017-06-01T22:05:18.122.fits[CHAN05]" (extension 5)
16:39:50 [ INFO  ] muse_image_load_from_raw: [tid=002] loaded "/home/mmarcano/Documents/ReduceMUSE2017/Observation1/data/data_with_raw_calibs/MUSE.2017-06-01T22:06:38.119.fits[CHAN03]" (extension 6)
16:39:50 [ INFO  ] muse_image_load_from_raw: [tid=008] loaded "/home/mmarcano/Documents/ReduceMUSE2017/Observation1/data/data_with_raw_calibs/MUSE.2017-06-01T22:01:19.119.fits[CHAN09]" (extension 16)
16:39:50 [ INFO  ] muse_image_load_from_raw: [tid=006] loaded "/home/mmarcano/Documents/ReduceMUSE2017/Observation1/data/data_with_raw_calibs/MUSE.2017-06-01T22:01:19.119.fits[CHAN07]" (extension 17)
16:39:52 [ INFO  ] muse_image_load_from_raw: [tid=017] loaded "/home/mmarcano/Documents/ReduceMUSE2017/Observation1/data/data_with_raw_calibs/MUSE.2017-06-01T21:57:19.120.fits[CHAN18]" (extension 20)
16:39:52 [ INFO  ] muse_image_load_from_raw: [tid=010] loaded "/home/mmarcano/Documents/ReduceMUSE2017/Observation1/data/data_with_raw_calibs/MUSE.2017-06-01T22:02:38.124.fits[CHAN11]" (extension 4)
16:39:54 [ INFO  ] muse_image_load_from_raw: [tid=013] loaded "/home/mmarcano/Documents/ReduceMUSE2017/Observation1/data/data_with_raw_calibs/MUSE.2017-06-01T22:01:19.119.fits[CHAN14]" (extension 9)
16:39:54 [ INFO  ] muse_image_load_from_raw: [tid=001] loaded "/home/mmarcano/Documents/ReduceMUSE2017/Observation1/data/data_with_raw_calibs/MUSE.2017-06-01T22:05:18.122.fits[CHAN02]" (extension 12)
16:39:54 [ INFO  ] muse_image_load_from_raw: [tid=000] loaded "/home/mmarcano/Documents/ReduceMUSE2017/Observation1/data/data_with_raw_calibs/MUSE.2017-06-01T22:02:38.124.fits[CHAN01]" (extension 18)
16:39:54 [ INFO  ] muse_image_load_from_raw: [tid=007] loaded "/home/mmarcano/Documents/ReduceMUSE2017/Observation1/data/data_with_raw_calibs/MUSE.2017-06-01T22:03:58.120.fits[CHAN08]" (extension 11)
16:39:58 [ INFO  ] muse_image_load_from_raw: [tid=015] loaded "/home/mmarcano/Documents/ReduceMUSE2017/Observation1/data/data_with_raw_calibs/MUSE.2017-06-01T21:59:59.121.fits[CHAN16]" (extension 21)
16:39:58 [ INFO  ] muse_image_load_from_raw: [tid=022] loaded "/home/mmarcano/Documents/ReduceMUSE2017/Observation1/data/data_with_raw_calibs/MUSE.2017-06-01T21:59:59.121.fits[CHAN23]" (extension 1)
16:39:58 [ INFO  ] muse_image_load_from_raw: [tid=017] loaded "/home/mmarcano/Documents/ReduceMUSE2017/Observation1/data/data_with_raw_calibs/MUSE.2017-06-01T21:58:39.120.fits[CHAN18]" (extension 20)
16:39:58 [ INFO  ] muse_image_load_from_raw: [tid=023] loaded "/home/mmarcano/Documents/ReduceMUSE2017/Observation1/data/data_with_raw_calibs/MUSE.2017-06-01T21:57:19.120.fits[CHAN24]" (extension 19)
16:39:58 [ INFO  ] muse_image_load_from_raw: [tid=005] loaded "/home/mmarcano/Documents/ReduceMUSE2017/Observation1/data/data_with_raw_calibs/MUSE.2017-06-01T22:01:19.119.fits[CHAN06]" (extension 23)
16:40:00 [ INFO  ] muse_image_load_from_raw: [tid=016] loaded "/home/mmarcano/Documents/ReduceMUSE2017/Observation1/data/data_with_raw_calibs/MUSE.2017-06-01T22:01:19.119.fits[CHAN17]" (extension 2)
16:40:01 [ INFO  ] muse_image_load_from_raw: [tid=019] loaded "/home/mmarcano/Documents/ReduceMUSE2017/Observation1/data/data_with_raw_calibs/MUSE.2017-06-01T21:59:59.121.fits[CHAN20]" (extension 8)
16:40:01 [ INFO  ] muse_image_load_from_raw: [tid=009] loaded "/home/mmarcano/Documents/ReduceMUSE2017/Observation1/data/data_with_raw_calibs/MUSE.2017-06-01T22:02:38.124.fits[CHAN10]" (extension 10)
16:40:01 [ INFO  ] muse_image_load_from_raw: [tid=003] loaded "/home/mmarcano/Documents/ReduceMUSE2017/Observation1/data/data_with_raw_calibs/MUSE.2017-06-01T22:01:19.119.fits[CHAN04]" (extension 24)
16:40:01 [ INFO  ] muse_image_load_from_raw: [tid=012] loaded "/home/mmarcano/Documents/ReduceMUSE2017/Observation1/data/data_with_raw_calibs/MUSE.2017-06-01T22:01:19.119.fits[CHAN13]" (extension 15)
16:40:04 [ INFO  ] muse_image_load_from_raw: [tid=021] loaded "/home/mmarcano/Documents/ReduceMUSE2017/Observation1/data/data_with_raw_calibs/MUSE.2017-06-01T21:58:39.120.fits[CHAN22]" (extension 7)
16:40:04 [ INFO  ] muse_image_load_from_raw: [tid=011] loaded "/home/mmarcano/Documents/ReduceMUSE2017/Observation1/data/data_with_raw_calibs/MUSE.2017-06-01T21:59:59.121.fits[CHAN12]" (extension 22)
16:40:04 [ INFO  ] muse_image_load_from_raw: [tid=020] loaded "/home/mmarcano/Documents/ReduceMUSE2017/Observation1/data/data_with_raw_calibs/MUSE.2017-06-01T21:59:59.121.fits[CHAN21]" (extension 13)
16:40:04 [ INFO  ] muse_image_load_from_raw: [tid=008] loaded "/home/mmarcano/Documents/ReduceMUSE2017/Observation1/data/data_with_raw_calibs/MUSE.2017-06-01T22:02:38.124.fits[CHAN09]" (extension 16)
16:40:06 [ INFO  ] muse_image_load_from_raw: [tid=002] loaded "/home/mmarcano/Documents/ReduceMUSE2017/Observation1/data/data_with_raw_calibs/MUSE.2017-06-01T21:41:33.125.fits[CHAN03]" (extension 6)
16:40:13 [ INFO  ] muse_image_load_from_raw: [tid=014] loaded "/home/mmarcano/Documents/ReduceMUSE2017/Observation1/data/data_with_raw_calibs/MUSE.2017-06-01T22:02:38.124.fits[CHAN15]" (extension 3)
16:40:17 [ INFO  ] muse_image_load_from_raw: [tid=004] loaded "/home/mmarcano/Documents/ReduceMUSE2017/Observation1/data/data_with_raw_calibs/MUSE.2017-06-01T22:06:38.119.fits[CHAN05]" (extension 5)
16:40:19 [ INFO  ] muse_image_load_from_raw: [tid=023] loaded "/home/mmarcano/Documents/ReduceMUSE2017/Observation1/data/data_with_raw_calibs/MUSE.2017-06-01T21:58:39.120.fits[CHAN24]" (extension 19)
16:40:20 [ INFO  ] muse_image_load_from_raw: [tid=018] loaded "/home/mmarcano/Documents/ReduceMUSE2017/Observation1/data/data_with_raw_calibs/MUSE.2017-06-01T21:59:59.121.fits[CHAN19]" (extension 14)
16:40:20 [ INFO  ] muse_image_load_from_raw: [tid=006] loaded "/home/mmarcano/Documents/ReduceMUSE2017/Observation1/data/data_with_raw_calibs/MUSE.2017-06-01T22:02:38.124.fits[CHAN07]" (extension 17)
16:40:20 [ INFO  ] muse_image_load_from_raw: [tid=000] loaded "/home/mmarcano/Documents/ReduceMUSE2017/Observation1/data/data_with_raw_calibs/MUSE.2017-06-01T22:03:58.120.fits[CHAN01]" (extension 18)
16:40:21 [ INFO  ] muse_image_load_from_raw: [tid=010] loaded "/home/mmarcano/Documents/ReduceMUSE2017/Observation1/data/data_with_raw_calibs/MUSE.2017-06-01T22:03:58.120.fits[CHAN11]" (extension 4)
16:40:24 [ INFO  ] muse_image_load_from_raw: [tid=009] loaded "/home/mmarcano/Documents/ReduceMUSE2017/Observation1/data/data_with_raw_calibs/MUSE.2017-06-01T22:03:58.120.fits[CHAN10]" (extension 10)
16:40:24 [ INFO  ] muse_image_load_from_raw: [tid=005] loaded "/home/mmarcano/Documents/ReduceMUSE2017/Observation1/data/data_with_raw_calibs/MUSE.2017-06-01T22:02:38.124.fits[CHAN06]" (extension 23)
16:40:24 [ INFO  ] muse_image_load_from_raw: [tid=013] loaded "/home/mmarcano/Documents/ReduceMUSE2017/Observation1/data/data_with_raw_calibs/MUSE.2017-06-01T22:02:38.124.fits[CHAN14]" (extension 9)
16:40:24 [ INFO  ] muse_image_load_from_raw: [tid=015] loaded "/home/mmarcano/Documents/ReduceMUSE2017/Observation1/data/data_with_raw_calibs/MUSE.2017-06-01T22:01:19.119.fits[CHAN16]" (extension 21)
16:40:24 [ INFO  ] muse_image_load_from_raw: [tid=001] loaded "/home/mmarcano/Documents/ReduceMUSE2017/Observation1/data/data_with_raw_calibs/MUSE.2017-06-01T22:06:38.119.fits[CHAN02]" (extension 12)
16:40:24 [ INFO  ] muse_image_load_from_raw: [tid=022] loaded "/home/mmarcano/Documents/ReduceMUSE2017/Observation1/data/data_with_raw_calibs/MUSE.2017-06-01T22:01:19.119.fits[CHAN23]" (extension 1)
16:40:28 [ INFO  ] muse_image_load_from_raw: [tid=020] loaded "/home/mmarcano/Documents/ReduceMUSE2017/Observation1/data/data_with_raw_calibs/MUSE.2017-06-01T22:01:19.119.fits[CHAN21]" (extension 13)
16:40:28 [ INFO  ] muse_image_load_from_raw: [tid=007] loaded "/home/mmarcano/Documents/ReduceMUSE2017/Observation1/data/data_with_raw_calibs/MUSE.2017-06-01T22:05:18.122.fits[CHAN08]" (extension 11)
16:40:28 [ INFO  ] muse_image_load_from_raw: [tid=003] loaded "/home/mmarcano/Documents/ReduceMUSE2017/Observation1/data/data_with_raw_calibs/MUSE.2017-06-01T22:02:38.124.fits[CHAN04]" (extension 24)
16:40:29 [ INFO  ] muse_image_load_from_raw: [tid=004] loaded "/home/mmarcano/Documents/ReduceMUSE2017/Observation1/data/data_with_raw_calibs/MUSE.2017-06-01T21:41:33.125.fits[CHAN05]" (extension 5)
16:40:40 [ INFO  ] muse_image_load_from_raw: [tid=018] loaded "/home/mmarcano/Documents/ReduceMUSE2017/Observation1/data/data_with_raw_calibs/MUSE.2017-06-01T22:01:19.119.fits[CHAN19]" (extension 14)
16:40:42 [ INFO  ] muse_image_load_from_raw: [tid=021] loaded "/home/mmarcano/Documents/ReduceMUSE2017/Observation1/data/data_with_raw_calibs/MUSE.2017-06-01T21:59:59.121.fits[CHAN22]" (extension 7)
16:40:42 [ INFO  ] muse_image_load_from_raw: [tid=011] loaded "/home/mmarcano/Documents/ReduceMUSE2017/Observation1/data/data_with_raw_calibs/MUSE.2017-06-01T22:01:19.119.fits[CHAN12]" (extension 22)
16:40:42 [ INFO  ] muse_image_load_from_raw: [tid=012] loaded "/home/mmarcano/Documents/ReduceMUSE2017/Observation1/data/data_with_raw_calibs/MUSE.2017-06-01T22:02:38.124.fits[CHAN13]" (extension 15)
16:40:43 [ INFO  ] muse_image_load_from_raw: [tid=019] loaded "/home/mmarcano/Documents/ReduceMUSE2017/Observation1/data/data_with_raw_calibs/MUSE.2017-06-01T22:01:19.119.fits[CHAN20]" (extension 8)
16:40:43 [ INFO  ] muse_image_load_from_raw: [tid=016] loaded "/home/mmarcano/Documents/ReduceMUSE2017/Observation1/data/data_with_raw_calibs/MUSE.2017-06-01T22:02:38.124.fits[CHAN17]" (extension 2)
16:40:45 [ INFO  ] muse_image_load_from_raw: [tid=017] loaded "/home/mmarcano/Documents/ReduceMUSE2017/Observation1/data/data_with_raw_calibs/MUSE.2017-06-01T21:59:59.121.fits[CHAN18]" (extension 20)
16:40:48 [ INFO  ] muse_image_load_from_raw: [tid=008] loaded "/home/mmarcano/Documents/ReduceMUSE2017/Observation1/data/data_with_raw_calibs/MUSE.2017-06-01T22:03:58.120.fits[CHAN09]" (extension 16)
16:40:48 [ INFO  ] muse_image_load_from_raw: [tid=023] loaded "/home/mmarcano/Documents/ReduceMUSE2017/Observation1/data/data_with_raw_calibs/MUSE.2017-06-01T21:59:59.121.fits[CHAN24]" (extension 19)
16:40:52 [ INFO  ] muse_image_load_from_raw: [tid=005] loaded "/home/mmarcano/Documents/ReduceMUSE2017/Observation1/data/data_with_raw_calibs/MUSE.2017-06-01T22:03:58.120.fits[CHAN06]" (extension 23)
16:40:52 [ INFO  ] muse_image_load_from_raw: [tid=020] loaded "/home/mmarcano/Documents/ReduceMUSE2017/Observation1/data/data_with_raw_calibs/MUSE.2017-06-01T22:02:38.124.fits[CHAN21]" (extension 13)
16:40:53 [ INFO  ] muse_image_load_from_raw: [tid=014] loaded "/home/mmarcano/Documents/ReduceMUSE2017/Observation1/data/data_with_raw_calibs/MUSE.2017-06-01T22:03:58.120.fits[CHAN15]" (extension 3)
16:40:54 [ INFO  ] muse_image_load_from_raw: [tid=018] loaded "/home/mmarcano/Documents/ReduceMUSE2017/Observation1/data/data_with_raw_calibs/MUSE.2017-06-01T22:02:38.124.fits[CHAN19]" (extension 14)
16:40:54 [ INFO  ] muse_image_load_from_raw: [tid=006] loaded "/home/mmarcano/Documents/ReduceMUSE2017/Observation1/data/data_with_raw_calibs/MUSE.2017-06-01T22:03:58.120.fits[CHAN07]" (extension 17)
16:40:59 [ INFO  ] muse_image_load_from_raw: [tid=003] loaded "/home/mmarcano/Documents/ReduceMUSE2017/Observation1/data/data_with_raw_calibs/MUSE.2017-06-01T22:03:58.120.fits[CHAN04]" (extension 24)
16:41:01 [ INFO  ] muse_image_load_from_raw: [tid=010] loaded "/home/mmarcano/Documents/ReduceMUSE2017/Observation1/data/data_with_raw_calibs/MUSE.2017-06-01T22:05:18.122.fits[CHAN11]" (extension 4)
16:41:01 [ INFO  ] muse_image_load_from_raw: [tid=012] loaded "/home/mmarcano/Documents/ReduceMUSE2017/Observation1/data/data_with_raw_calibs/MUSE.2017-06-01T22:03:58.120.fits[CHAN13]" (extension 15)
16:41:05 [ INFO  ] muse_image_load_from_raw: [tid=013] loaded "/home/mmarcano/Documents/ReduceMUSE2017/Observation1/data/data_with_raw_calibs/MUSE.2017-06-01T22:03:58.120.fits[CHAN14]" (extension 9)
16:41:05 [ INFO  ] muse_image_load_from_raw: [tid=015] loaded "/home/mmarcano/Documents/ReduceMUSE2017/Observation1/data/data_with_raw_calibs/MUSE.2017-06-01T22:02:38.124.fits[CHAN16]" (extension 21)
16:41:05 [ INFO  ] muse_image_load_from_raw: [tid=000] loaded "/home/mmarcano/Documents/ReduceMUSE2017/Observation1/data/data_with_raw_calibs/MUSE.2017-06-01T22:05:18.122.fits[CHAN01]" (extension 18)
16:41:06 [ INFO  ] muse_image_load_from_raw: [tid=009] loaded "/home/mmarcano/Documents/ReduceMUSE2017/Observation1/data/data_with_raw_calibs/MUSE.2017-06-01T22:05:18.122.fits[CHAN10]" (extension 10)
16:41:07 [ INFO  ] muse_image_load_from_raw: [tid=022] loaded "/home/mmarcano/Documents/ReduceMUSE2017/Observation1/data/data_with_raw_calibs/MUSE.2017-06-01T22:02:38.124.fits[CHAN23]" (extension 1)
16:41:10 [ INFO  ] muse_image_load_from_raw: [tid=021] loaded "/home/mmarcano/Documents/ReduceMUSE2017/Observation1/data/data_with_raw_calibs/MUSE.2017-06-01T22:01:19.119.fits[CHAN22]" (extension 7)
16:41:11 [ INFO  ] muse_image_load_from_raw: [tid=023] loaded "/home/mmarcano/Documents/ReduceMUSE2017/Observation1/data/data_with_raw_calibs/MUSE.2017-06-01T22:01:19.119.fits[CHAN24]" (extension 19)
16:41:13 [ INFO  ] muse_image_load_from_raw: [tid=019] loaded "/home/mmarcano/Documents/ReduceMUSE2017/Observation1/data/data_with_raw_calibs/MUSE.2017-06-01T22:02:38.124.fits[CHAN20]" (extension 8)
16:41:17 [ INFO  ] muse_image_load_from_raw: [tid=017] loaded "/home/mmarcano/Documents/ReduceMUSE2017/Observation1/data/data_with_raw_calibs/MUSE.2017-06-01T22:01:19.119.fits[CHAN18]" (extension 20)
16:41:17 [ INFO  ] muse_image_load_from_raw: [tid=014] loaded "/home/mmarcano/Documents/ReduceMUSE2017/Observation1/data/data_with_raw_calibs/MUSE.2017-06-01T22:05:18.122.fits[CHAN15]" (extension 3)
16:41:17 [ INFO  ] muse_image_load_from_raw: [tid=007] loaded "/home/mmarcano/Documents/ReduceMUSE2017/Observation1/data/data_with_raw_calibs/MUSE.2017-06-01T22:06:38.119.fits[CHAN08]" (extension 11)
16:41:19 [ INFO  ] muse_image_load_from_raw: [tid=020] loaded "/home/mmarcano/Documents/ReduceMUSE2017/Observation1/data/data_with_raw_calibs/MUSE.2017-06-01T22:03:58.120.fits[CHAN21]" (extension 13)
16:41:19 [ INFO  ] muse_image_load_from_raw: [tid=016] loaded "/home/mmarcano/Documents/ReduceMUSE2017/Observation1/data/data_with_raw_calibs/MUSE.2017-06-01T22:03:58.120.fits[CHAN17]" (extension 2)
16:41:19 [ INFO  ] muse_image_load_from_raw: [tid=001] loaded "/home/mmarcano/Documents/ReduceMUSE2017/Observation1/data/data_with_raw_calibs/MUSE.2017-06-01T21:41:33.125.fits[CHAN02]" (extension 12)
16:41:19 [ INFO  ] muse_image_load_from_raw: [tid=018] loaded "/home/mmarcano/Documents/ReduceMUSE2017/Observation1/data/data_with_raw_calibs/MUSE.2017-06-01T22:03:58.120.fits[CHAN19]" (extension 14)
16:41:21 [ INFO  ] muse_image_load_from_raw: [tid=011] loaded "/home/mmarcano/Documents/ReduceMUSE2017/Observation1/data/data_with_raw_calibs/MUSE.2017-06-01T22:02:38.124.fits[CHAN12]" (extension 22)
16:41:23 [ INFO  ] muse_image_load_from_raw: [tid=012] loaded "/home/mmarcano/Documents/ReduceMUSE2017/Observation1/data/data_with_raw_calibs/MUSE.2017-06-01T22:05:18.122.fits[CHAN13]" (extension 15)
16:41:24 [ INFO  ] muse_image_load_from_raw: [tid=013] loaded "/home/mmarcano/Documents/ReduceMUSE2017/Observation1/data/data_with_raw_calibs/MUSE.2017-06-01T22:05:18.122.fits[CHAN14]" (extension 9)
16:41:31 [ INFO  ] muse_image_load_from_raw: [tid=008] loaded "/home/mmarcano/Documents/ReduceMUSE2017/Observation1/data/data_with_raw_calibs/MUSE.2017-06-01T22:05:18.122.fits[CHAN09]" (extension 16)
16:41:32 [ INFO  ] muse_image_load_from_raw: [tid=000] loaded "/home/mmarcano/Documents/ReduceMUSE2017/Observation1/data/data_with_raw_calibs/MUSE.2017-06-01T22:06:38.119.fits[CHAN01]" (extension 18)
16:41:32 [ INFO  ] muse_image_load_from_raw: [tid=003] loaded "/home/mmarcano/Documents/ReduceMUSE2017/Observation1/data/data_with_raw_calibs/MUSE.2017-06-01T22:05:18.122.fits[CHAN04]" (extension 24)
16:41:34 [ INFO  ] muse_image_load_from_raw: [tid=014] loaded "/home/mmarcano/Documents/ReduceMUSE2017/Observation1/data/data_with_raw_calibs/MUSE.2017-06-01T22:06:38.119.fits[CHAN15]" (extension 3)
16:41:35 [ INFO  ] muse_image_load_from_raw: [tid=015] loaded "/home/mmarcano/Documents/ReduceMUSE2017/Observation1/data/data_with_raw_calibs/MUSE.2017-06-01T22:03:58.120.fits[CHAN16]" (extension 21)
16:41:39 [ INFO  ] muse_image_load_from_raw: [tid=005] loaded "/home/mmarcano/Documents/ReduceMUSE2017/Observation1/data/data_with_raw_calibs/MUSE.2017-06-01T22:05:18.122.fits[CHAN06]" (extension 23)
16:41:40 [ INFO  ] muse_image_load_from_raw: [tid=019] loaded "/home/mmarcano/Documents/ReduceMUSE2017/Observation1/data/data_with_raw_calibs/MUSE.2017-06-01T22:03:58.120.fits[CHAN20]" (extension 8)
16:41:41 [ INFO  ] muse_image_load_from_raw: [tid=006] loaded "/home/mmarcano/Documents/ReduceMUSE2017/Observation1/data/data_with_raw_calibs/MUSE.2017-06-01T22:05:18.122.fits[CHAN07]" (extension 17)
16:41:41 [ INFO  ] muse_image_load_from_raw: [tid=010] loaded "/home/mmarcano/Documents/ReduceMUSE2017/Observation1/data/data_with_raw_calibs/MUSE.2017-06-01T22:06:38.119.fits[CHAN11]" (extension 4)
16:41:41 [ INFO  ] muse_image_load_from_raw: [tid=011] loaded "/home/mmarcano/Documents/ReduceMUSE2017/Observation1/data/data_with_raw_calibs/MUSE.2017-06-01T22:03:58.120.fits[CHAN12]" (extension 22)
16:41:46 [ INFO  ] muse_image_load_from_raw: [tid=009] loaded "/home/mmarcano/Documents/ReduceMUSE2017/Observation1/data/data_with_raw_calibs/MUSE.2017-06-01T22:06:38.119.fits[CHAN10]" (extension 10)
16:41:48 [ INFO  ] muse_image_load_from_raw: [tid=021] loaded "/home/mmarcano/Documents/ReduceMUSE2017/Observation1/data/data_with_raw_calibs/MUSE.2017-06-01T22:02:38.124.fits[CHAN22]" (extension 7)
16:41:48 [ INFO  ] muse_image_load_from_raw: [tid=023] loaded "/home/mmarcano/Documents/ReduceMUSE2017/Observation1/data/data_with_raw_calibs/MUSE.2017-06-01T22:02:38.124.fits[CHAN24]" (extension 19)
16:41:48 [ INFO  ] muse_image_load_from_raw: [tid=018] loaded "/home/mmarcano/Documents/ReduceMUSE2017/Observation1/data/data_with_raw_calibs/MUSE.2017-06-01T22:05:18.122.fits[CHAN19]" (extension 14)
16:41:48 [ INFO  ] muse_image_load_from_raw: [tid=015] loaded "/home/mmarcano/Documents/ReduceMUSE2017/Observation1/data/data_with_raw_calibs/MUSE.2017-06-01T22:05:18.122.fits[CHAN16]" (extension 21)
16:41:49 [ INFO  ] muse_image_load_from_raw: [tid=022] loaded "/home/mmarcano/Documents/ReduceMUSE2017/Observation1/data/data_with_raw_calibs/MUSE.2017-06-01T22:03:58.120.fits[CHAN23]" (extension 1)
16:41:50 [ INFO  ] muse_image_load_from_raw: [tid=017] loaded "/home/mmarcano/Documents/ReduceMUSE2017/Observation1/data/data_with_raw_calibs/MUSE.2017-06-01T22:02:38.124.fits[CHAN18]" (extension 20)
16:41:51 [ INFO  ] muse_image_load_from_raw: [tid=020] loaded "/home/mmarcano/Documents/ReduceMUSE2017/Observation1/data/data_with_raw_calibs/MUSE.2017-06-01T22:05:18.122.fits[CHAN21]" (extension 13)
16:42:00 [ INFO  ] muse_image_load_from_raw: [tid=011] loaded "/home/mmarcano/Documents/ReduceMUSE2017/Observation1/data/data_with_raw_calibs/MUSE.2017-06-01T22:05:18.122.fits[CHAN12]" (extension 22)
16:42:02 [ INFO  ] muse_image_load_from_raw: [tid=016] loaded "/home/mmarcano/Documents/ReduceMUSE2017/Observation1/data/data_with_raw_calibs/MUSE.2017-06-01T22:05:18.122.fits[CHAN17]" (extension 2)
16:42:05 [ INFO  ] muse_image_load_from_raw: [tid=013] loaded "/home/mmarcano/Documents/ReduceMUSE2017/Observation1/data/data_with_raw_calibs/MUSE.2017-06-01T22:06:38.119.fits[CHAN14]" (extension 9)
16:42:05 [ INFO  ] muse_image_load_from_raw: [tid=019] loaded "/home/mmarcano/Documents/ReduceMUSE2017/Observation1/data/data_with_raw_calibs/MUSE.2017-06-01T22:05:18.122.fits[CHAN20]" (extension 8)
16:42:07 [ INFO  ] muse_image_load_from_raw: [tid=008] loaded "/home/mmarcano/Documents/ReduceMUSE2017/Observation1/data/data_with_raw_calibs/MUSE.2017-06-01T22:06:38.119.fits[CHAN09]" (extension 16)
16:42:07 [ INFO  ] muse_image_load_from_raw: [tid=012] loaded "/home/mmarcano/Documents/ReduceMUSE2017/Observation1/data/data_with_raw_calibs/MUSE.2017-06-01T22:06:38.119.fits[CHAN13]" (extension 15)
16:42:09 [ INFO  ] muse_image_load_from_raw: [tid=006] loaded "/home/mmarcano/Documents/ReduceMUSE2017/Observation1/data/data_with_raw_calibs/MUSE.2017-06-01T22:06:38.119.fits[CHAN07]" (extension 17)
16:42:09 [ INFO  ] muse_image_load_from_raw: [tid=007] loaded "/home/mmarcano/Documents/ReduceMUSE2017/Observation1/data/data_with_raw_calibs/MUSE.2017-06-01T21:41:33.125.fits[CHAN08]" (extension 11)
16:42:14 [ INFO  ] muse_image_load_from_raw: [tid=014] loaded "/home/mmarcano/Documents/ReduceMUSE2017/Observation1/data/data_with_raw_calibs/MUSE.2017-06-01T21:41:33.125.fits[CHAN15]" (extension 3)
16:42:16 [ INFO  ] muse_image_load_from_raw: [tid=003] loaded "/home/mmarcano/Documents/ReduceMUSE2017/Observation1/data/data_with_raw_calibs/MUSE.2017-06-01T22:06:38.119.fits[CHAN04]" (extension 24)
16:42:19 [ INFO  ] muse_image_load_from_raw: [tid=000] loaded "/home/mmarcano/Documents/ReduceMUSE2017/Observation1/data/data_with_raw_calibs/MUSE.2017-06-01T21:41:33.125.fits[CHAN01]" (extension 18)
16:42:19 [ INFO  ] muse_image_load_from_raw: [tid=015] loaded "/home/mmarcano/Documents/ReduceMUSE2017/Observation1/data/data_with_raw_calibs/MUSE.2017-06-01T22:06:38.119.fits[CHAN16]" (extension 21)
16:42:19 [ INFO  ] muse_image_load_from_raw: [tid=018] loaded "/home/mmarcano/Documents/ReduceMUSE2017/Observation1/data/data_with_raw_calibs/MUSE.2017-06-01T22:06:38.119.fits[CHAN19]" (extension 14)
16:42:23 [ INFO  ] muse_image_load_from_raw: [tid=005] loaded "/home/mmarcano/Documents/ReduceMUSE2017/Observation1/data/data_with_raw_calibs/MUSE.2017-06-01T22:06:38.119.fits[CHAN06]" (extension 23)
16:42:24 [ INFO  ] muse_image_load_from_raw: [tid=010] loaded "/home/mmarcano/Documents/ReduceMUSE2017/Observation1/data/data_with_raw_calibs/MUSE.2017-06-01T21:41:33.125.fits[CHAN11]" (extension 4)
16:42:40 [ INFO  ] muse_image_load_from_raw: [tid=009] loaded "/home/mmarcano/Documents/ReduceMUSE2017/Observation1/data/data_with_raw_calibs/MUSE.2017-06-01T21:41:33.125.fits[CHAN10]" (extension 10)
16:42:43 [ INFO  ] muse_image_load_from_raw: [tid=021] loaded "/home/mmarcano/Documents/ReduceMUSE2017/Observation1/data/data_with_raw_calibs/MUSE.2017-06-01T22:03:58.120.fits[CHAN22]" (extension 7)
16:42:43 [ INFO  ] muse_image_load_from_raw: [tid=022] loaded "/home/mmarcano/Documents/ReduceMUSE2017/Observation1/data/data_with_raw_calibs/MUSE.2017-06-01T22:05:18.122.fits[CHAN23]" (extension 1)
16:42:43 [ INFO  ] muse_image_load_from_raw: [tid=023] loaded "/home/mmarcano/Documents/ReduceMUSE2017/Observation1/data/data_with_raw_calibs/MUSE.2017-06-01T22:03:58.120.fits[CHAN24]" (extension 19)
16:42:43 [ INFO  ] muse_image_load_from_raw: [tid=017] loaded "/home/mmarcano/Documents/ReduceMUSE2017/Observation1/data/data_with_raw_calibs/MUSE.2017-06-01T22:03:58.120.fits[CHAN18]" (extension 20)
16:42:47 [ INFO  ] muse_image_load_from_raw: [tid=020] loaded "/home/mmarcano/Documents/ReduceMUSE2017/Observation1/data/data_with_raw_calibs/MUSE.2017-06-01T22:06:38.119.fits[CHAN21]" (extension 13)
16:42:50 [ INFO  ] muse_image_load_from_raw: [tid=011] loaded "/home/mmarcano/Documents/ReduceMUSE2017/Observation1/data/data_with_raw_calibs/MUSE.2017-06-01T22:06:38.119.fits[CHAN12]" (extension 22)
16:42:52 [ INFO  ] muse_image_load_from_raw: [tid=006] loaded "/home/mmarcano/Documents/ReduceMUSE2017/Observation1/data/data_with_raw_calibs/MUSE.2017-06-01T21:41:33.125.fits[CHAN07]" (extension 17)
16:42:56 [ INFO  ] muse_image_load_from_raw: [tid=015] loaded "/home/mmarcano/Documents/ReduceMUSE2017/Observation1/data/data_with_raw_calibs/MUSE.2017-06-01T21:41:33.125.fits[CHAN16]" (extension 21)
16:42:56 [ INFO  ] muse_image_load_from_raw: [tid=008] loaded "/home/mmarcano/Documents/ReduceMUSE2017/Observation1/data/data_with_raw_calibs/MUSE.2017-06-01T21:41:33.125.fits[CHAN09]" (extension 16)
16:43:00 [ INFO  ] muse_image_load_from_raw: [tid=003] loaded "/home/mmarcano/Documents/ReduceMUSE2017/Observation1/data/data_with_raw_calibs/MUSE.2017-06-01T21:41:33.125.fits[CHAN04]" (extension 24)
16:43:00 [ INFO  ] muse_image_load_from_raw: [tid=013] loaded "/home/mmarcano/Documents/ReduceMUSE2017/Observation1/data/data_with_raw_calibs/MUSE.2017-06-01T21:41:33.125.fits[CHAN14]" (extension 9)
16:43:00 [ INFO  ] muse_image_load_from_raw: [tid=012] loaded "/home/mmarcano/Documents/ReduceMUSE2017/Observation1/data/data_with_raw_calibs/MUSE.2017-06-01T21:41:33.125.fits[CHAN13]" (extension 15)
16:43:08 [ INFO  ] muse_image_load_from_raw: [tid=019] loaded "/home/mmarcano/Documents/ReduceMUSE2017/Observation1/data/data_with_raw_calibs/MUSE.2017-06-01T22:06:38.119.fits[CHAN20]" (extension 8)
16:43:16 [ INFO  ] muse_image_load_from_raw: [tid=018] loaded "/home/mmarcano/Documents/ReduceMUSE2017/Observation1/data/data_with_raw_calibs/MUSE.2017-06-01T21:41:33.125.fits[CHAN19]" (extension 14)
16:43:24 [ INFO  ] muse_image_load_from_raw: [tid=016] loaded "/home/mmarcano/Documents/ReduceMUSE2017/Observation1/data/data_with_raw_calibs/MUSE.2017-06-01T22:06:38.119.fits[CHAN17]" (extension 2)
16:43:27 [ INFO  ] muse_image_load_from_raw: [tid=005] loaded "/home/mmarcano/Documents/ReduceMUSE2017/Observation1/data/data_with_raw_calibs/MUSE.2017-06-01T21:41:33.125.fits[CHAN06]" (extension 23)
16:43:36 [ INFO  ] muse_image_load_from_raw: [tid=022] loaded "/home/mmarcano/Documents/ReduceMUSE2017/Observation1/data/data_with_raw_calibs/MUSE.2017-06-01T22:06:38.119.fits[CHAN23]" (extension 1)
16:43:39 [ INFO  ] muse_image_load_from_raw: [tid=021] loaded "/home/mmarcano/Documents/ReduceMUSE2017/Observation1/data/data_with_raw_calibs/MUSE.2017-06-01T22:05:18.122.fits[CHAN22]" (extension 7)
16:43:39 [ INFO  ] muse_image_load_from_raw: [tid=017] loaded "/home/mmarcano/Documents/ReduceMUSE2017/Observation1/data/data_with_raw_calibs/MUSE.2017-06-01T22:05:18.122.fits[CHAN18]" (extension 20)
16:43:39 [ INFO  ] muse_image_load_from_raw: [tid=011] loaded "/home/mmarcano/Documents/ReduceMUSE2017/Observation1/data/data_with_raw_calibs/MUSE.2017-06-01T21:41:33.125.fits[CHAN12]" (extension 22)
16:43:44 [ INFO  ] muse_image_load_from_raw: [tid=023] loaded "/home/mmarcano/Documents/ReduceMUSE2017/Observation1/data/data_with_raw_calibs/MUSE.2017-06-01T22:05:18.122.fits[CHAN24]" (extension 19)
16:43:48 [ INFO  ] muse_image_load_from_raw: [tid=020] loaded "/home/mmarcano/Documents/ReduceMUSE2017/Observation1/data/data_with_raw_calibs/MUSE.2017-06-01T21:41:33.125.fits[CHAN21]" (extension 13)
16:43:58 [ INFO  ] muse_image_load_from_raw: [tid=019] loaded "/home/mmarcano/Documents/ReduceMUSE2017/Observation1/data/data_with_raw_calibs/MUSE.2017-06-01T21:41:33.125.fits[CHAN20]" (extension 8)
16:44:06 [ INFO  ] muse_image_load_from_raw: [tid=016] loaded "/home/mmarcano/Documents/ReduceMUSE2017/Observation1/data/data_with_raw_calibs/MUSE.2017-06-01T21:41:33.125.fits[CHAN17]" (extension 2)
16:44:12 [ INFO  ] muse_image_load_from_raw: [tid=022] loaded "/home/mmarcano/Documents/ReduceMUSE2017/Observation1/data/data_with_raw_calibs/MUSE.2017-06-01T21:41:33.125.fits[CHAN23]" (extension 1)
16:44:15 [ INFO  ] muse_image_load_from_raw: [tid=017] loaded "/home/mmarcano/Documents/ReduceMUSE2017/Observation1/data/data_with_raw_calibs/MUSE.2017-06-01T22:06:38.119.fits[CHAN18]" (extension 20)
16:44:20 [ INFO  ] muse_image_load_from_raw: [tid=021] loaded "/home/mmarcano/Documents/ReduceMUSE2017/Observation1/data/data_with_raw_calibs/MUSE.2017-06-01T22:06:38.119.fits[CHAN22]" (extension 7)
16:44:20 [ INFO  ] muse_image_load_from_raw: [tid=023] loaded "/home/mmarcano/Documents/ReduceMUSE2017/Observation1/data/data_with_raw_calibs/MUSE.2017-06-01T22:06:38.119.fits[CHAN24]" (extension 19)
16:44:44 [ INFO  ] muse_image_load_from_raw: [tid=017] loaded "/home/mmarcano/Documents/ReduceMUSE2017/Observation1/data/data_with_raw_calibs/MUSE.2017-06-01T21:41:33.125.fits[CHAN18]" (extension 20)
16:44:44 [ INFO  ] muse_image_load_from_raw: [tid=023] loaded "/home/mmarcano/Documents/ReduceMUSE2017/Observation1/data/data_with_raw_calibs/MUSE.2017-06-01T21:41:33.125.fits[CHAN24]" (extension 19)
16:44:47 [ INFO  ] muse_image_load_from_raw: [tid=021] loaded "/home/mmarcano/Documents/ReduceMUSE2017/Observation1/data/data_with_raw_calibs/MUSE.2017-06-01T21:41:33.125.fits[CHAN22]" (extension 7)
16:46:59 [ INFO  ] muse_basicproc_apply_bias: [tid=002] Bias correction in IFU 3 using "/home/mmarcano/Documents/ReduceMUSE2017/Observation1/data/MASTER_BIAS.fits[CHAN03.DATA]"
16:47:16 [ INFO  ] muse_basicproc_apply_bias: [tid=004] Bias correction in IFU 5 using "/home/mmarcano/Documents/ReduceMUSE2017/Observation1/data/MASTER_BIAS.fits[CHAN05.DATA]"
16:48:05 [ INFO  ] muse_basicproc_adu_to_count: [tid=002] Converting 9 exposures from adu to count (= electron) units in IFU 3
16:48:29 [ INFO  ] muse_basicproc_adu_to_count: [tid=004] Converting 9 exposures from adu to count (= electron) units in IFU 5
16:48:31 [ INFO  ] muse_basicproc_apply_bias: [tid=000] Bias correction in IFU 1 using "/home/mmarcano/Documents/ReduceMUSE2017/Observation1/data/MASTER_BIAS.fits[CHAN01.DATA]"
16:48:32 [ INFO  ] muse_basicproc_apply_bias: [tid=001] Bias correction in IFU 2 using "/home/mmarcano/Documents/ReduceMUSE2017/Observation1/data/MASTER_BIAS.fits[CHAN02.DATA]"
16:48:36 [ INFO  ] muse_basicproc_apply_dark: [tid=002] Dark correction in IFU 3 using "/home/mmarcano/Documents/ReduceMUSE2017/Observation1/data/MASTER_DARK.fits[CHAN03.DATA]"
16:49:03 [ INFO  ] muse_basicproc_apply_dark: [tid=004] Dark correction in IFU 5 using "/home/mmarcano/Documents/ReduceMUSE2017/Observation1/data/MASTER_DARK.fits[CHAN05.DATA]"
16:49:04 [ INFO  ] muse_basicproc_apply_bias: [tid=007] Bias correction in IFU 8 using "/home/mmarcano/Documents/ReduceMUSE2017/Observation1/data/MASTER_BIAS.fits[CHAN08.DATA]"
16:49:40 [ INFO  ] muse_basicproc_adu_to_count: [tid=000] Converting 9 exposures from adu to count (= electron) units in IFU 1
16:49:43 [ INFO  ] muse_basicproc_adu_to_count: [tid=001] Converting 9 exposures from adu to count (= electron) units in IFU 2
16:49:46 [ INFO  ] muse_basicproc_apply_bias: [tid=014] Bias correction in IFU 15 using "/home/mmarcano/Documents/ReduceMUSE2017/Observation1/data/MASTER_BIAS.fits[CHAN15.DATA]"
16:50:18 [ INFO  ] muse_basicproc_adu_to_count: [tid=007] Converting 9 exposures from adu to count (= electron) units in IFU 8
16:50:52 [ INFO  ] muse_basicproc_apply_dark: [tid=000] Dark correction in IFU 1 using "/home/mmarcano/Documents/ReduceMUSE2017/Observation1/data/MASTER_DARK.fits[CHAN01.DATA]"
16:50:57 [ INFO  ] muse_basicproc_apply_dark: [tid=001] Dark correction in IFU 2 using "/home/mmarcano/Documents/ReduceMUSE2017/Observation1/data/MASTER_DARK.fits[CHAN02.DATA]"
16:51:01 [ INFO  ] muse_basicproc_adu_to_count: [tid=014] Converting 9 exposures from adu to count (= electron) units in IFU 15
16:51:04 [ INFO  ] muse_basicproc_apply_bias: [tid=010] Bias correction in IFU 11 using "/home/mmarcano/Documents/ReduceMUSE2017/Observation1/data/MASTER_BIAS.fits[CHAN11.DATA]"
16:51:13 [ INFO  ] muse_basicproc_apply_bias: [tid=006] Bias correction in IFU 7 using "/home/mmarcano/Documents/ReduceMUSE2017/Observation1/data/MASTER_BIAS.fits[CHAN07.DATA]"
16:51:13 [ INFO  ] muse_basicproc_apply_bias: [tid=005] Bias correction in IFU 6 using "/home/mmarcano/Documents/ReduceMUSE2017/Observation1/data/MASTER_BIAS.fits[CHAN06.DATA]"
16:51:15 [ INFO  ] muse_basicproc_apply_bias: [tid=018] Bias correction in IFU 19 using "/home/mmarcano/Documents/ReduceMUSE2017/Observation1/data/MASTER_BIAS.fits[CHAN19.DATA]"
16:51:20 [ INFO  ] muse_basicproc_apply_bias: [tid=012] Bias correction in IFU 13 using "/home/mmarcano/Documents/ReduceMUSE2017/Observation1/data/MASTER_BIAS.fits[CHAN13.DATA]"
16:51:20 [ INFO  ] muse_basicproc_apply_bias: [tid=020] Bias correction in IFU 21 using "/home/mmarcano/Documents/ReduceMUSE2017/Observation1/data/MASTER_BIAS.fits[CHAN21.DATA]"
16:51:22 [ INFO  ] muse_basicproc_apply_bias: [tid=019] Bias correction in IFU 20 using "/home/mmarcano/Documents/ReduceMUSE2017/Observation1/data/MASTER_BIAS.fits[CHAN20.DATA]"
16:51:31 [ INFO  ] muse_basicproc_apply_bias: [tid=009] Bias correction in IFU 10 using "/home/mmarcano/Documents/ReduceMUSE2017/Observation1/data/MASTER_BIAS.fits[CHAN10.DATA]"
16:51:34 [ INFO  ] muse_basicproc_apply_bias: [tid=008] Bias correction in IFU 9 using "/home/mmarcano/Documents/ReduceMUSE2017/Observation1/data/MASTER_BIAS.fits[CHAN09.DATA]"
16:51:36 [ INFO  ] muse_basicproc_apply_dark: [tid=007] Dark correction in IFU 8 using "/home/mmarcano/Documents/ReduceMUSE2017/Observation1/data/MASTER_DARK.fits[CHAN08.DATA]"
16:51:36 [ INFO  ] muse_basicproc_apply_bias: [tid=015] Bias correction in IFU 16 using "/home/mmarcano/Documents/ReduceMUSE2017/Observation1/data/MASTER_BIAS.fits[CHAN16.DATA]"
16:51:38 [ INFO  ] muse_basicproc_apply_bias: [tid=003] Bias correction in IFU 4 using "/home/mmarcano/Documents/ReduceMUSE2017/Observation1/data/MASTER_BIAS.fits[CHAN04.DATA]"
16:51:47 [ INFO  ] muse_basicproc_apply_bias: [tid=022] Bias correction in IFU 23 using "/home/mmarcano/Documents/ReduceMUSE2017/Observation1/data/MASTER_BIAS.fits[CHAN23.DATA]"
16:51:58 [ INFO  ] muse_basicproc_apply_bias: [tid=013] Bias correction in IFU 14 using "/home/mmarcano/Documents/ReduceMUSE2017/Observation1/data/MASTER_BIAS.fits[CHAN14.DATA]"
16:52:04 [ INFO  ] muse_basicproc_apply_bias: [tid=016] Bias correction in IFU 17 using "/home/mmarcano/Documents/ReduceMUSE2017/Observation1/data/MASTER_BIAS.fits[CHAN17.DATA]"
16:52:14 [ INFO  ] muse_basicproc_apply_dark: [tid=014] Dark correction in IFU 15 using "/home/mmarcano/Documents/ReduceMUSE2017/Observation1/data/MASTER_DARK.fits[CHAN15.DATA]"
16:52:23 [ INFO  ] muse_basicproc_apply_bias: [tid=017] Bias correction in IFU 18 using "/home/mmarcano/Documents/ReduceMUSE2017/Observation1/data/MASTER_BIAS.fits[CHAN18.DATA]"
16:52:24 [ INFO  ] muse_basicproc_adu_to_count: [tid=010] Converting 9 exposures from adu to count (= electron) units in IFU 11
16:52:27 [ INFO  ] muse_basicproc_adu_to_count: [tid=005] Converting 9 exposures from adu to count (= electron) units in IFU 6
16:52:32 [ INFO  ] muse_basicproc_adu_to_count: [tid=018] Converting 9 exposures from adu to count (= electron) units in IFU 19
16:52:32 [ INFO  ] muse_basicproc_adu_to_count: [tid=006] Converting 9 exposures from adu to count (= electron) units in IFU 7
16:52:36 [ INFO  ] muse_basicproc_apply_flat: [tid=002] Flat-field correction in IFU 3 using "/home/mmarcano/Documents/ReduceMUSE2017/Observation1/data/MASTER_FLAT.fits[CHAN03.DATA]"
16:52:43 [ INFO  ] muse_basicproc_adu_to_count: [tid=019] Converting 9 exposures from adu to count (= electron) units in IFU 20
16:52:43 [ INFO  ] muse_basicproc_adu_to_count: [tid=020] Converting 9 exposures from adu to count (= electron) units in IFU 21
16:52:46 [ INFO  ] muse_basicproc_adu_to_count: [tid=012] Converting 9 exposures from adu to count (= electron) units in IFU 13
16:52:53 [ INFO  ] muse_basicproc_adu_to_count: [tid=015] Converting 9 exposures from adu to count (= electron) units in IFU 16
16:52:53 [ INFO  ] muse_basicproc_adu_to_count: [tid=008] Converting 9 exposures from adu to count (= electron) units in IFU 9
16:52:53 [ INFO  ] muse_basicproc_adu_to_count: [tid=009] Converting 9 exposures from adu to count (= electron) units in IFU 10
16:53:01 [ INFO  ] muse_basicproc_apply_dark: [tid=005] Dark correction in IFU 6 using "/home/mmarcano/Documents/ReduceMUSE2017/Observation1/data/MASTER_DARK.fits[CHAN06.DATA]"
16:53:01 [ INFO  ] muse_basicproc_adu_to_count: [tid=022] Converting 9 exposures from adu to count (= electron) units in IFU 23
16:53:01 [ INFO  ] muse_basicproc_adu_to_count: [tid=003] Converting 9 exposures from adu to count (= electron) units in IFU 4
16:53:02 [ INFO  ] muse_basicproc_adu_to_count: [tid=013] Converting 9 exposures from adu to count (= electron) units in IFU 14
16:53:05 [ INFO  ] muse_basicproc_adu_to_count: [tid=016] Converting 9 exposures from adu to count (= electron) units in IFU 17
16:53:10 [ INFO  ] muse_basicproc_apply_flat: [tid=004] Flat-field correction in IFU 5 using "/home/mmarcano/Documents/ReduceMUSE2017/Observation1/data/MASTER_FLAT.fits[CHAN05.DATA]"
16:53:11 [ INFO  ] muse_basicproc_adu_to_count: [tid=017] Converting 9 exposures from adu to count (= electron) units in IFU 18
16:53:14 [ INFO  ] muse_basicproc_apply_dark: [tid=006] Dark correction in IFU 7 using "/home/mmarcano/Documents/ReduceMUSE2017/Observation1/data/MASTER_DARK.fits[CHAN07.DATA]"
16:53:16 [ INFO  ] muse_basicproc_apply_bias: [tid=023] Bias correction in IFU 24 using "/home/mmarcano/Documents/ReduceMUSE2017/Observation1/data/MASTER_BIAS.fits[CHAN24.DATA]"
16:53:27 [ INFO  ] muse_basicproc_apply_bias: [tid=021] Bias correction in IFU 22 using "/home/mmarcano/Documents/ReduceMUSE2017/Observation1/data/MASTER_BIAS.fits[CHAN22.DATA]"
16:53:42 [ INFO  ] muse_basicproc_apply_dark: [tid=018] Dark correction in IFU 19 using "/home/mmarcano/Documents/ReduceMUSE2017/Observation1/data/MASTER_DARK.fits[CHAN19.DATA]"
16:53:43 [ INFO  ] muse_basicproc_apply_dark: [tid=012] Dark correction in IFU 13 using "/home/mmarcano/Documents/ReduceMUSE2017/Observation1/data/MASTER_DARK.fits[CHAN13.DATA]"
16:53:43 [ INFO  ] muse_basicproc_apply_dark: [tid=015] Dark correction in IFU 16 using "/home/mmarcano/Documents/ReduceMUSE2017/Observation1/data/MASTER_DARK.fits[CHAN16.DATA]"
16:53:45 [ INFO  ] muse_basicproc_apply_dark: [tid=003] Dark correction in IFU 4 using "/home/mmarcano/Documents/ReduceMUSE2017/Observation1/data/MASTER_DARK.fits[CHAN04.DATA]"
16:53:46 [ INFO  ] muse_basicproc_apply_dark: [tid=020] Dark correction in IFU 21 using "/home/mmarcano/Documents/ReduceMUSE2017/Observation1/data/MASTER_DARK.fits[CHAN21.DATA]"
16:53:46 [ INFO  ] muse_basicproc_apply_dark: [tid=013] Dark correction in IFU 14 using "/home/mmarcano/Documents/ReduceMUSE2017/Observation1/data/MASTER_DARK.fits[CHAN14.DATA]"
16:53:47 [ INFO  ] muse_basicproc_apply_bias: [tid=011] Bias correction in IFU 12 using "/home/mmarcano/Documents/ReduceMUSE2017/Observation1/data/MASTER_BIAS.fits[CHAN12.DATA]"
16:53:53 [ INFO  ] muse_basicproc_adu_to_count: [tid=023] Converting 9 exposures from adu to count (= electron) units in IFU 24
16:53:53 [ INFO  ] muse_basicproc_apply_dark: [tid=019] Dark correction in IFU 20 using "/home/mmarcano/Documents/ReduceMUSE2017/Observation1/data/MASTER_DARK.fits[CHAN20.DATA]"
16:53:53 [ INFO  ] muse_basicproc_apply_dark: [tid=009] Dark correction in IFU 10 using "/home/mmarcano/Documents/ReduceMUSE2017/Observation1/data/MASTER_DARK.fits[CHAN10.DATA]"
16:53:54 [ INFO  ] muse_basicproc_apply_dark: [tid=022] Dark correction in IFU 23 using "/home/mmarcano/Documents/ReduceMUSE2017/Observation1/data/MASTER_DARK.fits[CHAN23.DATA]"
16:53:54 [ INFO  ] muse_basicproc_apply_dark: [tid=016] Dark correction in IFU 17 using "/home/mmarcano/Documents/ReduceMUSE2017/Observation1/data/MASTER_DARK.fits[CHAN17.DATA]"
16:53:55 [ INFO  ] muse_basicproc_apply_dark: [tid=010] Dark correction in IFU 11 using "/home/mmarcano/Documents/ReduceMUSE2017/Observation1/data/MASTER_DARK.fits[CHAN11.DATA]"
16:53:56 [ INFO  ] muse_basicproc_apply_dark: [tid=008] Dark correction in IFU 9 using "/home/mmarcano/Documents/ReduceMUSE2017/Observation1/data/MASTER_DARK.fits[CHAN09.DATA]"
16:53:58 [ INFO  ] muse_basicproc_apply_flat: [tid=001] Flat-field correction in IFU 2 using "/home/mmarcano/Documents/ReduceMUSE2017/Observation1/data/MASTER_FLAT.fits[CHAN02.DATA]"
16:53:58 [ INFO  ] muse_basicproc_adu_to_count: [tid=021] Converting 9 exposures from adu to count (= electron) units in IFU 22
16:53:59 [ INFO  ] muse_basicproc_apply_dark: [tid=017] Dark correction in IFU 18 using "/home/mmarcano/Documents/ReduceMUSE2017/Observation1/data/MASTER_DARK.fits[CHAN18.DATA]"
16:54:04 [ INFO  ] muse_basicproc_apply_flat: [tid=000] Flat-field correction in IFU 1 using "/home/mmarcano/Documents/ReduceMUSE2017/Observation1/data/MASTER_FLAT.fits[CHAN01.DATA]"
16:54:16 [ INFO  ] muse_basicproc_adu_to_count: [tid=011] Converting 9 exposures from adu to count (= electron) units in IFU 12
16:54:23 [ INFO  ] muse_basicproc_apply_dark: [tid=023] Dark correction in IFU 24 using "/home/mmarcano/Documents/ReduceMUSE2017/Observation1/data/MASTER_DARK.fits[CHAN24.DATA]"
16:54:23 [ INFO  ] muse_basicproc_apply_flat: [tid=007] Flat-field correction in IFU 8 using "/home/mmarcano/Documents/ReduceMUSE2017/Observation1/data/MASTER_FLAT.fits[CHAN08.DATA]"
16:54:23 [ INFO  ] muse_basicproc_apply_dark: [tid=021] Dark correction in IFU 22 using "/home/mmarcano/Documents/ReduceMUSE2017/Observation1/data/MASTER_DARK.fits[CHAN22.DATA]"
16:54:25 [ INFO  ] muse_basicproc_apply_flat: [tid=014] Flat-field correction in IFU 15 using "/home/mmarcano/Documents/ReduceMUSE2017/Observation1/data/MASTER_FLAT.fits[CHAN15.DATA]"
16:54:36 [ INFO  ] muse_basicproc_apply_dark: [tid=011] Dark correction in IFU 12 using "/home/mmarcano/Documents/ReduceMUSE2017/Observation1/data/MASTER_DARK.fits[CHAN12.DATA]"
16:54:45 [ INFO  ] muse_basicproc_apply_flat: [tid=005] Flat-field correction in IFU 6 using "/home/mmarcano/Documents/ReduceMUSE2017/Observation1/data/MASTER_FLAT.fits[CHAN06.DATA]"
16:54:51 [ INFO  ] muse_basicproc_apply_flat: [tid=006] Flat-field correction in IFU 7 using "/home/mmarcano/Documents/ReduceMUSE2017/Observation1/data/MASTER_FLAT.fits[CHAN07.DATA]"
16:54:52 [ INFO  ] muse_pixtable_create: [tid=002] Creating pixel table for IFU 3, using order 5 for trace solution and orders 2/6 for wavelength solution
16:54:55 [ INFO  ] muse_basicproc_apply_flat: [tid=018] Flat-field correction in IFU 19 using "/home/mmarcano/Documents/ReduceMUSE2017/Observation1/data/MASTER_FLAT.fits[CHAN19.DATA]"
16:54:55 [ INFO  ] muse_basicproc_apply_flat: [tid=013] Flat-field correction in IFU 14 using "/home/mmarcano/Documents/ReduceMUSE2017/Observation1/data/MASTER_FLAT.fits[CHAN14.DATA]"
16:54:56 [ INFO  ] muse_basicproc_apply_flat: [tid=020] Flat-field correction in IFU 21 using "/home/mmarcano/Documents/ReduceMUSE2017/Observation1/data/MASTER_FLAT.fits[CHAN21.DATA]"
16:54:56 [ INFO  ] muse_basicproc_apply_flat: [tid=012] Flat-field correction in IFU 13 using "/home/mmarcano/Documents/ReduceMUSE2017/Observation1/data/MASTER_FLAT.fits[CHAN13.DATA]"
16:54:56 [ INFO  ] muse_basicproc_apply_flat: [tid=015] Flat-field correction in IFU 16 using "/home/mmarcano/Documents/ReduceMUSE2017/Observation1/data/MASTER_FLAT.fits[CHAN16.DATA]"
16:54:57 [ INFO  ] muse_basicproc_apply_flat: [tid=003] Flat-field correction in IFU 4 using "/home/mmarcano/Documents/ReduceMUSE2017/Observation1/data/MASTER_FLAT.fits[CHAN04.DATA]"
16:54:57 [ INFO  ] muse_basicproc_prepare_illum: [tid=002] Preparing ILLUM flat: 48 slices in the data of IFU 3 found.
16:54:57 [ INFO  ] muse_basicproc_apply_flat: [tid=016] Flat-field correction in IFU 17 using "/home/mmarcano/Documents/ReduceMUSE2017/Observation1/data/MASTER_FLAT.fits[CHAN17.DATA]"
16:54:57 [ INFO  ] muse_combine_images: [tid=002] Combination method: average with sigma clipping (3.000000/3.000000)
16:54:57 [ INFO  ] muse_basicproc_apply_flat: [tid=009] Flat-field correction in IFU 10 using "/home/mmarcano/Documents/ReduceMUSE2017/Observation1/data/MASTER_FLAT.fits[CHAN10.DATA]"
16:55:00 [ INFO  ] muse_basicproc_apply_flat: [tid=010] Flat-field correction in IFU 11 using "/home/mmarcano/Documents/ReduceMUSE2017/Observation1/data/MASTER_FLAT.fits[CHAN11.DATA]"
16:55:04 [ INFO  ] muse_basicproc_apply_flat: [tid=008] Flat-field correction in IFU 9 using "/home/mmarcano/Documents/ReduceMUSE2017/Observation1/data/MASTER_FLAT.fits[CHAN09.DATA]"
16:55:05 [ INFO  ] muse_pixtable_create: [tid=004] Creating pixel table for IFU 5, using order 5 for trace solution and orders 2/6 for wavelength solution
16:55:06 [ INFO  ] muse_basicproc_apply_flat: [tid=019] Flat-field correction in IFU 20 using "/home/mmarcano/Documents/ReduceMUSE2017/Observation1/data/MASTER_FLAT.fits[CHAN20.DATA]"
16:55:08 [ INFO  ] muse_basicproc_apply_flat: [tid=022] Flat-field correction in IFU 23 using "/home/mmarcano/Documents/ReduceMUSE2017/Observation1/data/MASTER_FLAT.fits[CHAN23.DATA]"
16:55:08 [ INFO  ] muse_basicproc_apply_flat: [tid=017] Flat-field correction in IFU 18 using "/home/mmarcano/Documents/ReduceMUSE2017/Observation1/data/MASTER_FLAT.fits[CHAN18.DATA]"
16:55:22 [ INFO  ] muse_pixtable_create: [tid=000] Creating pixel table for IFU 1, using order 5 for trace solution and orders 2/6 for wavelength solution
16:55:23 [ INFO  ] muse_basicproc_prepare_illum: [tid=004] Preparing ILLUM flat: 48 slices in the data of IFU 5 found.
16:55:23 [ INFO  ] muse_combine_images: [tid=004] Combination method: average with sigma clipping (3.000000/3.000000)
16:55:23 [ INFO  ] muse_basicproc_apply_flat: [tid=023] Flat-field correction in IFU 24 using "/home/mmarcano/Documents/ReduceMUSE2017/Observation1/data/MASTER_FLAT.fits[CHAN24.DATA]"
16:55:28 [ INFO  ] muse_basicproc_apply_flat: [tid=021] Flat-field correction in IFU 22 using "/home/mmarcano/Documents/ReduceMUSE2017/Observation1/data/MASTER_FLAT.fits[CHAN22.DATA]"
16:55:35 [ INFO  ] muse_pixtable_create: [tid=001] Creating pixel table for IFU 2, using order 5 for trace solution and orders 2/6 for wavelength solution
16:55:35 [ INFO  ] muse_basicproc_prepare_illum: [tid=000] Preparing ILLUM flat: 48 slices in the data of IFU 1 found.
16:55:35 [ INFO  ] muse_combine_images: [tid=000] Combination method: average with sigma clipping (3.000000/3.000000)
16:55:42 [ INFO  ] muse_basicproc_apply_flat: [tid=011] Flat-field correction in IFU 12 using "/home/mmarcano/Documents/ReduceMUSE2017/Observation1/data/MASTER_FLAT.fits[CHAN12.DATA]"
16:55:55 [ INFO  ] muse_basicproc_prepare_illum: [tid=001] Preparing ILLUM flat: 48 slices in the data of IFU 2 found.
16:55:57 [ INFO  ] muse_combine_images: [tid=001] Combination method: average with sigma clipping (3.000000/3.000000)
16:55:57 [ INFO  ] muse_pixtable_create: [tid=007] Creating pixel table for IFU 8, using order 5 for trace solution and orders 2/6 for wavelength solution
16:56:07 [ INFO  ] muse_pixtable_create: [tid=014] Creating pixel table for IFU 15, using order 5 for trace solution and orders 2/6 for wavelength solution
16:56:19 [ INFO  ] muse_pixtable_create: [tid=002] Creating pixel table for IFU 3, using order 5 for trace solution and orders 2/6 for wavelength solution
16:56:21 [ INFO  ] muse_basicproc_prepare_illum: [tid=007] Preparing ILLUM flat: 48 slices in the data of IFU 8 found.
16:56:21 [ INFO  ] muse_combine_images: [tid=007] Combination method: average with sigma clipping (3.000000/3.000000)
16:56:22 [ INFO  ] muse_pixtable_create: [tid=005] Creating pixel table for IFU 6, using order 5 for trace solution and orders 2/6 for wavelength solution
16:56:23 [ INFO  ] muse_basicproc_apply_illum: [tid=002] Applying ILLUM flat-field in IFU 3 (48 slices)
16:56:32 [ INFO  ] muse_basicproc_prepare_illum: [tid=014] Preparing ILLUM flat: 48 slices in the data of IFU 15 found.
16:56:33 [ INFO  ] muse_combine_images: [tid=014] Combination method: average with sigma clipping (3.000000/3.000000)
16:56:43 [ INFO  ] muse_pixtable_create: [tid=006] Creating pixel table for IFU 7, using order 5 for trace solution and orders 2/6 for wavelength solution
16:56:50 [ INFO  ] muse_basicproc_prepare_illum: [tid=005] Preparing ILLUM flat: 48 slices in the data of IFU 6 found.
16:56:51 [ INFO  ] muse_combine_images: [tid=005] Combination method: average with sigma clipping (3.000000/3.000000)
16:56:51 [ INFO  ] muse_pixtable_create: [tid=020] Creating pixel table for IFU 21, using order 5 for trace solution and orders 2/6 for wavelength solution
16:56:51 [ INFO  ] muse_pixtable_create: [tid=018] Creating pixel table for IFU 19, using order 5 for trace solution and orders 2/6 for wavelength solution
16:56:58 [ INFO  ] muse_pixtable_create: [tid=013] Creating pixel table for IFU 14, using order 5 for trace solution and orders 2/6 for wavelength solution
16:56:58 [ INFO  ] muse_pixtable_create: [tid=012] Creating pixel table for IFU 13, using order 5 for trace solution and orders 2/6 for wavelength solution
16:57:00 [ INFO  ] muse_pixtable_create: [tid=003] Creating pixel table for IFU 4, using order 5 for trace solution and orders 2/6 for wavelength solution
16:57:04 [ INFO  ] muse_basicproc_prepare_illum: [tid=006] Preparing ILLUM flat: 48 slices in the data of IFU 7 found.
16:57:05 [ INFO  ] muse_combine_images: [tid=006] Combination method: average with sigma clipping (3.000000/3.000000)
16:57:08 [ INFO  ] muse_pixtable_create: [tid=004] Creating pixel table for IFU 5, using order 5 for trace solution and orders 2/6 for wavelength solution
16:57:08 [ INFO  ] muse_pixtable_create: [tid=016] Creating pixel table for IFU 17, using order 5 for trace solution and orders 2/6 for wavelength solution
16:57:09 [ INFO  ] muse_pixtable_create: [tid=010] Creating pixel table for IFU 11, using order 5 for trace solution and orders 2/6 for wavelength solution
16:57:15 [ INFO  ] muse_pixtable_create: [tid=000] Creating pixel table for IFU 1, using order 5 for trace solution and orders 2/6 for wavelength solution
16:57:15 [ INFO  ] muse_basicproc_prepare_illum: [tid=020] Preparing ILLUM flat: 48 slices in the data of IFU 21 found.
16:57:16 [ INFO  ] muse_combine_images: [tid=020] Combination method: average with sigma clipping (3.000000/3.000000)
16:57:16 [ INFO  ] muse_pixtable_create: [tid=015] Creating pixel table for IFU 16, using order 5 for trace solution and orders 2/6 for wavelength solution
16:57:18 [ INFO  ] muse_basicproc_apply_illum: [tid=004] Applying ILLUM flat-field in IFU 5 (48 slices)
16:57:19 [ INFO  ] muse_pixtable_create: [tid=008] Creating pixel table for IFU 9, using order 5 for trace solution and orders 2/6 for wavelength solution
16:57:19 [ INFO  ] muse_pixtable_create: [tid=009] Creating pixel table for IFU 10, using order 5 for trace solution and orders 2/6 for wavelength solution
16:57:19 [ INFO  ] muse_pixtable_create: [tid=017] Creating pixel table for IFU 18, using order 5 for trace solution and orders 2/6 for wavelength solution
16:57:19 [ INFO  ] muse_pixtable_create: [tid=022] Creating pixel table for IFU 23, using order 5 for trace solution and orders 2/6 for wavelength solution
16:57:21 [ INFO  ] muse_basicproc_apply_illum: [tid=000] Applying ILLUM flat-field in IFU 1 (48 slices)
16:57:22 [ INFO  ] muse_pixtable_create: [tid=019] Creating pixel table for IFU 20, using order 5 for trace solution and orders 2/6 for wavelength solution
16:57:22 [ INFO  ] muse_pixtable_create: [tid=023] Creating pixel table for IFU 24, using order 5 for trace solution and orders 2/6 for wavelength solution
16:57:23 [ INFO  ] muse_basicproc_prepare_illum: [tid=018] Preparing ILLUM flat: 48 slices in the data of IFU 19 found.
16:57:25 [ INFO  ] muse_combine_images: [tid=018] Combination method: average with sigma clipping (3.000000/3.000000)
16:57:25 [ INFO  ] muse_pixtable_create: [tid=001] Creating pixel table for IFU 2, using order 5 for trace solution and orders 2/6 for wavelength solution
16:57:31 [ INFO  ] muse_basicproc_apply_illum: [tid=001] Applying ILLUM flat-field in IFU 2 (48 slices)
16:57:31 [ INFO  ] muse_basicproc_prepare_illum: [tid=012] Preparing ILLUM flat: 48 slices in the data of IFU 13 found.
16:57:31 [ INFO  ] muse_combine_images: [tid=012] Combination method: average with sigma clipping (3.000000/3.000000)
16:57:34 [ INFO  ] muse_pixtable_create: [tid=007] Creating pixel table for IFU 8, using order 5 for trace solution and orders 2/6 for wavelength solution
16:57:34 [ INFO  ] muse_basicproc_prepare_illum: [tid=013] Preparing ILLUM flat: 48 slices in the data of IFU 14 found.
16:57:34 [ INFO  ] muse_pixtable_create: [tid=021] Creating pixel table for IFU 22, using order 5 for trace solution and orders 2/6 for wavelength solution
16:57:34 [ INFO  ] muse_combine_images: [tid=013] Combination method: average with sigma clipping (3.000000/3.000000)
16:57:39 [ INFO  ] muse_basicproc_apply_illum: [tid=007] Applying ILLUM flat-field in IFU 8 (48 slices)
16:57:39 [ INFO  ] muse_basicproc_prepare_illum: [tid=003] Preparing ILLUM flat: 48 slices in the data of IFU 4 found.
16:57:39 [ INFO  ] muse_pixtable_create: [tid=014] Creating pixel table for IFU 15, using order 5 for trace solution and orders 2/6 for wavelength solution
16:57:39 [ INFO  ] muse_combine_images: [tid=003] Combination method: average with sigma clipping (3.000000/3.000000)
16:57:39 [ INFO  ] muse_pixtable_create: [tid=011] Creating pixel table for IFU 12, using order 5 for trace solution and orders 2/6 for wavelength solution
16:57:39 [ INFO  ] muse_basicproc_prepare_illum: [tid=016] Preparing ILLUM flat: 48 slices in the data of IFU 17 found.
16:57:40 [ INFO  ] muse_combine_images: [tid=016] Combination method: average with sigma clipping (3.000000/3.000000)
16:57:46 [ INFO  ] muse_pixtable_create: [tid=005] Creating pixel table for IFU 6, using order 5 for trace solution and orders 2/6 for wavelength solution
16:57:47 [ INFO  ] muse_basicproc_apply_illum: [tid=014] Applying ILLUM flat-field in IFU 15 (48 slices)
16:57:47 [ INFO  ] muse_basicproc_prepare_illum: [tid=010] Preparing ILLUM flat: 48 slices in the data of IFU 11 found.
16:57:47 [ INFO  ] muse_combine_images: [tid=010] Combination method: average with sigma clipping (3.000000/3.000000)
16:57:47 [ INFO  ] muse_basicproc_prepare_illum: [tid=015] Preparing ILLUM flat: 48 slices in the data of IFU 16 found.
16:57:48 [ INFO  ] muse_combine_images: [tid=015] Combination method: average with sigma clipping (3.000000/3.000000)
16:57:48 [ INFO  ] muse_basicproc_prepare_illum: [tid=017] Preparing ILLUM flat: 48 slices in the data of IFU 18 found.
16:57:48 [ INFO  ] muse_combine_images: [tid=017] Combination method: average with sigma clipping (3.000000/3.000000)
16:57:48 [ INFO  ] muse_basicproc_apply_illum: [tid=005] Applying ILLUM flat-field in IFU 6 (48 slices)
16:57:48 [ INFO  ] muse_basicproc_prepare_illum: [tid=022] Preparing ILLUM flat: 48 slices in the data of IFU 23 found.
16:57:48 [ INFO  ] muse_combine_images: [tid=022] Combination method: average with sigma clipping (3.000000/3.000000)
16:57:49 [ INFO  ] muse_basicproc_prepare_illum: [tid=009] Preparing ILLUM flat: 48 slices in the data of IFU 10 found.
16:57:49 [ INFO  ] muse_combine_images: [tid=009] Combination method: average with sigma clipping (3.000000/3.000000)
16:57:49 [ INFO  ] muse_basicproc_prepare_illum: [tid=008] Preparing ILLUM flat: 48 slices in the data of IFU 9 found.
16:57:49 [ INFO  ] muse_combine_images: [tid=008] Combination method: average with sigma clipping (3.000000/3.000000)
16:57:49 [ INFO  ] muse_pixtable_create: [tid=006] Creating pixel table for IFU 7, using order 5 for trace solution and orders 2/6 for wavelength solution
16:57:50 [ INFO  ] muse_basicproc_prepare_illum: [tid=019] Preparing ILLUM flat: 48 slices in the data of IFU 20 found.
16:57:50 [ INFO  ] muse_basicproc_prepare_illum: [tid=023] Preparing ILLUM flat: 48 slices in the data of IFU 24 found.
16:57:50 [ INFO  ] muse_combine_images: [tid=019] Combination method: average with sigma clipping (3.000000/3.000000)
16:57:50 [ INFO  ] muse_combine_images: [tid=023] Combination method: average with sigma clipping (3.000000/3.000000)
16:57:50 [ INFO  ] muse_pixtable_create: [tid=020] Creating pixel table for IFU 21, using order 5 for trace solution and orders 2/6 for wavelength solution
16:57:50 [ INFO  ] muse_basicproc_prepare_illum: [tid=021] Preparing ILLUM flat: 48 slices in the data of IFU 22 found.
16:57:50 [ INFO  ] muse_basicproc_prepare_illum: [tid=011] Preparing ILLUM flat: 48 slices in the data of IFU 12 found.
16:57:51 [ INFO  ] muse_combine_images: [tid=011] Combination method: average with sigma clipping (3.000000/3.000000)
16:57:51 [ INFO  ] muse_combine_images: [tid=021] Combination method: average with sigma clipping (3.000000/3.000000)
16:57:52 [ INFO  ] muse_basicproc_apply_illum: [tid=006] Applying ILLUM flat-field in IFU 7 (48 slices)
16:57:53 [ INFO  ] muse_basicproc_apply_illum: [tid=020] Applying ILLUM flat-field in IFU 21 (48 slices)
16:58:04 [ INFO  ] muse_pixtable_create: [tid=018] Creating pixel table for IFU 19, using order 5 for trace solution and orders 2/6 for wavelength solution
16:58:06 [ INFO  ] muse_pixtable_create: [tid=012] Creating pixel table for IFU 13, using order 5 for trace solution and orders 2/6 for wavelength solution
16:58:06 [ INFO  ] muse_basicproc_apply_illum: [tid=018] Applying ILLUM flat-field in IFU 19 (48 slices)
16:58:09 [ INFO  ] muse_basicproc_apply_illum: [tid=012] Applying ILLUM flat-field in IFU 13 (48 slices)
16:58:17 [ INFO  ] muse_pixtable_create: [tid=003] Creating pixel table for IFU 4, using order 5 for trace solution and orders 2/6 for wavelength solution
16:58:18 [ INFO  ] muse_pixtable_create: [tid=013] Creating pixel table for IFU 14, using order 5 for trace solution and orders 2/6 for wavelength solution
16:58:19 [ INFO  ] muse_basicproc_apply_illum: [tid=003] Applying ILLUM flat-field in IFU 4 (48 slices)
16:58:21 [ INFO  ] muse_basicproc_apply_illum: [tid=013] Applying ILLUM flat-field in IFU 14 (48 slices)
16:58:26 [ INFO  ] muse_pixtable_create: [tid=010] Creating pixel table for IFU 11, using order 5 for trace solution and orders 2/6 for wavelength solution
16:58:29 [ INFO  ] muse_basicproc_apply_illum: [tid=010] Applying ILLUM flat-field in IFU 11 (48 slices)
16:58:31 [ INFO  ] muse_pixtable_create: [tid=011] Creating pixel table for IFU 12, using order 5 for trace solution and orders 2/6 for wavelength solution
16:58:32 [ INFO  ] muse_pixtable_create: [tid=016] Creating pixel table for IFU 17, using order 5 for trace solution and orders 2/6 for wavelength solution
16:58:33 [ INFO  ] muse_basicproc_apply_illum: [tid=011] Applying ILLUM flat-field in IFU 12 (48 slices)
16:58:34 [ INFO  ] muse_pixtable_create: [tid=009] Creating pixel table for IFU 10, using order 5 for trace solution and orders 2/6 for wavelength solution
16:58:34 [ INFO  ] muse_pixtable_create: [tid=008] Creating pixel table for IFU 9, using order 5 for trace solution and orders 2/6 for wavelength solution
16:58:35 [ INFO  ] muse_basicproc_apply_illum: [tid=016] Applying ILLUM flat-field in IFU 17 (48 slices)
16:58:35 [ INFO  ] muse_pixtable_create: [tid=022] Creating pixel table for IFU 23, using order 5 for trace solution and orders 2/6 for wavelength solution
16:58:35 [ INFO  ] muse_pixtable_create: [tid=023] Creating pixel table for IFU 24, using order 5 for trace solution and orders 2/6 for wavelength solution
16:58:36 [ INFO  ] muse_pixtable_create: [tid=015] Creating pixel table for IFU 16, using order 5 for trace solution and orders 2/6 for wavelength solution
16:58:36 [ INFO  ] muse_basicproc_apply_illum: [tid=009] Applying ILLUM flat-field in IFU 10 (48 slices)
16:58:37 [ INFO  ] muse_basicproc_apply_illum: [tid=008] Applying ILLUM flat-field in IFU 9 (48 slices)
16:58:37 [ INFO  ] muse_pixtable_create: [tid=017] Creating pixel table for IFU 18, using order 5 for trace solution and orders 2/6 for wavelength solution
16:58:37 [ INFO  ] muse_basicproc_apply_illum: [tid=022] Applying ILLUM flat-field in IFU 23 (48 slices)
16:58:37 [ INFO  ] muse_basicproc_apply_illum: [tid=023] Applying ILLUM flat-field in IFU 24 (48 slices)
16:58:38 [ INFO  ] muse_basicproc_apply_illum: [tid=015] Applying ILLUM flat-field in IFU 16 (48 slices)
16:58:39 [ INFO  ] muse_pixtable_create: [tid=019] Creating pixel table for IFU 20, using order 5 for trace solution and orders 2/6 for wavelength solution
16:58:39 [ INFO  ] muse_pixtable_create: [tid=021] Creating pixel table for IFU 22, using order 5 for trace solution and orders 2/6 for wavelength solution
16:58:39 [ INFO  ] muse_basicproc_apply_illum: [tid=017] Applying ILLUM flat-field in IFU 18 (48 slices)
16:58:41 [ INFO  ] muse_basicproc_apply_illum: [tid=019] Applying ILLUM flat-field in IFU 20 (48 slices)
16:58:41 [ INFO  ] muse_basicproc_apply_illum: [tid=021] Applying ILLUM flat-field in IFU 22 (48 slices)
16:59:02 [ INFO  ] muse_resampling_cube: [tid=000] Output cube size 315 x 304 x 17 (fit to data)
16:59:09 [ INFO  ] muse_resampling_cube: [tid=000] Using median statistics (50.000 sigma level) for cosmic-ray rejection
16:59:22 [ INFO  ] muse_resampling_cube: [tid=000] Starting resampling, using method "drizzle" (pixfrac f=1.000,1.000,1.000, loop distance ld=1)
16:59:43 [ INFO  ] muse_processing_save_cube: [tid=000] Saving FITS cube as "DATACUBE_SKYFLAT.fits"
16:59:43 [ INFO  ] muse_processing_load_mask: [tid=000] using mask "/home/mmarcano/Documents/ReduceMUSE2017/Observation1/data/data_with_raw_calibs/M.MUSE.2014-12-02T10:49:18.173.fits" (1006 pixels)
16:59:44 [ INFO  ] muse_twilight_compute: [tid=000] Excluding strong edges (stronger than 2.0%) from the vignetted area
16:59:44 [ INFO  ] muse_twilight_compute: [tid=000] Running polyfit (orders 4x4) ...
16:59:44 [ INFO  ] muse_twilight_compute: [tid=000] Combining smooth field of view and vignetted region in 17 planes
16:59:44 [ INFO  ] muse_processing_save_cube: [tid=000] Saving FITS cube as "TWILIGHT_CUBE.fits"
16:59:44 [ INFO  ] : [tid=000] Calculating product checksums
16:59:44 [ INFO  ] : [tid=000] Created product /home/mmarcano/Documents/ReduceMUSE2017/Observation1/data/DATACUBE_SKYFLAT.fits
16:59:44 [ INFO  ] : [tid=000] Created product /home/mmarcano/Documents/ReduceMUSE2017/Observation1/data/TWILIGHT_CUBE.fits
16:59:44 [ INFO  ] : [tid=000] 2 products created
16:59:44 [ INFO  ] : [tid=000] Recipe operation(s) took       1.27e+03 seconds to complete.
16:59:44 [ INFO  ] : [tid=000] Total size of 9 raw input frames  =  7740.00 MB

16:59:44 [ INFO  ] : [tid=000] => processing rate of     6.10 MB/sec 

