
Start time     : 2019-02-14T14:18:10
Program name   : esorex
Severity level : [ INFO  ] 

14:18:10 [ INFO  ] : [tid=000] This is EsoRex, version 3.13.1
14:18:10 [ INFO  ] : [tid=000] using the libraries: CPL = 7.1, CFITSIO = 3.36, WCSLIB = 4.24, FFTW (normal precision) = 3.3.4-sse2, FFTW (single precision) = 3.3.4-sse2, CPL FLOP counting is unavailable, enable with -DCPL_ADD_FLOPS, OPENMP = 200805
14:18:10 [ INFO  ] : [tid=000] Invocation command line was: esorex --recipe-config=/home/mmarcano/Documents/ReduceMUSE2017/Observation1/config/muse_wavecal.rc --log-file=wavecal.log muse_wavecal /home/mmarcano/Documents/ReduceMUSE2017/Observation1/data/sof/wavecal.sof
14:18:10 [ INFO  ] muse_processing_recipeinfo: [tid=000] MUSE Instrument Pipeline v2.6
14:18:15 [ INFO  ] muse_image_load_from_raw: [tid=004] loaded "/home/mmarcano/Documents/ReduceMUSE2017/Observation1/data/data_with_raw_calibs/MUSE.2017-06-01T11:01:04.356.fits[CHAN05]" (extension 5)
14:18:15 [ INFO  ] muse_image_load_from_raw: [tid=014] loaded "/home/mmarcano/Documents/ReduceMUSE2017/Observation1/data/data_with_raw_calibs/MUSE.2017-06-01T11:01:04.356.fits[CHAN15]" (extension 3)
14:18:15 [ INFO  ] muse_image_load_from_raw: [tid=022] loaded "/home/mmarcano/Documents/ReduceMUSE2017/Observation1/data/data_with_raw_calibs/MUSE.2017-06-01T11:01:04.356.fits[CHAN23]" (extension 1)
14:18:16 [ INFO  ] muse_image_load_from_raw: [tid=004] loaded "/home/mmarcano/Documents/ReduceMUSE2017/Observation1/data/data_with_raw_calibs/MUSE.2017-06-01T11:02:24.358.fits[CHAN05]" (extension 5)
14:18:18 [ INFO  ] muse_image_load_from_raw: [tid=022] loaded "/home/mmarcano/Documents/ReduceMUSE2017/Observation1/data/data_with_raw_calibs/MUSE.2017-06-01T11:02:24.358.fits[CHAN23]" (extension 1)
14:18:18 [ INFO  ] muse_image_load_from_raw: [tid=014] loaded "/home/mmarcano/Documents/ReduceMUSE2017/Observation1/data/data_with_raw_calibs/MUSE.2017-06-01T11:02:24.358.fits[CHAN15]" (extension 3)
14:18:18 [ INFO  ] muse_image_load_from_raw: [tid=004] loaded "/home/mmarcano/Documents/ReduceMUSE2017/Observation1/data/data_with_raw_calibs/MUSE.2017-06-01T11:03:45.356.fits[CHAN05]" (extension 5)
14:18:19 [ INFO  ] muse_image_load_from_raw: [tid=022] loaded "/home/mmarcano/Documents/ReduceMUSE2017/Observation1/data/data_with_raw_calibs/MUSE.2017-06-01T11:03:45.356.fits[CHAN23]" (extension 1)
14:18:19 [ INFO  ] muse_image_load_from_raw: [tid=014] loaded "/home/mmarcano/Documents/ReduceMUSE2017/Observation1/data/data_with_raw_calibs/MUSE.2017-06-01T11:03:45.356.fits[CHAN15]" (extension 3)
14:18:21 [ INFO  ] muse_image_load_from_raw: [tid=009] loaded "/home/mmarcano/Documents/ReduceMUSE2017/Observation1/data/data_with_raw_calibs/MUSE.2017-06-01T11:01:04.356.fits[CHAN10]" (extension 10)
14:18:22 [ INFO  ] muse_image_load_from_raw: [tid=021] loaded "/home/mmarcano/Documents/ReduceMUSE2017/Observation1/data/data_with_raw_calibs/MUSE.2017-06-01T11:01:04.356.fits[CHAN22]" (extension 7)
14:18:22 [ INFO  ] muse_image_load_from_raw: [tid=019] loaded "/home/mmarcano/Documents/ReduceMUSE2017/Observation1/data/data_with_raw_calibs/MUSE.2017-06-01T11:01:04.356.fits[CHAN20]" (extension 8)
14:18:23 [ INFO  ] muse_image_load_from_raw: [tid=007] loaded "/home/mmarcano/Documents/ReduceMUSE2017/Observation1/data/data_with_raw_calibs/MUSE.2017-06-01T11:01:04.356.fits[CHAN08]" (extension 11)
14:18:23 [ INFO  ] muse_image_load_from_raw: [tid=004] loaded "/home/mmarcano/Documents/ReduceMUSE2017/Observation1/data/data_with_raw_calibs/MUSE.2017-06-01T11:05:05.356.fits[CHAN05]" (extension 5)
14:18:24 [ INFO  ] muse_image_load_from_raw: [tid=001] loaded "/home/mmarcano/Documents/ReduceMUSE2017/Observation1/data/data_with_raw_calibs/MUSE.2017-06-01T11:01:04.356.fits[CHAN02]" (extension 12)
14:18:25 [ INFO  ] muse_image_load_from_raw: [tid=022] loaded "/home/mmarcano/Documents/ReduceMUSE2017/Observation1/data/data_with_raw_calibs/MUSE.2017-06-01T11:05:05.356.fits[CHAN23]" (extension 1)
14:18:26 [ INFO  ] muse_image_load_from_raw: [tid=014] loaded "/home/mmarcano/Documents/ReduceMUSE2017/Observation1/data/data_with_raw_calibs/MUSE.2017-06-01T11:05:05.356.fits[CHAN15]" (extension 3)
14:18:26 [ INFO  ] muse_image_load_from_raw: [tid=009] loaded "/home/mmarcano/Documents/ReduceMUSE2017/Observation1/data/data_with_raw_calibs/MUSE.2017-06-01T11:02:24.358.fits[CHAN10]" (extension 10)
14:18:27 [ INFO  ] muse_image_load_from_raw: [tid=007] loaded "/home/mmarcano/Documents/ReduceMUSE2017/Observation1/data/data_with_raw_calibs/MUSE.2017-06-01T11:02:24.358.fits[CHAN08]" (extension 11)
14:18:28 [ INFO  ] muse_image_load_from_raw: [tid=019] loaded "/home/mmarcano/Documents/ReduceMUSE2017/Observation1/data/data_with_raw_calibs/MUSE.2017-06-01T11:02:24.358.fits[CHAN20]" (extension 8)
14:18:28 [ INFO  ] muse_image_load_from_raw: [tid=021] loaded "/home/mmarcano/Documents/ReduceMUSE2017/Observation1/data/data_with_raw_calibs/MUSE.2017-06-01T11:02:24.358.fits[CHAN22]" (extension 7)
14:18:28 [ INFO  ] muse_image_load_from_raw: [tid=001] loaded "/home/mmarcano/Documents/ReduceMUSE2017/Observation1/data/data_with_raw_calibs/MUSE.2017-06-01T11:02:24.358.fits[CHAN02]" (extension 12)
14:18:28 [ INFO  ] muse_image_load_from_raw: [tid=022] loaded "/home/mmarcano/Documents/ReduceMUSE2017/Observation1/data/data_with_raw_calibs/MUSE.2017-06-01T11:06:26.355.fits[CHAN23]" (extension 1)
14:18:28 [ INFO  ] muse_image_load_from_raw: [tid=004] loaded "/home/mmarcano/Documents/ReduceMUSE2017/Observation1/data/data_with_raw_calibs/MUSE.2017-06-01T11:06:26.355.fits[CHAN05]" (extension 5)
14:18:28 [ INFO  ] muse_image_load_from_raw: [tid=014] loaded "/home/mmarcano/Documents/ReduceMUSE2017/Observation1/data/data_with_raw_calibs/MUSE.2017-06-01T11:06:26.355.fits[CHAN15]" (extension 3)
14:18:31 [ INFO  ] muse_image_load_from_raw: [tid=009] loaded "/home/mmarcano/Documents/ReduceMUSE2017/Observation1/data/data_with_raw_calibs/MUSE.2017-06-01T11:03:45.356.fits[CHAN10]" (extension 10)
14:18:31 [ INFO  ] muse_image_load_from_raw: [tid=021] loaded "/home/mmarcano/Documents/ReduceMUSE2017/Observation1/data/data_with_raw_calibs/MUSE.2017-06-01T11:03:45.356.fits[CHAN22]" (extension 7)
14:18:32 [ INFO  ] muse_image_load_from_raw: [tid=007] loaded "/home/mmarcano/Documents/ReduceMUSE2017/Observation1/data/data_with_raw_calibs/MUSE.2017-06-01T11:03:45.356.fits[CHAN08]" (extension 11)
14:18:32 [ INFO  ] muse_image_load_from_raw: [tid=001] loaded "/home/mmarcano/Documents/ReduceMUSE2017/Observation1/data/data_with_raw_calibs/MUSE.2017-06-01T11:03:45.356.fits[CHAN02]" (extension 12)
14:18:33 [ INFO  ] muse_image_load_from_raw: [tid=019] loaded "/home/mmarcano/Documents/ReduceMUSE2017/Observation1/data/data_with_raw_calibs/MUSE.2017-06-01T11:03:45.356.fits[CHAN20]" (extension 8)
14:18:34 [ INFO  ] muse_image_load_from_raw: [tid=022] loaded "/home/mmarcano/Documents/ReduceMUSE2017/Observation1/data/data_with_raw_calibs/MUSE.2017-06-03T11:21:26.177.fits[CHAN23]" (extension 1)
14:18:34 [ INFO  ] muse_image_load_from_raw: [tid=004] loaded "/home/mmarcano/Documents/ReduceMUSE2017/Observation1/data/data_with_raw_calibs/MUSE.2017-06-03T11:21:26.177.fits[CHAN05]" (extension 5)
14:18:34 [ INFO  ] muse_image_load_from_raw: [tid=014] loaded "/home/mmarcano/Documents/ReduceMUSE2017/Observation1/data/data_with_raw_calibs/MUSE.2017-06-03T11:21:26.177.fits[CHAN15]" (extension 3)
14:18:36 [ INFO  ] muse_image_load_from_raw: [tid=008] loaded "/home/mmarcano/Documents/ReduceMUSE2017/Observation1/data/data_with_raw_calibs/MUSE.2017-06-01T11:01:04.356.fits[CHAN09]" (extension 16)
14:18:36 [ INFO  ] muse_image_load_from_raw: [tid=006] loaded "/home/mmarcano/Documents/ReduceMUSE2017/Observation1/data/data_with_raw_calibs/MUSE.2017-06-01T11:01:04.356.fits[CHAN07]" (extension 17)
14:18:38 [ INFO  ] muse_image_load_from_raw: [tid=009] loaded "/home/mmarcano/Documents/ReduceMUSE2017/Observation1/data/data_with_raw_calibs/MUSE.2017-06-01T11:05:05.356.fits[CHAN10]" (extension 10)
14:18:38 [ INFO  ] muse_image_load_from_raw: [tid=001] loaded "/home/mmarcano/Documents/ReduceMUSE2017/Observation1/data/data_with_raw_calibs/MUSE.2017-06-01T11:05:05.356.fits[CHAN02]" (extension 12)
14:18:38 [ INFO  ] muse_image_load_from_raw: [tid=019] loaded "/home/mmarcano/Documents/ReduceMUSE2017/Observation1/data/data_with_raw_calibs/MUSE.2017-06-01T11:05:05.356.fits[CHAN20]" (extension 8)
14:18:40 [ INFO  ] muse_image_load_from_raw: [tid=007] loaded "/home/mmarcano/Documents/ReduceMUSE2017/Observation1/data/data_with_raw_calibs/MUSE.2017-06-01T11:05:05.356.fits[CHAN08]" (extension 11)
14:18:40 [ INFO  ] muse_image_load_from_raw: [tid=022] loaded "/home/mmarcano/Documents/ReduceMUSE2017/Observation1/data/data_with_raw_calibs/MUSE.2017-06-03T11:22:46.177.fits[CHAN23]" (extension 1)
14:18:40 [ INFO  ] muse_image_load_from_raw: [tid=021] loaded "/home/mmarcano/Documents/ReduceMUSE2017/Observation1/data/data_with_raw_calibs/MUSE.2017-06-01T11:05:05.356.fits[CHAN22]" (extension 7)
14:18:41 [ INFO  ] muse_image_load_from_raw: [tid=014] loaded "/home/mmarcano/Documents/ReduceMUSE2017/Observation1/data/data_with_raw_calibs/MUSE.2017-06-03T11:22:46.177.fits[CHAN15]" (extension 3)
14:18:41 [ INFO  ] muse_image_load_from_raw: [tid=004] loaded "/home/mmarcano/Documents/ReduceMUSE2017/Observation1/data/data_with_raw_calibs/MUSE.2017-06-03T11:22:46.177.fits[CHAN05]" (extension 5)
14:18:41 [ INFO  ] muse_image_load_from_raw: [tid=006] loaded "/home/mmarcano/Documents/ReduceMUSE2017/Observation1/data/data_with_raw_calibs/MUSE.2017-06-01T11:02:24.358.fits[CHAN07]" (extension 17)
14:18:43 [ INFO  ] muse_image_load_from_raw: [tid=008] loaded "/home/mmarcano/Documents/ReduceMUSE2017/Observation1/data/data_with_raw_calibs/MUSE.2017-06-01T11:02:24.358.fits[CHAN09]" (extension 16)
14:18:44 [ INFO  ] muse_image_load_from_raw: [tid=007] loaded "/home/mmarcano/Documents/ReduceMUSE2017/Observation1/data/data_with_raw_calibs/MUSE.2017-06-01T11:06:26.355.fits[CHAN08]" (extension 11)
14:18:44 [ INFO  ] muse_image_load_from_raw: [tid=001] loaded "/home/mmarcano/Documents/ReduceMUSE2017/Observation1/data/data_with_raw_calibs/MUSE.2017-06-01T11:06:26.355.fits[CHAN02]" (extension 12)
14:18:44 [ INFO  ] muse_image_load_from_raw: [tid=009] loaded "/home/mmarcano/Documents/ReduceMUSE2017/Observation1/data/data_with_raw_calibs/MUSE.2017-06-01T11:06:26.355.fits[CHAN10]" (extension 10)
14:18:46 [ INFO  ] muse_image_load_from_raw: [tid=019] loaded "/home/mmarcano/Documents/ReduceMUSE2017/Observation1/data/data_with_raw_calibs/MUSE.2017-06-01T11:06:26.355.fits[CHAN20]" (extension 8)
14:18:47 [ INFO  ] muse_image_load_from_raw: [tid=021] loaded "/home/mmarcano/Documents/ReduceMUSE2017/Observation1/data/data_with_raw_calibs/MUSE.2017-06-01T11:06:26.355.fits[CHAN22]" (extension 7)
14:18:47 [ INFO  ] muse_image_load_from_raw: [tid=014] loaded "/home/mmarcano/Documents/ReduceMUSE2017/Observation1/data/data_with_raw_calibs/MUSE.2017-06-03T11:24:06.177.fits[CHAN15]" (extension 3)
14:18:47 [ INFO  ] muse_image_load_from_raw: [tid=006] loaded "/home/mmarcano/Documents/ReduceMUSE2017/Observation1/data/data_with_raw_calibs/MUSE.2017-06-01T11:03:45.356.fits[CHAN07]" (extension 17)
14:18:48 [ INFO  ] muse_image_load_from_raw: [tid=022] loaded "/home/mmarcano/Documents/ReduceMUSE2017/Observation1/data/data_with_raw_calibs/MUSE.2017-06-03T11:24:06.177.fits[CHAN23]" (extension 1)
14:18:49 [ INFO  ] muse_image_load_from_raw: [tid=009] loaded "/home/mmarcano/Documents/ReduceMUSE2017/Observation1/data/data_with_raw_calibs/MUSE.2017-06-03T11:21:26.177.fits[CHAN10]" (extension 10)
14:18:50 [ INFO  ] muse_image_load_from_raw: [tid=004] loaded "/home/mmarcano/Documents/ReduceMUSE2017/Observation1/data/data_with_raw_calibs/MUSE.2017-06-03T11:24:06.177.fits[CHAN05]" (extension 5)
14:18:50 [ INFO  ] muse_image_load_from_raw: [tid=008] loaded "/home/mmarcano/Documents/ReduceMUSE2017/Observation1/data/data_with_raw_calibs/MUSE.2017-06-01T11:03:45.356.fits[CHAN09]" (extension 16)
14:18:52 [ INFO  ] muse_image_load_from_raw: [tid=001] loaded "/home/mmarcano/Documents/ReduceMUSE2017/Observation1/data/data_with_raw_calibs/MUSE.2017-06-03T11:21:26.177.fits[CHAN02]" (extension 12)
14:18:52 [ INFO  ] muse_image_load_from_raw: [tid=019] loaded "/home/mmarcano/Documents/ReduceMUSE2017/Observation1/data/data_with_raw_calibs/MUSE.2017-06-03T11:21:26.177.fits[CHAN20]" (extension 8)
14:18:52 [ INFO  ] muse_image_load_from_raw: [tid=021] loaded "/home/mmarcano/Documents/ReduceMUSE2017/Observation1/data/data_with_raw_calibs/MUSE.2017-06-03T11:21:26.177.fits[CHAN22]" (extension 7)
14:18:52 [ INFO  ] muse_image_load_from_raw: [tid=007] loaded "/home/mmarcano/Documents/ReduceMUSE2017/Observation1/data/data_with_raw_calibs/MUSE.2017-06-03T11:21:26.177.fits[CHAN08]" (extension 11)
14:18:53 [ INFO  ] muse_image_load_from_raw: [tid=003] loaded "/home/mmarcano/Documents/ReduceMUSE2017/Observation1/data/data_with_raw_calibs/MUSE.2017-06-01T11:01:04.356.fits[CHAN04]" (extension 24)
14:18:55 [ INFO  ] muse_image_load_from_raw: [tid=009] loaded "/home/mmarcano/Documents/ReduceMUSE2017/Observation1/data/data_with_raw_calibs/MUSE.2017-06-03T11:22:46.177.fits[CHAN10]" (extension 10)
14:18:55 [ INFO  ] muse_image_load_from_raw: [tid=014] loaded "/home/mmarcano/Documents/ReduceMUSE2017/Observation1/data/data_with_raw_calibs/MUSE.2017-06-03T11:25:26.177.fits[CHAN15]" (extension 3)
14:18:57 [ INFO  ] muse_image_load_from_raw: [tid=005] loaded "/home/mmarcano/Documents/ReduceMUSE2017/Observation1/data/data_with_raw_calibs/MUSE.2017-06-01T11:01:04.356.fits[CHAN06]" (extension 23)
14:18:57 [ INFO  ] muse_image_load_from_raw: [tid=007] loaded "/home/mmarcano/Documents/ReduceMUSE2017/Observation1/data/data_with_raw_calibs/MUSE.2017-06-03T11:22:46.177.fits[CHAN08]" (extension 11)
14:18:57 [ INFO  ] muse_image_load_from_raw: [tid=006] loaded "/home/mmarcano/Documents/ReduceMUSE2017/Observation1/data/data_with_raw_calibs/MUSE.2017-06-01T11:05:05.356.fits[CHAN07]" (extension 17)
14:18:57 [ INFO  ] muse_image_load_from_raw: [tid=001] loaded "/home/mmarcano/Documents/ReduceMUSE2017/Observation1/data/data_with_raw_calibs/MUSE.2017-06-03T11:22:46.177.fits[CHAN02]" (extension 12)
14:18:58 [ INFO  ] muse_image_load_from_raw: [tid=019] loaded "/home/mmarcano/Documents/ReduceMUSE2017/Observation1/data/data_with_raw_calibs/MUSE.2017-06-03T11:22:46.177.fits[CHAN20]" (extension 8)
14:19:01 [ INFO  ] muse_image_load_from_raw: [tid=003] loaded "/home/mmarcano/Documents/ReduceMUSE2017/Observation1/data/data_with_raw_calibs/MUSE.2017-06-01T11:02:24.358.fits[CHAN04]" (extension 24)
14:19:01 [ INFO  ] muse_image_load_from_raw: [tid=011] loaded "/home/mmarcano/Documents/ReduceMUSE2017/Observation1/data/data_with_raw_calibs/MUSE.2017-06-01T11:01:04.356.fits[CHAN12]" (extension 22)
14:19:01 [ INFO  ] muse_image_load_from_raw: [tid=022] loaded "/home/mmarcano/Documents/ReduceMUSE2017/Observation1/data/data_with_raw_calibs/MUSE.2017-06-03T11:25:26.177.fits[CHAN23]" (extension 1)
14:19:01 [ INFO  ] muse_image_load_from_raw: [tid=004] loaded "/home/mmarcano/Documents/ReduceMUSE2017/Observation1/data/data_with_raw_calibs/MUSE.2017-06-03T11:25:26.177.fits[CHAN05]" (extension 5)
14:19:01 [ INFO  ] muse_image_load_from_raw: [tid=021] loaded "/home/mmarcano/Documents/ReduceMUSE2017/Observation1/data/data_with_raw_calibs/MUSE.2017-06-03T11:22:46.177.fits[CHAN22]" (extension 7)
14:19:01 [ INFO  ] muse_image_load_from_raw: [tid=001] loaded "/home/mmarcano/Documents/ReduceMUSE2017/Observation1/data/data_with_raw_calibs/MUSE.2017-06-03T11:24:06.177.fits[CHAN02]" (extension 12)
14:19:03 [ INFO  ] muse_image_load_from_raw: [tid=007] loaded "/home/mmarcano/Documents/ReduceMUSE2017/Observation1/data/data_with_raw_calibs/MUSE.2017-06-03T11:24:06.177.fits[CHAN08]" (extension 11)
14:19:03 [ INFO  ] muse_image_load_from_raw: [tid=009] loaded "/home/mmarcano/Documents/ReduceMUSE2017/Observation1/data/data_with_raw_calibs/MUSE.2017-06-03T11:24:06.177.fits[CHAN10]" (extension 10)
14:19:03 [ INFO  ] muse_image_load_from_raw: [tid=008] loaded "/home/mmarcano/Documents/ReduceMUSE2017/Observation1/data/data_with_raw_calibs/MUSE.2017-06-01T11:05:05.356.fits[CHAN09]" (extension 16)
14:19:03 [ INFO  ] muse_image_load_from_raw: [tid=014] loaded "/home/mmarcano/Documents/ReduceMUSE2017/Observation1/data/data_with_raw_calibs/MUSE.2017-06-03T11:26:46.177.fits[CHAN15]" (extension 3)
14:19:04 [ INFO  ] muse_image_load_from_raw: [tid=019] loaded "/home/mmarcano/Documents/ReduceMUSE2017/Observation1/data/data_with_raw_calibs/MUSE.2017-06-03T11:24:06.177.fits[CHAN20]" (extension 8)
14:19:06 [ INFO  ] muse_image_load_from_raw: [tid=022] loaded "/home/mmarcano/Documents/ReduceMUSE2017/Observation1/data/data_with_raw_calibs/MUSE.2017-06-03T11:26:46.177.fits[CHAN23]" (extension 1)
14:19:08 [ INFO  ] muse_image_load_from_raw: [tid=005] loaded "/home/mmarcano/Documents/ReduceMUSE2017/Observation1/data/data_with_raw_calibs/MUSE.2017-06-01T11:02:24.358.fits[CHAN06]" (extension 23)
14:19:08 [ INFO  ] muse_image_load_from_raw: [tid=006] loaded "/home/mmarcano/Documents/ReduceMUSE2017/Observation1/data/data_with_raw_calibs/MUSE.2017-06-01T11:06:26.355.fits[CHAN07]" (extension 17)
14:19:09 [ INFO  ] muse_image_load_from_raw: [tid=001] loaded "/home/mmarcano/Documents/ReduceMUSE2017/Observation1/data/data_with_raw_calibs/MUSE.2017-06-03T11:25:26.177.fits[CHAN02]" (extension 12)
14:19:09 [ INFO  ] muse_image_load_from_raw: [tid=011] loaded "/home/mmarcano/Documents/ReduceMUSE2017/Observation1/data/data_with_raw_calibs/MUSE.2017-06-01T11:02:24.358.fits[CHAN12]" (extension 22)
14:19:09 [ INFO  ] muse_image_load_from_raw: [tid=021] loaded "/home/mmarcano/Documents/ReduceMUSE2017/Observation1/data/data_with_raw_calibs/MUSE.2017-06-03T11:24:06.177.fits[CHAN22]" (extension 7)
14:19:11 [ INFO  ] muse_image_load_from_raw: [tid=007] loaded "/home/mmarcano/Documents/ReduceMUSE2017/Observation1/data/data_with_raw_calibs/MUSE.2017-06-03T11:25:26.177.fits[CHAN08]" (extension 11)
14:19:11 [ INFO  ] muse_image_load_from_raw: [tid=003] loaded "/home/mmarcano/Documents/ReduceMUSE2017/Observation1/data/data_with_raw_calibs/MUSE.2017-06-01T11:03:45.356.fits[CHAN04]" (extension 24)
14:19:12 [ INFO  ] muse_image_load_from_raw: [tid=004] loaded "/home/mmarcano/Documents/ReduceMUSE2017/Observation1/data/data_with_raw_calibs/MUSE.2017-06-03T11:26:46.177.fits[CHAN05]" (extension 5)
14:19:13 [ INFO  ] muse_image_load_from_raw: [tid=008] loaded "/home/mmarcano/Documents/ReduceMUSE2017/Observation1/data/data_with_raw_calibs/MUSE.2017-06-01T11:06:26.355.fits[CHAN09]" (extension 16)
14:19:14 [ INFO  ] muse_image_load_from_raw: [tid=009] loaded "/home/mmarcano/Documents/ReduceMUSE2017/Observation1/data/data_with_raw_calibs/MUSE.2017-06-03T11:25:26.177.fits[CHAN10]" (extension 10)
14:19:14 [ INFO  ] muse_image_load_from_raw: [tid=019] loaded "/home/mmarcano/Documents/ReduceMUSE2017/Observation1/data/data_with_raw_calibs/MUSE.2017-06-03T11:25:26.177.fits[CHAN20]" (extension 8)
14:19:17 [ INFO  ] muse_image_load_from_raw: [tid=021] loaded "/home/mmarcano/Documents/ReduceMUSE2017/Observation1/data/data_with_raw_calibs/MUSE.2017-06-03T11:25:26.177.fits[CHAN22]" (extension 7)
14:19:17 [ INFO  ] muse_image_load_from_raw: [tid=001] loaded "/home/mmarcano/Documents/ReduceMUSE2017/Observation1/data/data_with_raw_calibs/MUSE.2017-06-03T11:26:46.177.fits[CHAN02]" (extension 12)
14:19:19 [ INFO  ] muse_image_load_from_raw: [tid=011] loaded "/home/mmarcano/Documents/ReduceMUSE2017/Observation1/data/data_with_raw_calibs/MUSE.2017-06-01T11:03:45.356.fits[CHAN12]" (extension 22)
14:19:19 [ INFO  ] muse_image_load_from_raw: [tid=006] loaded "/home/mmarcano/Documents/ReduceMUSE2017/Observation1/data/data_with_raw_calibs/MUSE.2017-06-03T11:21:26.177.fits[CHAN07]" (extension 17)
14:19:22 [ INFO  ] muse_image_load_from_raw: [tid=007] loaded "/home/mmarcano/Documents/ReduceMUSE2017/Observation1/data/data_with_raw_calibs/MUSE.2017-06-03T11:26:46.177.fits[CHAN08]" (extension 11)
14:19:23 [ INFO  ] muse_image_load_from_raw: [tid=005] loaded "/home/mmarcano/Documents/ReduceMUSE2017/Observation1/data/data_with_raw_calibs/MUSE.2017-06-01T11:03:45.356.fits[CHAN06]" (extension 23)
14:19:23 [ INFO  ] muse_image_load_from_raw: [tid=003] loaded "/home/mmarcano/Documents/ReduceMUSE2017/Observation1/data/data_with_raw_calibs/MUSE.2017-06-01T11:05:05.356.fits[CHAN04]" (extension 24)
14:19:28 [ INFO  ] muse_image_load_from_raw: [tid=008] loaded "/home/mmarcano/Documents/ReduceMUSE2017/Observation1/data/data_with_raw_calibs/MUSE.2017-06-03T11:21:26.177.fits[CHAN09]" (extension 16)
14:19:30 [ INFO  ] muse_image_load_from_raw: [tid=019] loaded "/home/mmarcano/Documents/ReduceMUSE2017/Observation1/data/data_with_raw_calibs/MUSE.2017-06-03T11:26:46.177.fits[CHAN20]" (extension 8)
14:19:30 [ INFO  ] muse_image_load_from_raw: [tid=009] loaded "/home/mmarcano/Documents/ReduceMUSE2017/Observation1/data/data_with_raw_calibs/MUSE.2017-06-03T11:26:46.177.fits[CHAN10]" (extension 10)
14:19:36 [ INFO  ] muse_image_load_from_raw: [tid=021] loaded "/home/mmarcano/Documents/ReduceMUSE2017/Observation1/data/data_with_raw_calibs/MUSE.2017-06-03T11:26:46.177.fits[CHAN22]" (extension 7)
14:19:42 [ INFO  ] muse_image_load_from_raw: [tid=006] loaded "/home/mmarcano/Documents/ReduceMUSE2017/Observation1/data/data_with_raw_calibs/MUSE.2017-06-03T11:22:46.177.fits[CHAN07]" (extension 17)
14:19:44 [ INFO  ] muse_image_load_from_raw: [tid=011] loaded "/home/mmarcano/Documents/ReduceMUSE2017/Observation1/data/data_with_raw_calibs/MUSE.2017-06-01T11:05:05.356.fits[CHAN12]" (extension 22)
14:19:46 [ INFO  ] muse_image_load_from_raw: [tid=005] loaded "/home/mmarcano/Documents/ReduceMUSE2017/Observation1/data/data_with_raw_calibs/MUSE.2017-06-01T11:05:05.356.fits[CHAN06]" (extension 23)
14:19:46 [ INFO  ] muse_image_load_from_raw: [tid=003] loaded "/home/mmarcano/Documents/ReduceMUSE2017/Observation1/data/data_with_raw_calibs/MUSE.2017-06-01T11:06:26.355.fits[CHAN04]" (extension 24)
14:19:48 [ INFO  ] muse_image_load_from_raw: [tid=008] loaded "/home/mmarcano/Documents/ReduceMUSE2017/Observation1/data/data_with_raw_calibs/MUSE.2017-06-03T11:22:46.177.fits[CHAN09]" (extension 16)
14:20:01 [ INFO  ] muse_image_load_from_raw: [tid=006] loaded "/home/mmarcano/Documents/ReduceMUSE2017/Observation1/data/data_with_raw_calibs/MUSE.2017-06-03T11:24:06.177.fits[CHAN07]" (extension 17)
14:20:04 [ INFO  ] muse_image_load_from_raw: [tid=005] loaded "/home/mmarcano/Documents/ReduceMUSE2017/Observation1/data/data_with_raw_calibs/MUSE.2017-06-01T11:06:26.355.fits[CHAN06]" (extension 23)
14:20:06 [ INFO  ] muse_image_load_from_raw: [tid=011] loaded "/home/mmarcano/Documents/ReduceMUSE2017/Observation1/data/data_with_raw_calibs/MUSE.2017-06-01T11:06:26.355.fits[CHAN12]" (extension 22)
14:20:11 [ INFO  ] muse_image_load_from_raw: [tid=008] loaded "/home/mmarcano/Documents/ReduceMUSE2017/Observation1/data/data_with_raw_calibs/MUSE.2017-06-03T11:24:06.177.fits[CHAN09]" (extension 16)
14:20:11 [ INFO  ] muse_image_load_from_raw: [tid=003] loaded "/home/mmarcano/Documents/ReduceMUSE2017/Observation1/data/data_with_raw_calibs/MUSE.2017-06-03T11:21:26.177.fits[CHAN04]" (extension 24)
14:20:19 [ INFO  ] muse_image_load_from_raw: [tid=006] loaded "/home/mmarcano/Documents/ReduceMUSE2017/Observation1/data/data_with_raw_calibs/MUSE.2017-06-03T11:25:26.177.fits[CHAN07]" (extension 17)
14:20:28 [ INFO  ] muse_image_load_from_raw: [tid=005] loaded "/home/mmarcano/Documents/ReduceMUSE2017/Observation1/data/data_with_raw_calibs/MUSE.2017-06-03T11:21:26.177.fits[CHAN06]" (extension 23)
14:20:32 [ INFO  ] muse_image_load_from_raw: [tid=011] loaded "/home/mmarcano/Documents/ReduceMUSE2017/Observation1/data/data_with_raw_calibs/MUSE.2017-06-03T11:21:26.177.fits[CHAN12]" (extension 22)
14:20:37 [ INFO  ] muse_image_load_from_raw: [tid=008] loaded "/home/mmarcano/Documents/ReduceMUSE2017/Observation1/data/data_with_raw_calibs/MUSE.2017-06-03T11:25:26.177.fits[CHAN09]" (extension 16)
14:20:37 [ INFO  ] muse_image_load_from_raw: [tid=003] loaded "/home/mmarcano/Documents/ReduceMUSE2017/Observation1/data/data_with_raw_calibs/MUSE.2017-06-03T11:22:46.177.fits[CHAN04]" (extension 24)
14:20:43 [ INFO  ] muse_image_load_from_raw: [tid=006] loaded "/home/mmarcano/Documents/ReduceMUSE2017/Observation1/data/data_with_raw_calibs/MUSE.2017-06-03T11:26:46.177.fits[CHAN07]" (extension 17)
14:20:45 [ INFO  ] muse_image_load_from_raw: [tid=011] loaded "/home/mmarcano/Documents/ReduceMUSE2017/Observation1/data/data_with_raw_calibs/MUSE.2017-06-03T11:22:46.177.fits[CHAN12]" (extension 22)
14:20:46 [ INFO  ] muse_image_load_from_raw: [tid=005] loaded "/home/mmarcano/Documents/ReduceMUSE2017/Observation1/data/data_with_raw_calibs/MUSE.2017-06-03T11:22:46.177.fits[CHAN06]" (extension 23)
14:20:49 [ INFO  ] muse_image_load_from_raw: [tid=008] loaded "/home/mmarcano/Documents/ReduceMUSE2017/Observation1/data/data_with_raw_calibs/MUSE.2017-06-03T11:26:46.177.fits[CHAN09]" (extension 16)
14:20:51 [ INFO  ] muse_image_load_from_raw: [tid=003] loaded "/home/mmarcano/Documents/ReduceMUSE2017/Observation1/data/data_with_raw_calibs/MUSE.2017-06-03T11:24:06.177.fits[CHAN04]" (extension 24)
14:20:56 [ INFO  ] muse_image_load_from_raw: [tid=011] loaded "/home/mmarcano/Documents/ReduceMUSE2017/Observation1/data/data_with_raw_calibs/MUSE.2017-06-03T11:24:06.177.fits[CHAN12]" (extension 22)
14:20:58 [ INFO  ] muse_image_load_from_raw: [tid=005] loaded "/home/mmarcano/Documents/ReduceMUSE2017/Observation1/data/data_with_raw_calibs/MUSE.2017-06-03T11:24:06.177.fits[CHAN06]" (extension 23)
14:21:03 [ INFO  ] muse_image_load_from_raw: [tid=003] loaded "/home/mmarcano/Documents/ReduceMUSE2017/Observation1/data/data_with_raw_calibs/MUSE.2017-06-03T11:25:26.177.fits[CHAN04]" (extension 24)
14:21:09 [ INFO  ] muse_image_load_from_raw: [tid=011] loaded "/home/mmarcano/Documents/ReduceMUSE2017/Observation1/data/data_with_raw_calibs/MUSE.2017-06-03T11:25:26.177.fits[CHAN12]" (extension 22)
14:21:10 [ INFO  ] muse_image_load_from_raw: [tid=005] loaded "/home/mmarcano/Documents/ReduceMUSE2017/Observation1/data/data_with_raw_calibs/MUSE.2017-06-03T11:25:26.177.fits[CHAN06]" (extension 23)
14:21:14 [ INFO  ] muse_image_load_from_raw: [tid=003] loaded "/home/mmarcano/Documents/ReduceMUSE2017/Observation1/data/data_with_raw_calibs/MUSE.2017-06-03T11:26:46.177.fits[CHAN04]" (extension 24)
14:21:24 [ INFO  ] muse_image_load_from_raw: [tid=011] loaded "/home/mmarcano/Documents/ReduceMUSE2017/Observation1/data/data_with_raw_calibs/MUSE.2017-06-03T11:26:46.177.fits[CHAN12]" (extension 22)
14:21:24 [ INFO  ] muse_image_load_from_raw: [tid=005] loaded "/home/mmarcano/Documents/ReduceMUSE2017/Observation1/data/data_with_raw_calibs/MUSE.2017-06-03T11:26:46.177.fits[CHAN06]" (extension 23)
14:23:20 [ INFO  ] muse_basicproc_apply_bias: [tid=014] Bias correction in IFU 15 using "/home/mmarcano/Documents/ReduceMUSE2017/Observation1/data/MASTER_BIAS.fits[CHAN15.DATA]"
14:23:45 [ INFO  ] muse_basicproc_apply_bias: [tid=004] Bias correction in IFU 5 using "/home/mmarcano/Documents/ReduceMUSE2017/Observation1/data/MASTER_BIAS.fits[CHAN05.DATA]"
14:23:52 [ INFO  ] muse_basicproc_apply_bias: [tid=001] Bias correction in IFU 2 using "/home/mmarcano/Documents/ReduceMUSE2017/Observation1/data/MASTER_BIAS.fits[CHAN02.DATA]"
14:24:02 [ INFO  ] muse_basicproc_apply_bias: [tid=007] Bias correction in IFU 8 using "/home/mmarcano/Documents/ReduceMUSE2017/Observation1/data/MASTER_BIAS.fits[CHAN08.DATA]"
14:24:17 [ INFO  ] muse_basicproc_adu_to_count: [tid=014] Converting 10 exposures from adu to count (= electron) units in IFU 15
14:24:22 [ INFO  ] muse_basicproc_apply_bias: [tid=009] Bias correction in IFU 10 using "/home/mmarcano/Documents/ReduceMUSE2017/Observation1/data/MASTER_BIAS.fits[CHAN10.DATA]"
14:24:21 [ INFO  ] muse_combine_images: [tid=014] Combination method: average with sigma clipping (3.000000/3.000000)
14:24:26 [ INFO  ] muse_basicproc_apply_bias: [tid=022] Bias correction in IFU 23 using "/home/mmarcano/Documents/ReduceMUSE2017/Observation1/data/MASTER_BIAS.fits[CHAN23.DATA]"
14:24:33 [ INFO  ] muse_basicproc_apply_bias: [tid=019] Bias correction in IFU 20 using "/home/mmarcano/Documents/ReduceMUSE2017/Observation1/data/MASTER_BIAS.fits[CHAN20.DATA]"
14:24:34 [ INFO  ] muse_basicproc_apply_bias: [tid=021] Bias correction in IFU 22 using "/home/mmarcano/Documents/ReduceMUSE2017/Observation1/data/MASTER_BIAS.fits[CHAN22.DATA]"
14:24:50 [ INFO  ] muse_basicproc_adu_to_count: [tid=004] Converting 10 exposures from adu to count (= electron) units in IFU 5
14:24:50 [ INFO  ] muse_basicproc_apply_bias: [tid=006] Bias correction in IFU 7 using "/home/mmarcano/Documents/ReduceMUSE2017/Observation1/data/MASTER_BIAS.fits[CHAN07.DATA]"
14:24:54 [ INFO  ] muse_combine_images: [tid=004] Combination method: average with sigma clipping (3.000000/3.000000)
14:24:59 [ INFO  ] muse_basicproc_apply_bias: [tid=008] Bias correction in IFU 9 using "/home/mmarcano/Documents/ReduceMUSE2017/Observation1/data/MASTER_BIAS.fits[CHAN09.DATA]"
14:25:01 [ INFO  ] muse_basicproc_adu_to_count: [tid=001] Converting 10 exposures from adu to count (= electron) units in IFU 2
14:25:04 [ INFO  ] muse_basicproc_adu_to_count: [tid=007] Converting 10 exposures from adu to count (= electron) units in IFU 8
14:25:05 [ INFO  ] muse_basicproc_apply_bias: [tid=003] Bias correction in IFU 4 using "/home/mmarcano/Documents/ReduceMUSE2017/Observation1/data/MASTER_BIAS.fits[CHAN04.DATA]"
14:25:06 [ INFO  ] muse_combine_images: [tid=001] Combination method: average with sigma clipping (3.000000/3.000000)
14:25:08 [ INFO  ] muse_combine_images: [tid=007] Combination method: average with sigma clipping (3.000000/3.000000)
14:25:21 [ INFO  ] muse_basicproc_adu_to_count: [tid=009] Converting 10 exposures from adu to count (= electron) units in IFU 10
14:25:25 [ INFO  ] muse_combine_images: [tid=009] Combination method: average with sigma clipping (3.000000/3.000000)
14:25:40 [ INFO  ] muse_basicproc_adu_to_count: [tid=022] Converting 10 exposures from adu to count (= electron) units in IFU 23
14:25:44 [ INFO  ] muse_combine_images: [tid=022] Combination method: average with sigma clipping (3.000000/3.000000)
14:26:09 [ INFO  ] muse_basicproc_adu_to_count: [tid=019] Converting 10 exposures from adu to count (= electron) units in IFU 20
14:26:14 [ INFO  ] muse_combine_images: [tid=019] Combination method: average with sigma clipping (3.000000/3.000000)
14:26:23 [ INFO  ] muse_basicproc_adu_to_count: [tid=021] Converting 10 exposures from adu to count (= electron) units in IFU 22
14:26:27 [ INFO  ] muse_combine_images: [tid=021] Combination method: average with sigma clipping (3.000000/3.000000)
14:26:29 [ INFO  ] muse_basicproc_adu_to_count: [tid=006] Converting 10 exposures from adu to count (= electron) units in IFU 7
14:26:33 [ INFO  ] muse_combine_images: [tid=006] Combination method: average with sigma clipping (3.000000/3.000000)
14:26:42 [ INFO  ] muse_basicproc_adu_to_count: [tid=008] Converting 10 exposures from adu to count (= electron) units in IFU 9
14:26:46 [ INFO  ] muse_combine_images: [tid=008] Combination method: average with sigma clipping (3.000000/3.000000)
14:27:02 [ INFO  ] muse_basicproc_apply_bias: [tid=011] Bias correction in IFU 12 using "/home/mmarcano/Documents/ReduceMUSE2017/Observation1/data/MASTER_BIAS.fits[CHAN12.DATA]"
14:27:04 [ INFO  ] muse_image_load_from_raw: [tid=014] loaded "/home/mmarcano/Documents/ReduceMUSE2017/Observation1/data/data_with_raw_calibs/MUSE.2017-06-01T11:07:51.355.fits[CHAN15]" (extension 3)
14:27:36 [ INFO  ] muse_basicproc_adu_to_count: [tid=003] Converting 10 exposures from adu to count (= electron) units in IFU 4
14:27:40 [ INFO  ] muse_image_load_from_raw: [tid=014] loaded "/home/mmarcano/Documents/ReduceMUSE2017/Observation1/data/data_with_raw_calibs/MUSE.2017-06-01T11:09:11.355.fits[CHAN15]" (extension 3)
14:27:41 [ INFO  ] muse_combine_images: [tid=003] Combination method: average with sigma clipping (3.000000/3.000000)
14:28:22 [ INFO  ] muse_image_load_from_raw: [tid=014] loaded "/home/mmarcano/Documents/ReduceMUSE2017/Observation1/data/data_with_raw_calibs/MUSE.2017-06-01T11:10:31.356.fits[CHAN15]" (extension 3)
14:28:48 [ INFO  ] muse_image_load_from_raw: [tid=014] loaded "/home/mmarcano/Documents/ReduceMUSE2017/Observation1/data/data_with_raw_calibs/MUSE.2017-06-01T11:11:50.358.fits[CHAN15]" (extension 3)
14:28:50 [ INFO  ] muse_image_load_from_raw: [tid=016] loaded "/home/mmarcano/Documents/ReduceMUSE2017/Observation1/data/data_with_raw_calibs/MUSE.2017-06-01T11:01:04.356.fits[CHAN17]" (extension 2)
14:28:52 [ INFO  ] muse_basicproc_apply_bias: [tid=005] Bias correction in IFU 6 using "/home/mmarcano/Documents/ReduceMUSE2017/Observation1/data/MASTER_BIAS.fits[CHAN06.DATA]"
14:29:04 [ INFO  ] muse_image_load_from_raw: [tid=004] loaded "/home/mmarcano/Documents/ReduceMUSE2017/Observation1/data/data_with_raw_calibs/MUSE.2017-06-01T11:07:51.355.fits[CHAN05]" (extension 5)
14:29:21 [ INFO  ] muse_image_load_from_raw: [tid=014] loaded "/home/mmarcano/Documents/ReduceMUSE2017/Observation1/data/data_with_raw_calibs/MUSE.2017-06-01T11:13:09.356.fits[CHAN15]" (extension 3)
14:29:21 [ INFO  ] muse_image_load_from_raw: [tid=004] loaded "/home/mmarcano/Documents/ReduceMUSE2017/Observation1/data/data_with_raw_calibs/MUSE.2017-06-01T11:09:11.355.fits[CHAN05]" (extension 5)
14:29:21 [ INFO  ] muse_image_load_from_raw: [tid=014] loaded "/home/mmarcano/Documents/ReduceMUSE2017/Observation1/data/data_with_raw_calibs/MUSE.2017-06-03T11:28:13.176.fits[CHAN15]" (extension 3)
14:29:21 [ INFO  ] muse_image_load_from_raw: [tid=016] loaded "/home/mmarcano/Documents/ReduceMUSE2017/Observation1/data/data_with_raw_calibs/MUSE.2017-06-01T11:02:24.358.fits[CHAN17]" (extension 2)
14:29:39 [ INFO  ] muse_image_load_from_raw: [tid=014] loaded "/home/mmarcano/Documents/ReduceMUSE2017/Observation1/data/data_with_raw_calibs/MUSE.2017-06-03T11:29:33.177.fits[CHAN15]" (extension 3)
14:29:39 [ INFO  ] muse_image_load_from_raw: [tid=004] loaded "/home/mmarcano/Documents/ReduceMUSE2017/Observation1/data/data_with_raw_calibs/MUSE.2017-06-01T11:10:31.356.fits[CHAN05]" (extension 5)
14:30:02 [ INFO  ] muse_basicproc_adu_to_count: [tid=011] Converting 10 exposures from adu to count (= electron) units in IFU 12
14:30:02 [ INFO  ] muse_image_load_from_raw: [tid=022] loaded "/home/mmarcano/Documents/ReduceMUSE2017/Observation1/data/data_with_raw_calibs/MUSE.2017-06-01T11:07:51.355.fits[CHAN23]" (extension 1)
14:30:02 [ INFO  ] muse_image_load_from_raw: [tid=014] loaded "/home/mmarcano/Documents/ReduceMUSE2017/Observation1/data/data_with_raw_calibs/MUSE.2017-06-03T11:30:53.176.fits[CHAN15]" (extension 3)
14:30:02 [ INFO  ] muse_image_load_from_raw: [tid=004] loaded "/home/mmarcano/Documents/ReduceMUSE2017/Observation1/data/data_with_raw_calibs/MUSE.2017-06-01T11:11:50.358.fits[CHAN05]" (extension 5)
14:30:05 [ INFO  ] muse_image_load_from_raw: [tid=016] loaded "/home/mmarcano/Documents/ReduceMUSE2017/Observation1/data/data_with_raw_calibs/MUSE.2017-06-01T11:03:45.356.fits[CHAN17]" (extension 2)
14:30:09 [ INFO  ] muse_combine_images: [tid=011] Combination method: average with sigma clipping (3.000000/3.000000)
14:30:23 [ INFO  ] muse_image_load_from_raw: [tid=004] loaded "/home/mmarcano/Documents/ReduceMUSE2017/Observation1/data/data_with_raw_calibs/MUSE.2017-06-01T11:13:09.356.fits[CHAN05]" (extension 5)
14:30:33 [ INFO  ] muse_image_load_from_raw: [tid=022] loaded "/home/mmarcano/Documents/ReduceMUSE2017/Observation1/data/data_with_raw_calibs/MUSE.2017-06-01T11:09:11.355.fits[CHAN23]" (extension 1)
14:30:49 [ INFO  ] muse_image_load_from_raw: [tid=016] loaded "/home/mmarcano/Documents/ReduceMUSE2017/Observation1/data/data_with_raw_calibs/MUSE.2017-06-01T11:05:05.356.fits[CHAN17]" (extension 2)
14:30:49 [ INFO  ] muse_image_load_from_raw: [tid=010] loaded "/home/mmarcano/Documents/ReduceMUSE2017/Observation1/data/data_with_raw_calibs/MUSE.2017-06-01T11:01:04.356.fits[CHAN11]" (extension 4)
14:30:50 [ INFO  ] muse_image_load_from_raw: [tid=014] loaded "/home/mmarcano/Documents/ReduceMUSE2017/Observation1/data/data_with_raw_calibs/MUSE.2017-06-03T11:32:13.175.fits[CHAN15]" (extension 3)
14:31:00 [ INFO  ] muse_image_load_from_raw: [tid=022] loaded "/home/mmarcano/Documents/ReduceMUSE2017/Observation1/data/data_with_raw_calibs/MUSE.2017-06-01T11:10:31.356.fits[CHAN23]" (extension 1)
14:31:00 [ INFO  ] muse_image_load_from_raw: [tid=009] loaded "/home/mmarcano/Documents/ReduceMUSE2017/Observation1/data/data_with_raw_calibs/MUSE.2017-06-01T11:07:51.355.fits[CHAN10]" (extension 10)
14:31:02 [ INFO  ] muse_image_load_from_raw: [tid=004] loaded "/home/mmarcano/Documents/ReduceMUSE2017/Observation1/data/data_with_raw_calibs/MUSE.2017-06-03T11:28:13.176.fits[CHAN05]" (extension 5)
14:31:02 [ INFO  ] muse_image_load_from_raw: [tid=001] loaded "/home/mmarcano/Documents/ReduceMUSE2017/Observation1/data/data_with_raw_calibs/MUSE.2017-06-01T11:07:51.355.fits[CHAN02]" (extension 12)
14:31:02 [ INFO  ] muse_image_load_from_raw: [tid=007] loaded "/home/mmarcano/Documents/ReduceMUSE2017/Observation1/data/data_with_raw_calibs/MUSE.2017-06-01T11:07:51.355.fits[CHAN08]" (extension 11)
14:31:03 [ INFO  ] muse_basicproc_adu_to_count: [tid=005] Converting 10 exposures from adu to count (= electron) units in IFU 6
14:31:03 [ INFO  ] muse_image_load_from_raw: [tid=014] loaded "/home/mmarcano/Documents/ReduceMUSE2017/Observation1/data/data_with_raw_calibs/MUSE.2017-06-03T11:33:33.176.fits[CHAN15]" (extension 3)
14:31:04 [ INFO  ] muse_image_load_from_raw: [tid=022] loaded "/home/mmarcano/Documents/ReduceMUSE2017/Observation1/data/data_with_raw_calibs/MUSE.2017-06-01T11:11:50.358.fits[CHAN23]" (extension 1)
14:31:04 [ INFO  ] muse_image_load_from_raw: [tid=009] loaded "/home/mmarcano/Documents/ReduceMUSE2017/Observation1/data/data_with_raw_calibs/MUSE.2017-06-01T11:09:11.355.fits[CHAN10]" (extension 10)
14:31:04 [ INFO  ] muse_image_load_from_raw: [tid=007] loaded "/home/mmarcano/Documents/ReduceMUSE2017/Observation1/data/data_with_raw_calibs/MUSE.2017-06-01T11:09:11.355.fits[CHAN08]" (extension 11)
14:31:04 [ INFO  ] muse_image_load_from_raw: [tid=001] loaded "/home/mmarcano/Documents/ReduceMUSE2017/Observation1/data/data_with_raw_calibs/MUSE.2017-06-01T11:09:11.355.fits[CHAN02]" (extension 12)
14:31:04 [ INFO  ] muse_image_load_from_raw: [tid=004] loaded "/home/mmarcano/Documents/ReduceMUSE2017/Observation1/data/data_with_raw_calibs/MUSE.2017-06-03T11:29:33.177.fits[CHAN05]" (extension 5)
14:31:04 [ INFO  ] muse_image_load_from_raw: [tid=022] loaded "/home/mmarcano/Documents/ReduceMUSE2017/Observation1/data/data_with_raw_calibs/MUSE.2017-06-01T11:13:09.356.fits[CHAN23]" (extension 1)
14:31:04 [ INFO  ] muse_image_load_from_raw: [tid=009] loaded "/home/mmarcano/Documents/ReduceMUSE2017/Observation1/data/data_with_raw_calibs/MUSE.2017-06-01T11:10:31.356.fits[CHAN10]" (extension 10)
14:31:04 [ INFO  ] muse_image_load_from_raw: [tid=007] loaded "/home/mmarcano/Documents/ReduceMUSE2017/Observation1/data/data_with_raw_calibs/MUSE.2017-06-01T11:10:31.356.fits[CHAN08]" (extension 11)
14:31:05 [ INFO  ] muse_image_load_from_raw: [tid=010] loaded "/home/mmarcano/Documents/ReduceMUSE2017/Observation1/data/data_with_raw_calibs/MUSE.2017-06-01T11:02:24.358.fits[CHAN11]" (extension 4)
14:31:05 [ INFO  ] muse_image_load_from_raw: [tid=016] loaded "/home/mmarcano/Documents/ReduceMUSE2017/Observation1/data/data_with_raw_calibs/MUSE.2017-06-01T11:06:26.355.fits[CHAN17]" (extension 2)
14:31:07 [ INFO  ] muse_image_load_from_raw: [tid=004] loaded "/home/mmarcano/Documents/ReduceMUSE2017/Observation1/data/data_with_raw_calibs/MUSE.2017-06-03T11:30:53.176.fits[CHAN05]" (extension 5)
14:31:09 [ INFO  ] muse_combine_images: [tid=005] Combination method: average with sigma clipping (3.000000/3.000000)
14:31:17 [ INFO  ] muse_image_load_from_raw: [tid=001] loaded "/home/mmarcano/Documents/ReduceMUSE2017/Observation1/data/data_with_raw_calibs/MUSE.2017-06-01T11:10:31.356.fits[CHAN02]" (extension 12)
14:31:20 [ INFO  ] muse_image_load_from_raw: [tid=021] loaded "/home/mmarcano/Documents/ReduceMUSE2017/Observation1/data/data_with_raw_calibs/MUSE.2017-06-01T11:07:51.355.fits[CHAN22]" (extension 7)
14:31:24 [ INFO  ] muse_image_load_from_raw: [tid=007] loaded "/home/mmarcano/Documents/ReduceMUSE2017/Observation1/data/data_with_raw_calibs/MUSE.2017-06-01T11:11:50.358.fits[CHAN08]" (extension 11)
14:31:26 [ INFO  ] muse_image_load_from_raw: [tid=022] loaded "/home/mmarcano/Documents/ReduceMUSE2017/Observation1/data/data_with_raw_calibs/MUSE.2017-06-03T11:28:13.176.fits[CHAN23]" (extension 1)
14:31:27 [ INFO  ] muse_image_load_from_raw: [tid=001] loaded "/home/mmarcano/Documents/ReduceMUSE2017/Observation1/data/data_with_raw_calibs/MUSE.2017-06-01T11:11:50.358.fits[CHAN02]" (extension 12)
14:31:27 [ INFO  ] muse_image_load_from_raw: [tid=010] loaded "/home/mmarcano/Documents/ReduceMUSE2017/Observation1/data/data_with_raw_calibs/MUSE.2017-06-01T11:03:45.356.fits[CHAN11]" (extension 4)
14:31:29 [ INFO  ] muse_image_load_from_raw: [tid=004] loaded "/home/mmarcano/Documents/ReduceMUSE2017/Observation1/data/data_with_raw_calibs/MUSE.2017-06-03T11:32:13.175.fits[CHAN05]" (extension 5)
14:31:32 [ INFO  ] muse_image_load_from_raw: [tid=016] loaded "/home/mmarcano/Documents/ReduceMUSE2017/Observation1/data/data_with_raw_calibs/MUSE.2017-06-03T11:21:26.177.fits[CHAN17]" (extension 2)
14:31:32 [ INFO  ] muse_image_load_from_raw: [tid=009] loaded "/home/mmarcano/Documents/ReduceMUSE2017/Observation1/data/data_with_raw_calibs/MUSE.2017-06-01T11:11:50.358.fits[CHAN10]" (extension 10)
14:31:36 [ INFO  ] muse_image_load_from_raw: [tid=021] loaded "/home/mmarcano/Documents/ReduceMUSE2017/Observation1/data/data_with_raw_calibs/MUSE.2017-06-01T11:09:11.355.fits[CHAN22]" (extension 7)
14:31:36 [ INFO  ] muse_image_load_from_raw: [tid=006] loaded "/home/mmarcano/Documents/ReduceMUSE2017/Observation1/data/data_with_raw_calibs/MUSE.2017-06-01T11:07:51.355.fits[CHAN07]" (extension 17)
14:31:37 [ INFO  ] muse_image_load_from_raw: [tid=007] loaded "/home/mmarcano/Documents/ReduceMUSE2017/Observation1/data/data_with_raw_calibs/MUSE.2017-06-01T11:13:09.356.fits[CHAN08]" (extension 11)
14:31:37 [ INFO  ] muse_image_load_from_raw: [tid=001] loaded "/home/mmarcano/Documents/ReduceMUSE2017/Observation1/data/data_with_raw_calibs/MUSE.2017-06-01T11:13:09.356.fits[CHAN02]" (extension 12)
14:31:40 [ INFO  ] muse_image_load_from_raw: [tid=008] loaded "/home/mmarcano/Documents/ReduceMUSE2017/Observation1/data/data_with_raw_calibs/MUSE.2017-06-01T11:07:51.355.fits[CHAN09]" (extension 16)
14:31:41 [ INFO  ] muse_image_load_from_raw: [tid=019] loaded "/home/mmarcano/Documents/ReduceMUSE2017/Observation1/data/data_with_raw_calibs/MUSE.2017-06-01T11:07:51.355.fits[CHAN20]" (extension 8)
14:31:44 [ INFO  ] muse_image_load_from_raw: [tid=009] loaded "/home/mmarcano/Documents/ReduceMUSE2017/Observation1/data/data_with_raw_calibs/MUSE.2017-06-01T11:13:09.356.fits[CHAN10]" (extension 10)
14:31:45 [ INFO  ] muse_image_load_from_raw: [tid=022] loaded "/home/mmarcano/Documents/ReduceMUSE2017/Observation1/data/data_with_raw_calibs/MUSE.2017-06-03T11:29:33.177.fits[CHAN23]" (extension 1)
14:31:46 [ INFO  ] muse_image_load_from_raw: [tid=010] loaded "/home/mmarcano/Documents/ReduceMUSE2017/Observation1/data/data_with_raw_calibs/MUSE.2017-06-01T11:05:05.356.fits[CHAN11]" (extension 4)
14:31:47 [ INFO  ] muse_image_load_from_raw: [tid=004] loaded "/home/mmarcano/Documents/ReduceMUSE2017/Observation1/data/data_with_raw_calibs/MUSE.2017-06-03T11:33:33.176.fits[CHAN05]" (extension 5)
14:31:47 [ INFO  ] muse_image_load_from_raw: [tid=006] loaded "/home/mmarcano/Documents/ReduceMUSE2017/Observation1/data/data_with_raw_calibs/MUSE.2017-06-01T11:09:11.355.fits[CHAN07]" (extension 17)
14:31:47 [ INFO  ] muse_image_load_from_raw: [tid=008] loaded "/home/mmarcano/Documents/ReduceMUSE2017/Observation1/data/data_with_raw_calibs/MUSE.2017-06-01T11:09:11.355.fits[CHAN09]" (extension 16)
14:31:49 [ INFO  ] muse_image_load_from_raw: [tid=019] loaded "/home/mmarcano/Documents/ReduceMUSE2017/Observation1/data/data_with_raw_calibs/MUSE.2017-06-01T11:09:11.355.fits[CHAN20]" (extension 8)
14:31:51 [ INFO  ] muse_image_load_from_raw: [tid=021] loaded "/home/mmarcano/Documents/ReduceMUSE2017/Observation1/data/data_with_raw_calibs/MUSE.2017-06-01T11:10:31.356.fits[CHAN22]" (extension 7)
14:31:51 [ INFO  ] muse_image_load_from_raw: [tid=001] loaded "/home/mmarcano/Documents/ReduceMUSE2017/Observation1/data/data_with_raw_calibs/MUSE.2017-06-03T11:28:13.176.fits[CHAN02]" (extension 12)
14:31:51 [ INFO  ] muse_image_load_from_raw: [tid=007] loaded "/home/mmarcano/Documents/ReduceMUSE2017/Observation1/data/data_with_raw_calibs/MUSE.2017-06-03T11:28:13.176.fits[CHAN08]" (extension 11)
14:31:53 [ INFO  ] muse_image_load_from_raw: [tid=016] loaded "/home/mmarcano/Documents/ReduceMUSE2017/Observation1/data/data_with_raw_calibs/MUSE.2017-06-03T11:22:46.177.fits[CHAN17]" (extension 2)
14:31:57 [ INFO  ] muse_image_load_from_raw: [tid=009] loaded "/home/mmarcano/Documents/ReduceMUSE2017/Observation1/data/data_with_raw_calibs/MUSE.2017-06-03T11:28:13.176.fits[CHAN10]" (extension 10)
14:31:57 [ INFO  ] muse_image_load_from_raw: [tid=022] loaded "/home/mmarcano/Documents/ReduceMUSE2017/Observation1/data/data_with_raw_calibs/MUSE.2017-06-03T11:30:53.176.fits[CHAN23]" (extension 1)
14:31:57 [ INFO  ] muse_image_load_from_raw: [tid=019] loaded "/home/mmarcano/Documents/ReduceMUSE2017/Observation1/data/data_with_raw_calibs/MUSE.2017-06-01T11:10:31.356.fits[CHAN20]" (extension 8)
14:31:59 [ INFO  ] muse_image_load_from_raw: [tid=008] loaded "/home/mmarcano/Documents/ReduceMUSE2017/Observation1/data/data_with_raw_calibs/MUSE.2017-06-01T11:10:31.356.fits[CHAN09]" (extension 16)
14:32:00 [ INFO  ] muse_image_load_from_raw: [tid=006] loaded "/home/mmarcano/Documents/ReduceMUSE2017/Observation1/data/data_with_raw_calibs/MUSE.2017-06-01T11:10:31.356.fits[CHAN07]" (extension 17)
14:32:01 [ INFO  ] muse_image_load_from_raw: [tid=003] loaded "/home/mmarcano/Documents/ReduceMUSE2017/Observation1/data/data_with_raw_calibs/MUSE.2017-06-01T11:07:51.355.fits[CHAN04]" (extension 24)
14:32:07 [ INFO  ] muse_image_load_from_raw: [tid=007] loaded "/home/mmarcano/Documents/ReduceMUSE2017/Observation1/data/data_with_raw_calibs/MUSE.2017-06-03T11:29:33.177.fits[CHAN08]" (extension 11)
14:32:07 [ INFO  ] muse_image_load_from_raw: [tid=019] loaded "/home/mmarcano/Documents/ReduceMUSE2017/Observation1/data/data_with_raw_calibs/MUSE.2017-06-01T11:11:50.358.fits[CHAN20]" (extension 8)
14:32:07 [ INFO  ] muse_image_load_from_raw: [tid=001] loaded "/home/mmarcano/Documents/ReduceMUSE2017/Observation1/data/data_with_raw_calibs/MUSE.2017-06-03T11:29:33.177.fits[CHAN02]" (extension 12)
14:32:10 [ INFO  ] muse_image_load_from_raw: [tid=021] loaded "/home/mmarcano/Documents/ReduceMUSE2017/Observation1/data/data_with_raw_calibs/MUSE.2017-06-01T11:11:50.358.fits[CHAN22]" (extension 7)
14:32:13 [ INFO  ] muse_image_load_from_raw: [tid=016] loaded "/home/mmarcano/Documents/ReduceMUSE2017/Observation1/data/data_with_raw_calibs/MUSE.2017-06-03T11:24:06.177.fits[CHAN17]" (extension 2)
14:32:14 [ INFO  ] muse_image_load_from_raw: [tid=009] loaded "/home/mmarcano/Documents/ReduceMUSE2017/Observation1/data/data_with_raw_calibs/MUSE.2017-06-03T11:29:33.177.fits[CHAN10]" (extension 10)
14:32:14 [ INFO  ] muse_image_load_from_raw: [tid=006] loaded "/home/mmarcano/Documents/ReduceMUSE2017/Observation1/data/data_with_raw_calibs/MUSE.2017-06-01T11:11:50.358.fits[CHAN07]" (extension 17)
14:32:14 [ INFO  ] muse_image_load_from_raw: [tid=022] loaded "/home/mmarcano/Documents/ReduceMUSE2017/Observation1/data/data_with_raw_calibs/MUSE.2017-06-03T11:32:13.175.fits[CHAN23]" (extension 1)
14:32:14 [ INFO  ] muse_image_load_from_raw: [tid=008] loaded "/home/mmarcano/Documents/ReduceMUSE2017/Observation1/data/data_with_raw_calibs/MUSE.2017-06-01T11:11:50.358.fits[CHAN09]" (extension 16)
14:32:18 [ INFO  ] muse_image_load_from_raw: [tid=019] loaded "/home/mmarcano/Documents/ReduceMUSE2017/Observation1/data/data_with_raw_calibs/MUSE.2017-06-01T11:13:09.356.fits[CHAN20]" (extension 8)
14:32:19 [ INFO  ] muse_image_load_from_raw: [tid=001] loaded "/home/mmarcano/Documents/ReduceMUSE2017/Observation1/data/data_with_raw_calibs/MUSE.2017-06-03T11:30:53.176.fits[CHAN02]" (extension 12)
14:32:20 [ INFO  ] muse_image_load_from_raw: [tid=003] loaded "/home/mmarcano/Documents/ReduceMUSE2017/Observation1/data/data_with_raw_calibs/MUSE.2017-06-01T11:09:11.355.fits[CHAN04]" (extension 24)
14:32:21 [ INFO  ] muse_image_load_from_raw: [tid=010] loaded "/home/mmarcano/Documents/ReduceMUSE2017/Observation1/data/data_with_raw_calibs/MUSE.2017-06-01T11:06:26.355.fits[CHAN11]" (extension 4)
14:32:21 [ INFO  ] muse_image_load_from_raw: [tid=007] loaded "/home/mmarcano/Documents/ReduceMUSE2017/Observation1/data/data_with_raw_calibs/MUSE.2017-06-03T11:30:53.176.fits[CHAN08]" (extension 11)
14:32:22 [ INFO  ] muse_image_load_from_raw: [tid=002] loaded "/home/mmarcano/Documents/ReduceMUSE2017/Observation1/data/data_with_raw_calibs/MUSE.2017-06-01T11:01:04.356.fits[CHAN03]" (extension 6)
14:32:23 [ INFO  ] muse_image_load_from_raw: [tid=022] loaded "/home/mmarcano/Documents/ReduceMUSE2017/Observation1/data/data_with_raw_calibs/MUSE.2017-06-03T11:33:33.176.fits[CHAN23]" (extension 1)
14:32:26 [ INFO  ] muse_image_load_from_raw: [tid=009] loaded "/home/mmarcano/Documents/ReduceMUSE2017/Observation1/data/data_with_raw_calibs/MUSE.2017-06-03T11:30:53.176.fits[CHAN10]" (extension 10)
14:32:26 [ INFO  ] muse_image_load_from_raw: [tid=006] loaded "/home/mmarcano/Documents/ReduceMUSE2017/Observation1/data/data_with_raw_calibs/MUSE.2017-06-01T11:13:09.356.fits[CHAN07]" (extension 17)
14:32:26 [ INFO  ] muse_image_load_from_raw: [tid=008] loaded "/home/mmarcano/Documents/ReduceMUSE2017/Observation1/data/data_with_raw_calibs/MUSE.2017-06-01T11:13:09.356.fits[CHAN09]" (extension 16)
14:32:28 [ INFO  ] muse_image_load_from_raw: [tid=021] loaded "/home/mmarcano/Documents/ReduceMUSE2017/Observation1/data/data_with_raw_calibs/MUSE.2017-06-01T11:13:09.356.fits[CHAN22]" (extension 7)
14:32:30 [ INFO  ] muse_image_load_from_raw: [tid=001] loaded "/home/mmarcano/Documents/ReduceMUSE2017/Observation1/data/data_with_raw_calibs/MUSE.2017-06-03T11:32:13.175.fits[CHAN02]" (extension 12)
14:32:30 [ INFO  ] muse_image_load_from_raw: [tid=019] loaded "/home/mmarcano/Documents/ReduceMUSE2017/Observation1/data/data_with_raw_calibs/MUSE.2017-06-03T11:28:13.176.fits[CHAN20]" (extension 8)
14:32:31 [ INFO  ] muse_image_load_from_raw: [tid=003] loaded "/home/mmarcano/Documents/ReduceMUSE2017/Observation1/data/data_with_raw_calibs/MUSE.2017-06-01T11:10:31.356.fits[CHAN04]" (extension 24)
14:32:31 [ INFO  ] muse_image_load_from_raw: [tid=007] loaded "/home/mmarcano/Documents/ReduceMUSE2017/Observation1/data/data_with_raw_calibs/MUSE.2017-06-03T11:32:13.175.fits[CHAN08]" (extension 11)
14:32:33 [ INFO  ] muse_image_load_from_raw: [tid=011] loaded "/home/mmarcano/Documents/ReduceMUSE2017/Observation1/data/data_with_raw_calibs/MUSE.2017-06-01T11:07:51.355.fits[CHAN12]" (extension 22)
14:32:34 [ INFO  ] muse_image_load_from_raw: [tid=006] loaded "/home/mmarcano/Documents/ReduceMUSE2017/Observation1/data/data_with_raw_calibs/MUSE.2017-06-03T11:28:13.176.fits[CHAN07]" (extension 17)
14:32:34 [ INFO  ] muse_image_load_from_raw: [tid=009] loaded "/home/mmarcano/Documents/ReduceMUSE2017/Observation1/data/data_with_raw_calibs/MUSE.2017-06-03T11:32:13.175.fits[CHAN10]" (extension 10)
14:32:35 [ INFO  ] muse_image_load_from_raw: [tid=016] loaded "/home/mmarcano/Documents/ReduceMUSE2017/Observation1/data/data_with_raw_calibs/MUSE.2017-06-03T11:25:26.177.fits[CHAN17]" (extension 2)
14:32:36 [ INFO  ] muse_image_load_from_raw: [tid=008] loaded "/home/mmarcano/Documents/ReduceMUSE2017/Observation1/data/data_with_raw_calibs/MUSE.2017-06-03T11:28:13.176.fits[CHAN09]" (extension 16)
14:32:37 [ INFO  ] muse_image_load_from_raw: [tid=021] loaded "/home/mmarcano/Documents/ReduceMUSE2017/Observation1/data/data_with_raw_calibs/MUSE.2017-06-03T11:28:13.176.fits[CHAN22]" (extension 7)
14:32:38 [ INFO  ] muse_image_load_from_raw: [tid=019] loaded "/home/mmarcano/Documents/ReduceMUSE2017/Observation1/data/data_with_raw_calibs/MUSE.2017-06-03T11:29:33.177.fits[CHAN20]" (extension 8)
14:32:40 [ INFO  ] muse_image_load_from_raw: [tid=001] loaded "/home/mmarcano/Documents/ReduceMUSE2017/Observation1/data/data_with_raw_calibs/MUSE.2017-06-03T11:33:33.176.fits[CHAN02]" (extension 12)
14:32:40 [ INFO  ] muse_image_load_from_raw: [tid=010] loaded "/home/mmarcano/Documents/ReduceMUSE2017/Observation1/data/data_with_raw_calibs/MUSE.2017-06-03T11:21:26.177.fits[CHAN11]" (extension 4)
14:32:41 [ INFO  ] muse_image_load_from_raw: [tid=007] loaded "/home/mmarcano/Documents/ReduceMUSE2017/Observation1/data/data_with_raw_calibs/MUSE.2017-06-03T11:33:33.176.fits[CHAN08]" (extension 11)
14:32:46 [ INFO  ] muse_image_load_from_raw: [tid=003] loaded "/home/mmarcano/Documents/ReduceMUSE2017/Observation1/data/data_with_raw_calibs/MUSE.2017-06-01T11:11:50.358.fits[CHAN04]" (extension 24)
14:32:47 [ INFO  ] muse_image_load_from_raw: [tid=009] loaded "/home/mmarcano/Documents/ReduceMUSE2017/Observation1/data/data_with_raw_calibs/MUSE.2017-06-03T11:33:33.176.fits[CHAN10]" (extension 10)
14:32:51 [ INFO  ] muse_image_load_from_raw: [tid=002] loaded "/home/mmarcano/Documents/ReduceMUSE2017/Observation1/data/data_with_raw_calibs/MUSE.2017-06-01T11:02:24.358.fits[CHAN03]" (extension 6)
14:32:51 [ INFO  ] muse_image_load_from_raw: [tid=011] loaded "/home/mmarcano/Documents/ReduceMUSE2017/Observation1/data/data_with_raw_calibs/MUSE.2017-06-01T11:09:11.355.fits[CHAN12]" (extension 22)
14:32:52 [ INFO  ] muse_image_load_from_raw: [tid=021] loaded "/home/mmarcano/Documents/ReduceMUSE2017/Observation1/data/data_with_raw_calibs/MUSE.2017-06-03T11:29:33.177.fits[CHAN22]" (extension 7)
14:32:52 [ INFO  ] muse_image_load_from_raw: [tid=006] loaded "/home/mmarcano/Documents/ReduceMUSE2017/Observation1/data/data_with_raw_calibs/MUSE.2017-06-03T11:29:33.177.fits[CHAN07]" (extension 17)
14:32:55 [ INFO  ] muse_image_load_from_raw: [tid=008] loaded "/home/mmarcano/Documents/ReduceMUSE2017/Observation1/data/data_with_raw_calibs/MUSE.2017-06-03T11:29:33.177.fits[CHAN09]" (extension 16)
14:32:56 [ INFO  ] muse_image_load_from_raw: [tid=019] loaded "/home/mmarcano/Documents/ReduceMUSE2017/Observation1/data/data_with_raw_calibs/MUSE.2017-06-03T11:30:53.176.fits[CHAN20]" (extension 8)
14:33:07 [ INFO  ] muse_image_load_from_raw: [tid=016] loaded "/home/mmarcano/Documents/ReduceMUSE2017/Observation1/data/data_with_raw_calibs/MUSE.2017-06-03T11:26:46.177.fits[CHAN17]" (extension 2)
14:33:09 [ INFO  ] muse_image_load_from_raw: [tid=021] loaded "/home/mmarcano/Documents/ReduceMUSE2017/Observation1/data/data_with_raw_calibs/MUSE.2017-06-03T11:30:53.176.fits[CHAN22]" (extension 7)
14:33:11 [ INFO  ] muse_image_load_from_raw: [tid=010] loaded "/home/mmarcano/Documents/ReduceMUSE2017/Observation1/data/data_with_raw_calibs/MUSE.2017-06-03T11:22:46.177.fits[CHAN11]" (extension 4)
14:33:15 [ INFO  ] muse_image_load_from_raw: [tid=019] loaded "/home/mmarcano/Documents/ReduceMUSE2017/Observation1/data/data_with_raw_calibs/MUSE.2017-06-03T11:32:13.175.fits[CHAN20]" (extension 8)
14:33:21 [ INFO  ] muse_image_load_from_raw: [tid=003] loaded "/home/mmarcano/Documents/ReduceMUSE2017/Observation1/data/data_with_raw_calibs/MUSE.2017-06-01T11:13:09.356.fits[CHAN04]" (extension 24)
14:33:23 [ INFO  ] muse_image_load_from_raw: [tid=008] loaded "/home/mmarcano/Documents/ReduceMUSE2017/Observation1/data/data_with_raw_calibs/MUSE.2017-06-03T11:30:53.176.fits[CHAN09]" (extension 16)
14:33:24 [ INFO  ] muse_image_load_from_raw: [tid=011] loaded "/home/mmarcano/Documents/ReduceMUSE2017/Observation1/data/data_with_raw_calibs/MUSE.2017-06-01T11:10:31.356.fits[CHAN12]" (extension 22)
14:33:24 [ INFO  ] muse_image_load_from_raw: [tid=006] loaded "/home/mmarcano/Documents/ReduceMUSE2017/Observation1/data/data_with_raw_calibs/MUSE.2017-06-03T11:30:53.176.fits[CHAN07]" (extension 17)
14:33:30 [ INFO  ] muse_image_load_from_raw: [tid=002] loaded "/home/mmarcano/Documents/ReduceMUSE2017/Observation1/data/data_with_raw_calibs/MUSE.2017-06-01T11:03:45.356.fits[CHAN03]" (extension 6)
14:33:34 [ INFO  ] muse_image_load_from_raw: [tid=019] loaded "/home/mmarcano/Documents/ReduceMUSE2017/Observation1/data/data_with_raw_calibs/MUSE.2017-06-03T11:33:33.176.fits[CHAN20]" (extension 8)
14:33:37 [ INFO  ] muse_image_load_from_raw: [tid=021] loaded "/home/mmarcano/Documents/ReduceMUSE2017/Observation1/data/data_with_raw_calibs/MUSE.2017-06-03T11:32:13.175.fits[CHAN22]" (extension 7)
14:33:39 [ INFO  ] muse_image_load_from_raw: [tid=005] loaded "/home/mmarcano/Documents/ReduceMUSE2017/Observation1/data/data_with_raw_calibs/MUSE.2017-06-01T11:07:51.355.fits[CHAN06]" (extension 23)
14:33:43 [ INFO  ] muse_image_load_from_raw: [tid=010] loaded "/home/mmarcano/Documents/ReduceMUSE2017/Observation1/data/data_with_raw_calibs/MUSE.2017-06-03T11:24:06.177.fits[CHAN11]" (extension 4)
14:33:49 [ INFO  ] muse_image_load_from_raw: [tid=006] loaded "/home/mmarcano/Documents/ReduceMUSE2017/Observation1/data/data_with_raw_calibs/MUSE.2017-06-03T11:32:13.175.fits[CHAN07]" (extension 17)
14:33:50 [ INFO  ] muse_image_load_from_raw: [tid=011] loaded "/home/mmarcano/Documents/ReduceMUSE2017/Observation1/data/data_with_raw_calibs/MUSE.2017-06-01T11:11:50.358.fits[CHAN12]" (extension 22)
14:33:52 [ INFO  ] muse_image_load_from_raw: [tid=003] loaded "/home/mmarcano/Documents/ReduceMUSE2017/Observation1/data/data_with_raw_calibs/MUSE.2017-06-03T11:28:13.176.fits[CHAN04]" (extension 24)
14:33:52 [ INFO  ] muse_image_load_from_raw: [tid=008] loaded "/home/mmarcano/Documents/ReduceMUSE2017/Observation1/data/data_with_raw_calibs/MUSE.2017-06-03T11:32:13.175.fits[CHAN09]" (extension 16)
14:33:58 [ INFO  ] muse_image_load_from_raw: [tid=021] loaded "/home/mmarcano/Documents/ReduceMUSE2017/Observation1/data/data_with_raw_calibs/MUSE.2017-06-03T11:33:33.176.fits[CHAN22]" (extension 7)
14:34:01 [ INFO  ] muse_image_load_from_raw: [tid=002] loaded "/home/mmarcano/Documents/ReduceMUSE2017/Observation1/data/data_with_raw_calibs/MUSE.2017-06-01T11:05:05.356.fits[CHAN03]" (extension 6)
14:34:02 [ INFO  ] muse_image_load_from_raw: [tid=010] loaded "/home/mmarcano/Documents/ReduceMUSE2017/Observation1/data/data_with_raw_calibs/MUSE.2017-06-03T11:25:26.177.fits[CHAN11]" (extension 4)
14:34:03 [ INFO  ] muse_image_load_from_raw: [tid=005] loaded "/home/mmarcano/Documents/ReduceMUSE2017/Observation1/data/data_with_raw_calibs/MUSE.2017-06-01T11:09:11.355.fits[CHAN06]" (extension 23)
14:34:07 [ INFO  ] muse_image_load_from_raw: [tid=003] loaded "/home/mmarcano/Documents/ReduceMUSE2017/Observation1/data/data_with_raw_calibs/MUSE.2017-06-03T11:29:33.177.fits[CHAN04]" (extension 24)
14:34:07 [ INFO  ] muse_image_load_from_raw: [tid=008] loaded "/home/mmarcano/Documents/ReduceMUSE2017/Observation1/data/data_with_raw_calibs/MUSE.2017-06-03T11:33:33.176.fits[CHAN09]" (extension 16)
14:34:09 [ INFO  ] muse_image_load_from_raw: [tid=006] loaded "/home/mmarcano/Documents/ReduceMUSE2017/Observation1/data/data_with_raw_calibs/MUSE.2017-06-03T11:33:33.176.fits[CHAN07]" (extension 17)
14:34:14 [ INFO  ] muse_image_load_from_raw: [tid=011] loaded "/home/mmarcano/Documents/ReduceMUSE2017/Observation1/data/data_with_raw_calibs/MUSE.2017-06-01T11:13:09.356.fits[CHAN12]" (extension 22)
14:34:24 [ INFO  ] muse_image_load_from_raw: [tid=010] loaded "/home/mmarcano/Documents/ReduceMUSE2017/Observation1/data/data_with_raw_calibs/MUSE.2017-06-03T11:26:46.177.fits[CHAN11]" (extension 4)
14:34:27 [ INFO  ] muse_image_load_from_raw: [tid=005] loaded "/home/mmarcano/Documents/ReduceMUSE2017/Observation1/data/data_with_raw_calibs/MUSE.2017-06-01T11:10:31.356.fits[CHAN06]" (extension 23)
14:34:28 [ INFO  ] muse_image_load_from_raw: [tid=003] loaded "/home/mmarcano/Documents/ReduceMUSE2017/Observation1/data/data_with_raw_calibs/MUSE.2017-06-03T11:30:53.176.fits[CHAN04]" (extension 24)
14:34:30 [ INFO  ] muse_image_load_from_raw: [tid=002] loaded "/home/mmarcano/Documents/ReduceMUSE2017/Observation1/data/data_with_raw_calibs/MUSE.2017-06-01T11:06:26.355.fits[CHAN03]" (extension 6)
14:34:37 [ INFO  ] muse_image_load_from_raw: [tid=011] loaded "/home/mmarcano/Documents/ReduceMUSE2017/Observation1/data/data_with_raw_calibs/MUSE.2017-06-03T11:28:13.176.fits[CHAN12]" (extension 22)
14:34:48 [ INFO  ] muse_image_load_from_raw: [tid=005] loaded "/home/mmarcano/Documents/ReduceMUSE2017/Observation1/data/data_with_raw_calibs/MUSE.2017-06-01T11:11:50.358.fits[CHAN06]" (extension 23)
14:34:55 [ INFO  ] muse_image_load_from_raw: [tid=003] loaded "/home/mmarcano/Documents/ReduceMUSE2017/Observation1/data/data_with_raw_calibs/MUSE.2017-06-03T11:32:13.175.fits[CHAN04]" (extension 24)
14:35:03 [ INFO  ] muse_image_load_from_raw: [tid=011] loaded "/home/mmarcano/Documents/ReduceMUSE2017/Observation1/data/data_with_raw_calibs/MUSE.2017-06-03T11:29:33.177.fits[CHAN12]" (extension 22)
14:35:06 [ INFO  ] muse_image_load_from_raw: [tid=002] loaded "/home/mmarcano/Documents/ReduceMUSE2017/Observation1/data/data_with_raw_calibs/MUSE.2017-06-03T11:21:26.177.fits[CHAN03]" (extension 6)
14:35:15 [ INFO  ] muse_image_load_from_raw: [tid=005] loaded "/home/mmarcano/Documents/ReduceMUSE2017/Observation1/data/data_with_raw_calibs/MUSE.2017-06-01T11:13:09.356.fits[CHAN06]" (extension 23)
14:35:19 [ INFO  ] muse_image_load_from_raw: [tid=003] loaded "/home/mmarcano/Documents/ReduceMUSE2017/Observation1/data/data_with_raw_calibs/MUSE.2017-06-03T11:33:33.176.fits[CHAN04]" (extension 24)
14:35:21 [ INFO  ] muse_image_load_from_raw: [tid=011] loaded "/home/mmarcano/Documents/ReduceMUSE2017/Observation1/data/data_with_raw_calibs/MUSE.2017-06-03T11:30:53.176.fits[CHAN12]" (extension 22)
14:35:27 [ INFO  ] muse_image_load_from_raw: [tid=005] loaded "/home/mmarcano/Documents/ReduceMUSE2017/Observation1/data/data_with_raw_calibs/MUSE.2017-06-03T11:28:13.176.fits[CHAN06]" (extension 23)
14:35:29 [ INFO  ] muse_image_load_from_raw: [tid=002] loaded "/home/mmarcano/Documents/ReduceMUSE2017/Observation1/data/data_with_raw_calibs/MUSE.2017-06-03T11:22:46.177.fits[CHAN03]" (extension 6)
14:35:33 [ INFO  ] muse_image_load_from_raw: [tid=011] loaded "/home/mmarcano/Documents/ReduceMUSE2017/Observation1/data/data_with_raw_calibs/MUSE.2017-06-03T11:32:13.175.fits[CHAN12]" (extension 22)
14:35:40 [ INFO  ] muse_image_load_from_raw: [tid=005] loaded "/home/mmarcano/Documents/ReduceMUSE2017/Observation1/data/data_with_raw_calibs/MUSE.2017-06-03T11:29:33.177.fits[CHAN06]" (extension 23)
14:35:46 [ INFO  ] muse_basicproc_apply_bias: [tid=014] Bias correction in IFU 15 using "/home/mmarcano/Documents/ReduceMUSE2017/Observation1/data/MASTER_BIAS.fits[CHAN15.DATA]"
14:35:47 [ INFO  ] muse_image_load_from_raw: [tid=002] loaded "/home/mmarcano/Documents/ReduceMUSE2017/Observation1/data/data_with_raw_calibs/MUSE.2017-06-03T11:24:06.177.fits[CHAN03]" (extension 6)
14:35:51 [ INFO  ] muse_image_load_from_raw: [tid=011] loaded "/home/mmarcano/Documents/ReduceMUSE2017/Observation1/data/data_with_raw_calibs/MUSE.2017-06-03T11:33:33.176.fits[CHAN12]" (extension 22)
14:35:54 [ INFO  ] muse_image_load_from_raw: [tid=005] loaded "/home/mmarcano/Documents/ReduceMUSE2017/Observation1/data/data_with_raw_calibs/MUSE.2017-06-03T11:30:53.176.fits[CHAN06]" (extension 23)
14:36:16 [ INFO  ] muse_image_load_from_raw: [tid=002] loaded "/home/mmarcano/Documents/ReduceMUSE2017/Observation1/data/data_with_raw_calibs/MUSE.2017-06-03T11:25:26.177.fits[CHAN03]" (extension 6)
14:36:16 [ INFO  ] muse_image_load_from_raw: [tid=005] loaded "/home/mmarcano/Documents/ReduceMUSE2017/Observation1/data/data_with_raw_calibs/MUSE.2017-06-03T11:32:13.175.fits[CHAN06]" (extension 23)
14:36:38 [ INFO  ] muse_image_load_from_raw: [tid=005] loaded "/home/mmarcano/Documents/ReduceMUSE2017/Observation1/data/data_with_raw_calibs/MUSE.2017-06-03T11:33:33.176.fits[CHAN06]" (extension 23)
14:36:42 [ INFO  ] muse_basicproc_adu_to_count: [tid=014] Converting 10 exposures from adu to count (= electron) units in IFU 15
14:36:47 [ INFO  ] muse_image_load_from_raw: [tid=002] loaded "/home/mmarcano/Documents/ReduceMUSE2017/Observation1/data/data_with_raw_calibs/MUSE.2017-06-03T11:26:46.177.fits[CHAN03]" (extension 6)
14:36:47 [ INFO  ] muse_basicproc_apply_bias: [tid=004] Bias correction in IFU 5 using "/home/mmarcano/Documents/ReduceMUSE2017/Observation1/data/MASTER_BIAS.fits[CHAN05.DATA]"
14:36:48 [ INFO  ] muse_combine_images: [tid=014] Combination method: average with sigma clipping (3.000000/3.000000)
14:37:47 [ INFO  ] muse_basicproc_adu_to_count: [tid=004] Converting 10 exposures from adu to count (= electron) units in IFU 5
14:37:51 [ INFO  ] muse_combine_images: [tid=004] Combination method: average with sigma clipping (3.000000/3.000000)
14:37:52 [ INFO  ] muse_basicproc_apply_bias: [tid=001] Bias correction in IFU 2 using "/home/mmarcano/Documents/ReduceMUSE2017/Observation1/data/MASTER_BIAS.fits[CHAN02.DATA]"
14:38:10 [ INFO  ] muse_image_load_from_raw: [tid=013] loaded "/home/mmarcano/Documents/ReduceMUSE2017/Observation1/data/data_with_raw_calibs/MUSE.2017-06-01T11:01:04.356.fits[CHAN14]" (extension 9)
14:38:27 [ INFO  ] muse_basicproc_apply_bias: [tid=022] Bias correction in IFU 23 using "/home/mmarcano/Documents/ReduceMUSE2017/Observation1/data/MASTER_BIAS.fits[CHAN23.DATA]"
14:38:43 [ INFO  ] muse_basicproc_apply_bias: [tid=007] Bias correction in IFU 8 using "/home/mmarcano/Documents/ReduceMUSE2017/Observation1/data/MASTER_BIAS.fits[CHAN08.DATA]"
14:38:44 [ INFO  ] muse_basicproc_apply_bias: [tid=016] Bias correction in IFU 17 using "/home/mmarcano/Documents/ReduceMUSE2017/Observation1/data/MASTER_BIAS.fits[CHAN17.DATA]"
14:38:58 [ INFO  ] muse_basicproc_adu_to_count: [tid=001] Converting 10 exposures from adu to count (= electron) units in IFU 2
14:39:03 [ INFO  ] muse_combine_images: [tid=001] Combination method: average with sigma clipping (3.000000/3.000000)
14:39:05 [ INFO  ] muse_image_load_from_raw: [tid=013] loaded "/home/mmarcano/Documents/ReduceMUSE2017/Observation1/data/data_with_raw_calibs/MUSE.2017-06-01T11:02:24.358.fits[CHAN14]" (extension 9)
14:39:11 [ INFO  ] muse_basicproc_apply_bias: [tid=009] Bias correction in IFU 10 using "/home/mmarcano/Documents/ReduceMUSE2017/Observation1/data/MASTER_BIAS.fits[CHAN10.DATA]"
14:39:12 [ INFO  ] muse_image_load_from_raw: [tid=014] loaded "/home/mmarcano/Documents/ReduceMUSE2017/Observation1/data/data_with_raw_calibs/MUSE.2017-06-01T11:14:34.356.fits[CHAN15]" (extension 3)
14:39:26 [ INFO  ] muse_image_load_from_raw: [tid=014] loaded "/home/mmarcano/Documents/ReduceMUSE2017/Observation1/data/data_with_raw_calibs/MUSE.2017-06-01T11:15:54.355.fits[CHAN15]" (extension 3)
14:39:36 [ INFO  ] muse_basicproc_adu_to_count: [tid=022] Converting 10 exposures from adu to count (= electron) units in IFU 23
14:39:40 [ INFO  ] muse_combine_images: [tid=022] Combination method: average with sigma clipping (3.000000/3.000000)
14:39:41 [ INFO  ] muse_image_load_from_raw: [tid=013] loaded "/home/mmarcano/Documents/ReduceMUSE2017/Observation1/data/data_with_raw_calibs/MUSE.2017-06-01T11:03:45.356.fits[CHAN14]" (extension 9)
14:39:42 [ INFO  ] muse_image_load_from_raw: [tid=014] loaded "/home/mmarcano/Documents/ReduceMUSE2017/Observation1/data/data_with_raw_calibs/MUSE.2017-06-01T11:17:14.355.fits[CHAN15]" (extension 3)
14:39:49 [ INFO  ] muse_basicproc_adu_to_count: [tid=007] Converting 10 exposures from adu to count (= electron) units in IFU 8
14:39:51 [ INFO  ] muse_basicproc_adu_to_count: [tid=016] Converting 10 exposures from adu to count (= electron) units in IFU 17
14:39:53 [ INFO  ] muse_combine_images: [tid=007] Combination method: average with sigma clipping (3.000000/3.000000)
14:39:55 [ INFO  ] muse_combine_images: [tid=016] Combination method: average with sigma clipping (3.000000/3.000000)
14:40:00 [ INFO  ] muse_image_load_from_raw: [tid=014] loaded "/home/mmarcano/Documents/ReduceMUSE2017/Observation1/data/data_with_raw_calibs/MUSE.2017-06-01T11:18:34.356.fits[CHAN15]" (extension 3)
14:40:00 [ INFO  ] muse_image_load_from_raw: [tid=004] loaded "/home/mmarcano/Documents/ReduceMUSE2017/Observation1/data/data_with_raw_calibs/MUSE.2017-06-01T11:14:34.356.fits[CHAN05]" (extension 5)
14:40:06 [ INFO  ] muse_basicproc_apply_bias: [tid=010] Bias correction in IFU 11 using "/home/mmarcano/Documents/ReduceMUSE2017/Observation1/data/MASTER_BIAS.fits[CHAN11.DATA]"
14:40:14 [ INFO  ] muse_basicproc_adu_to_count: [tid=009] Converting 10 exposures from adu to count (= electron) units in IFU 10
14:40:17 [ INFO  ] muse_basicproc_apply_bias: [tid=019] Bias correction in IFU 20 using "/home/mmarcano/Documents/ReduceMUSE2017/Observation1/data/MASTER_BIAS.fits[CHAN20.DATA]"
14:40:18 [ INFO  ] muse_image_load_from_raw: [tid=014] loaded "/home/mmarcano/Documents/ReduceMUSE2017/Observation1/data/data_with_raw_calibs/MUSE.2017-06-01T11:19:54.355.fits[CHAN15]" (extension 3)
14:40:19 [ INFO  ] muse_combine_images: [tid=009] Combination method: average with sigma clipping (3.000000/3.000000)
14:40:20 [ INFO  ] muse_image_load_from_raw: [tid=013] loaded "/home/mmarcano/Documents/ReduceMUSE2017/Observation1/data/data_with_raw_calibs/MUSE.2017-06-01T11:05:05.356.fits[CHAN14]" (extension 9)
14:40:24 [ INFO  ] muse_image_load_from_raw: [tid=004] loaded "/home/mmarcano/Documents/ReduceMUSE2017/Observation1/data/data_with_raw_calibs/MUSE.2017-06-01T11:15:54.355.fits[CHAN05]" (extension 5)
14:40:33 [ INFO  ] muse_image_load_from_raw: [tid=014] loaded "/home/mmarcano/Documents/ReduceMUSE2017/Observation1/data/data_with_raw_calibs/MUSE.2017-06-03T11:34:59.175.fits[CHAN15]" (extension 3)
14:40:37 [ INFO  ] muse_basicproc_apply_bias: [tid=008] Bias correction in IFU 9 using "/home/mmarcano/Documents/ReduceMUSE2017/Observation1/data/MASTER_BIAS.fits[CHAN09.DATA]"
14:40:37 [ INFO  ] muse_image_load_from_raw: [tid=004] loaded "/home/mmarcano/Documents/ReduceMUSE2017/Observation1/data/data_with_raw_calibs/MUSE.2017-06-01T11:17:14.355.fits[CHAN05]" (extension 5)
14:40:51 [ INFO  ] muse_basicproc_apply_bias: [tid=021] Bias correction in IFU 22 using "/home/mmarcano/Documents/ReduceMUSE2017/Observation1/data/MASTER_BIAS.fits[CHAN22.DATA]"
14:40:51 [ INFO  ] muse_image_load_from_raw: [tid=014] loaded "/home/mmarcano/Documents/ReduceMUSE2017/Observation1/data/data_with_raw_calibs/MUSE.2017-06-03T11:36:19.177.fits[CHAN15]" (extension 3)
14:40:54 [ INFO  ] muse_image_load_from_raw: [tid=013] loaded "/home/mmarcano/Documents/ReduceMUSE2017/Observation1/data/data_with_raw_calibs/MUSE.2017-06-01T11:06:26.355.fits[CHAN14]" (extension 9)
14:41:01 [ INFO  ] muse_basicproc_apply_bias: [tid=006] Bias correction in IFU 7 using "/home/mmarcano/Documents/ReduceMUSE2017/Observation1/data/MASTER_BIAS.fits[CHAN07.DATA]"
14:41:08 [ INFO  ] muse_image_load_from_raw: [tid=014] loaded "/home/mmarcano/Documents/ReduceMUSE2017/Observation1/data/data_with_raw_calibs/MUSE.2017-06-03T11:37:39.177.fits[CHAN15]" (extension 3)
14:41:09 [ INFO  ] muse_image_load_from_raw: [tid=004] loaded "/home/mmarcano/Documents/ReduceMUSE2017/Observation1/data/data_with_raw_calibs/MUSE.2017-06-01T11:18:34.356.fits[CHAN05]" (extension 5)
14:41:12 [ INFO  ] muse_basicproc_adu_to_count: [tid=019] Converting 10 exposures from adu to count (= electron) units in IFU 20
14:41:15 [ INFO  ] muse_basicproc_adu_to_count: [tid=010] Converting 10 exposures from adu to count (= electron) units in IFU 11
14:41:17 [ INFO  ] muse_combine_images: [tid=019] Combination method: average with sigma clipping (3.000000/3.000000)
14:41:20 [ INFO  ] muse_image_load_from_raw: [tid=013] loaded "/home/mmarcano/Documents/ReduceMUSE2017/Observation1/data/data_with_raw_calibs/MUSE.2017-06-03T11:21:26.177.fits[CHAN14]" (extension 9)
14:41:21 [ INFO  ] muse_combine_images: [tid=010] Combination method: average with sigma clipping (3.000000/3.000000)
14:41:38 [ INFO  ] muse_image_load_from_raw: [tid=004] loaded "/home/mmarcano/Documents/ReduceMUSE2017/Observation1/data/data_with_raw_calibs/MUSE.2017-06-01T11:19:54.355.fits[CHAN05]" (extension 5)
14:41:38 [ INFO  ] muse_image_load_from_raw: [tid=014] loaded "/home/mmarcano/Documents/ReduceMUSE2017/Observation1/data/data_with_raw_calibs/MUSE.2017-06-03T11:38:59.176.fits[CHAN15]" (extension 3)
14:42:01 [ INFO  ] muse_image_load_from_raw: [tid=004] loaded "/home/mmarcano/Documents/ReduceMUSE2017/Observation1/data/data_with_raw_calibs/MUSE.2017-06-03T11:34:59.175.fits[CHAN05]" (extension 5)
14:42:02 [ INFO  ] muse_basicproc_adu_to_count: [tid=008] Converting 10 exposures from adu to count (= electron) units in IFU 9
14:42:02 [ INFO  ] muse_image_load_from_raw: [tid=022] loaded "/home/mmarcano/Documents/ReduceMUSE2017/Observation1/data/data_with_raw_calibs/MUSE.2017-06-01T11:14:34.356.fits[CHAN23]" (extension 1)
14:42:02 [ INFO  ] muse_image_load_from_raw: [tid=001] loaded "/home/mmarcano/Documents/ReduceMUSE2017/Observation1/data/data_with_raw_calibs/MUSE.2017-06-01T11:14:34.356.fits[CHAN02]" (extension 12)
14:42:02 [ INFO  ] muse_image_load_from_raw: [tid=014] loaded "/home/mmarcano/Documents/ReduceMUSE2017/Observation1/data/data_with_raw_calibs/MUSE.2017-06-03T11:40:19.176.fits[CHAN15]" (extension 3)
14:42:05 [ INFO  ] muse_image_load_from_raw: [tid=013] loaded "/home/mmarcano/Documents/ReduceMUSE2017/Observation1/data/data_with_raw_calibs/MUSE.2017-06-03T11:22:46.177.fits[CHAN14]" (extension 9)
14:42:06 [ INFO  ] muse_combine_images: [tid=008] Combination method: average with sigma clipping (3.000000/3.000000)
14:42:08 [ INFO  ] muse_basicproc_apply_bias: [tid=003] Bias correction in IFU 4 using "/home/mmarcano/Documents/ReduceMUSE2017/Observation1/data/MASTER_BIAS.fits[CHAN04.DATA]"
14:42:13 [ INFO  ] muse_basicproc_adu_to_count: [tid=021] Converting 10 exposures from adu to count (= electron) units in IFU 22
14:42:13 [ INFO  ] muse_basicproc_apply_bias: [tid=002] Bias correction in IFU 3 using "/home/mmarcano/Documents/ReduceMUSE2017/Observation1/data/MASTER_BIAS.fits[CHAN03.DATA]"
14:42:13 [ INFO  ] muse_image_load_from_raw: [tid=001] loaded "/home/mmarcano/Documents/ReduceMUSE2017/Observation1/data/data_with_raw_calibs/MUSE.2017-06-01T11:15:54.355.fits[CHAN02]" (extension 12)
14:42:15 [ INFO  ] muse_image_load_from_raw: [tid=022] loaded "/home/mmarcano/Documents/ReduceMUSE2017/Observation1/data/data_with_raw_calibs/MUSE.2017-06-01T11:15:54.355.fits[CHAN23]" (extension 1)
14:42:17 [ INFO  ] muse_basicproc_adu_to_count: [tid=006] Converting 10 exposures from adu to count (= electron) units in IFU 7
14:42:17 [ INFO  ] muse_combine_images: [tid=021] Combination method: average with sigma clipping (3.000000/3.000000)
14:42:20 [ INFO  ] muse_image_load_from_raw: [tid=004] loaded "/home/mmarcano/Documents/ReduceMUSE2017/Observation1/data/data_with_raw_calibs/MUSE.2017-06-03T11:36:19.177.fits[CHAN05]" (extension 5)
14:42:22 [ INFO  ] muse_combine_images: [tid=006] Combination method: average with sigma clipping (3.000000/3.000000)
14:42:46 [ INFO  ] muse_image_load_from_raw: [tid=022] loaded "/home/mmarcano/Documents/ReduceMUSE2017/Observation1/data/data_with_raw_calibs/MUSE.2017-06-01T11:17:14.355.fits[CHAN23]" (extension 1)
14:42:46 [ INFO  ] muse_image_load_from_raw: [tid=001] loaded "/home/mmarcano/Documents/ReduceMUSE2017/Observation1/data/data_with_raw_calibs/MUSE.2017-06-01T11:17:14.355.fits[CHAN02]" (extension 12)
14:42:48 [ INFO  ] muse_image_load_from_raw: [tid=004] loaded "/home/mmarcano/Documents/ReduceMUSE2017/Observation1/data/data_with_raw_calibs/MUSE.2017-06-03T11:37:39.177.fits[CHAN05]" (extension 5)
14:42:51 [ INFO  ] muse_image_load_from_raw: [tid=007] loaded "/home/mmarcano/Documents/ReduceMUSE2017/Observation1/data/data_with_raw_calibs/MUSE.2017-06-01T11:14:34.356.fits[CHAN08]" (extension 11)
14:42:51 [ INFO  ] muse_image_load_from_raw: [tid=013] loaded "/home/mmarcano/Documents/ReduceMUSE2017/Observation1/data/data_with_raw_calibs/MUSE.2017-06-03T11:24:06.177.fits[CHAN14]" (extension 9)
14:43:04 [ INFO  ] muse_basicproc_apply_bias: [tid=011] Bias correction in IFU 12 using "/home/mmarcano/Documents/ReduceMUSE2017/Observation1/data/MASTER_BIAS.fits[CHAN12.DATA]"
14:43:06 [ INFO  ] muse_image_load_from_raw: [tid=001] loaded "/home/mmarcano/Documents/ReduceMUSE2017/Observation1/data/data_with_raw_calibs/MUSE.2017-06-01T11:18:34.356.fits[CHAN02]" (extension 12)
14:43:09 [ INFO  ] muse_image_load_from_raw: [tid=022] loaded "/home/mmarcano/Documents/ReduceMUSE2017/Observation1/data/data_with_raw_calibs/MUSE.2017-06-01T11:18:34.356.fits[CHAN23]" (extension 1)
14:43:13 [ INFO  ] muse_image_load_from_raw: [tid=007] loaded "/home/mmarcano/Documents/ReduceMUSE2017/Observation1/data/data_with_raw_calibs/MUSE.2017-06-01T11:15:54.355.fits[CHAN08]" (extension 11)
14:43:14 [ INFO  ] muse_image_load_from_raw: [tid=004] loaded "/home/mmarcano/Documents/ReduceMUSE2017/Observation1/data/data_with_raw_calibs/MUSE.2017-06-03T11:38:59.176.fits[CHAN05]" (extension 5)
14:43:15 [ INFO  ] muse_basicproc_adu_to_count: [tid=003] Converting 10 exposures from adu to count (= electron) units in IFU 4
14:43:15 [ INFO  ] muse_image_load_from_raw: [tid=009] loaded "/home/mmarcano/Documents/ReduceMUSE2017/Observation1/data/data_with_raw_calibs/MUSE.2017-06-01T11:14:34.356.fits[CHAN10]" (extension 10)
14:43:21 [ INFO  ] muse_image_load_from_raw: [tid=022] loaded "/home/mmarcano/Documents/ReduceMUSE2017/Observation1/data/data_with_raw_calibs/MUSE.2017-06-01T11:19:54.355.fits[CHAN23]" (extension 1)
14:43:21 [ INFO  ] muse_combine_images: [tid=003] Combination method: average with sigma clipping (3.000000/3.000000)
14:43:23 [ INFO  ] muse_image_load_from_raw: [tid=013] loaded "/home/mmarcano/Documents/ReduceMUSE2017/Observation1/data/data_with_raw_calibs/MUSE.2017-06-03T11:25:26.177.fits[CHAN14]" (extension 9)
14:43:25 [ INFO  ] muse_basicproc_adu_to_count: [tid=002] Converting 10 exposures from adu to count (= electron) units in IFU 3
14:43:25 [ INFO  ] muse_image_load_from_raw: [tid=007] loaded "/home/mmarcano/Documents/ReduceMUSE2017/Observation1/data/data_with_raw_calibs/MUSE.2017-06-01T11:17:14.355.fits[CHAN08]" (extension 11)
14:43:25 [ INFO  ] muse_image_load_from_raw: [tid=001] loaded "/home/mmarcano/Documents/ReduceMUSE2017/Observation1/data/data_with_raw_calibs/MUSE.2017-06-01T11:19:54.355.fits[CHAN02]" (extension 12)
14:43:29 [ INFO  ] muse_combine_images: [tid=002] Combination method: average with sigma clipping (3.000000/3.000000)
14:43:40 [ INFO  ] muse_image_load_from_raw: [tid=004] loaded "/home/mmarcano/Documents/ReduceMUSE2017/Observation1/data/data_with_raw_calibs/MUSE.2017-06-03T11:40:19.176.fits[CHAN05]" (extension 5)
14:43:52 [ INFO  ] muse_image_load_from_raw: [tid=009] loaded "/home/mmarcano/Documents/ReduceMUSE2017/Observation1/data/data_with_raw_calibs/MUSE.2017-06-01T11:15:54.355.fits[CHAN10]" (extension 10)
14:43:52 [ INFO  ] muse_image_load_from_raw: [tid=022] loaded "/home/mmarcano/Documents/ReduceMUSE2017/Observation1/data/data_with_raw_calibs/MUSE.2017-06-03T11:34:59.175.fits[CHAN23]" (extension 1)
14:44:04 [ INFO  ] muse_basicproc_adu_to_count: [tid=011] Converting 10 exposures from adu to count (= electron) units in IFU 12
14:44:04 [ INFO  ] muse_image_load_from_raw: [tid=007] loaded "/home/mmarcano/Documents/ReduceMUSE2017/Observation1/data/data_with_raw_calibs/MUSE.2017-06-01T11:18:34.356.fits[CHAN08]" (extension 11)
14:44:04 [ INFO  ] muse_image_load_from_raw: [tid=001] loaded "/home/mmarcano/Documents/ReduceMUSE2017/Observation1/data/data_with_raw_calibs/MUSE.2017-06-03T11:34:59.175.fits[CHAN02]" (extension 12)
14:44:05 [ INFO  ] muse_image_load_from_raw: [tid=022] loaded "/home/mmarcano/Documents/ReduceMUSE2017/Observation1/data/data_with_raw_calibs/MUSE.2017-06-03T11:36:19.177.fits[CHAN23]" (extension 1)
14:44:05 [ INFO  ] muse_image_load_from_raw: [tid=019] loaded "/home/mmarcano/Documents/ReduceMUSE2017/Observation1/data/data_with_raw_calibs/MUSE.2017-06-01T11:14:34.356.fits[CHAN20]" (extension 8)
14:44:06 [ INFO  ] muse_image_load_from_raw: [tid=013] loaded "/home/mmarcano/Documents/ReduceMUSE2017/Observation1/data/data_with_raw_calibs/MUSE.2017-06-03T11:26:46.177.fits[CHAN14]" (extension 9)
14:44:09 [ INFO  ] muse_image_load_from_raw: [tid=009] loaded "/home/mmarcano/Documents/ReduceMUSE2017/Observation1/data/data_with_raw_calibs/MUSE.2017-06-01T11:17:14.355.fits[CHAN10]" (extension 10)
14:44:09 [ INFO  ] muse_combine_images: [tid=011] Combination method: average with sigma clipping (3.000000/3.000000)
14:44:09 [ INFO  ] muse_basicproc_apply_bias: [tid=005] Bias correction in IFU 6 using "/home/mmarcano/Documents/ReduceMUSE2017/Observation1/data/MASTER_BIAS.fits[CHAN06.DATA]"
14:44:18 [ INFO  ] muse_image_load_from_raw: [tid=007] loaded "/home/mmarcano/Documents/ReduceMUSE2017/Observation1/data/data_with_raw_calibs/MUSE.2017-06-01T11:19:54.355.fits[CHAN08]" (extension 11)
14:44:21 [ INFO  ] muse_image_load_from_raw: [tid=001] loaded "/home/mmarcano/Documents/ReduceMUSE2017/Observation1/data/data_with_raw_calibs/MUSE.2017-06-03T11:36:19.177.fits[CHAN02]" (extension 12)
14:44:22 [ INFO  ] muse_image_load_from_raw: [tid=019] loaded "/home/mmarcano/Documents/ReduceMUSE2017/Observation1/data/data_with_raw_calibs/MUSE.2017-06-01T11:15:54.355.fits[CHAN20]" (extension 8)
14:44:26 [ INFO  ] muse_image_load_from_raw: [tid=022] loaded "/home/mmarcano/Documents/ReduceMUSE2017/Observation1/data/data_with_raw_calibs/MUSE.2017-06-03T11:37:39.177.fits[CHAN23]" (extension 1)
