
Start time     : 2019-02-27T13:56:12
Program name   : esorex
Severity level : [ INFO  ] 

13:56:12 [ INFO  ] : [tid=000] This is EsoRex, version 3.13.1
13:56:12 [ INFO  ] : [tid=000] using the libraries: CPL = 7.1, CFITSIO = 3.36, WCSLIB = 4.24, FFTW (normal precision) = 3.3.4-sse2, FFTW (single precision) = 3.3.4-sse2, CPL FLOP counting is unavailable, enable with -DCPL_ADD_FLOPS, OPENMP = 200805
13:56:12 [ INFO  ] : [tid=000] Invocation command line was: esorex --recipe-config=/home/mmarcano/Documents/ReduceMUSE2017/Observation2/config/muse_scibasic.rc --log-file=scibasicstd.log muse_scibasic --merge /home/mmarcano/Documents/ReduceMUSE2017/Observation2/data/sof/scibasicstd.sof
13:56:12 [ INFO  ] muse_processing_recipeinfo: [tid=000] MUSE Instrument Pipeline v2.6
13:56:14 [ INFO  ] muse_image_load_from_raw: [tid=002] loaded "/home/mmarcano/Documents/ReduceMUSE2017/Observation2/data/data_with_raw_calibs/MUSE.2017-06-03T05:44:34.176.fits[CHAN03]" (extension 6)
13:56:14 [ INFO  ] muse_image_load_from_raw: [tid=001] loaded "/home/mmarcano/Documents/ReduceMUSE2017/Observation2/data/data_with_raw_calibs/MUSE.2017-06-03T05:44:34.176.fits[CHAN02]" (extension 12)
13:56:14 [ INFO  ] muse_image_load_from_raw: [tid=004] loaded "/home/mmarcano/Documents/ReduceMUSE2017/Observation2/data/data_with_raw_calibs/MUSE.2017-06-03T05:44:34.176.fits[CHAN05]" (extension 5)
13:56:14 [ INFO  ] muse_image_load_from_raw: [tid=002] loaded "/home/mmarcano/Documents/ReduceMUSE2017/Observation2/data/data_with_raw_calibs/MUSE.2017-06-01T21:41:33.125.fits[CHAN03]" (extension 6)
13:56:14 [ INFO  ] muse_image_load_from_raw: [tid=001] loaded "/home/mmarcano/Documents/ReduceMUSE2017/Observation2/data/data_with_raw_calibs/MUSE.2017-06-01T21:41:33.125.fits[CHAN02]" (extension 12)
13:56:14 [ INFO  ] muse_image_load_from_raw: [tid=004] loaded "/home/mmarcano/Documents/ReduceMUSE2017/Observation2/data/data_with_raw_calibs/MUSE.2017-06-01T21:41:33.125.fits[CHAN05]" (extension 5)
13:56:15 [ INFO  ] muse_image_load_from_raw: [tid=003] loaded "/home/mmarcano/Documents/ReduceMUSE2017/Observation2/data/data_with_raw_calibs/MUSE.2017-06-03T05:44:34.176.fits[CHAN04]" (extension 24)
13:56:15 [ INFO  ] muse_image_load_from_raw: [tid=007] loaded "/home/mmarcano/Documents/ReduceMUSE2017/Observation2/data/data_with_raw_calibs/MUSE.2017-06-03T05:44:34.176.fits[CHAN08]" (extension 11)
13:56:15 [ INFO  ] muse_image_load_from_raw: [tid=006] loaded "/home/mmarcano/Documents/ReduceMUSE2017/Observation2/data/data_with_raw_calibs/MUSE.2017-06-03T05:44:34.176.fits[CHAN07]" (extension 17)
13:56:15 [ INFO  ] muse_image_load_from_raw: [tid=005] loaded "/home/mmarcano/Documents/ReduceMUSE2017/Observation2/data/data_with_raw_calibs/MUSE.2017-06-03T05:44:34.176.fits[CHAN06]" (extension 23)
13:56:15 [ INFO  ] muse_image_load_from_raw: [tid=007] loaded "/home/mmarcano/Documents/ReduceMUSE2017/Observation2/data/data_with_raw_calibs/MUSE.2017-06-01T21:41:33.125.fits[CHAN08]" (extension 11)
13:56:15 [ INFO  ] muse_image_load_from_raw: [tid=003] loaded "/home/mmarcano/Documents/ReduceMUSE2017/Observation2/data/data_with_raw_calibs/MUSE.2017-06-01T21:41:33.125.fits[CHAN04]" (extension 24)
13:56:15 [ INFO  ] muse_image_load_from_raw: [tid=010] loaded "/home/mmarcano/Documents/ReduceMUSE2017/Observation2/data/data_with_raw_calibs/MUSE.2017-06-03T05:44:34.176.fits[CHAN11]" (extension 4)
13:56:15 [ INFO  ] muse_image_load_from_raw: [tid=006] loaded "/home/mmarcano/Documents/ReduceMUSE2017/Observation2/data/data_with_raw_calibs/MUSE.2017-06-01T21:41:33.125.fits[CHAN07]" (extension 17)
13:56:15 [ INFO  ] muse_image_load_from_raw: [tid=008] loaded "/home/mmarcano/Documents/ReduceMUSE2017/Observation2/data/data_with_raw_calibs/MUSE.2017-06-03T05:44:34.176.fits[CHAN09]" (extension 16)
13:56:15 [ INFO  ] muse_image_load_from_raw: [tid=009] loaded "/home/mmarcano/Documents/ReduceMUSE2017/Observation2/data/data_with_raw_calibs/MUSE.2017-06-03T05:44:34.176.fits[CHAN10]" (extension 10)
13:56:15 [ INFO  ] muse_image_load_from_raw: [tid=005] loaded "/home/mmarcano/Documents/ReduceMUSE2017/Observation2/data/data_with_raw_calibs/MUSE.2017-06-01T21:41:33.125.fits[CHAN06]" (extension 23)
13:56:15 [ INFO  ] muse_image_load_from_raw: [tid=010] loaded "/home/mmarcano/Documents/ReduceMUSE2017/Observation2/data/data_with_raw_calibs/MUSE.2017-06-01T21:41:33.125.fits[CHAN11]" (extension 4)
13:56:16 [ INFO  ] muse_image_load_from_raw: [tid=008] loaded "/home/mmarcano/Documents/ReduceMUSE2017/Observation2/data/data_with_raw_calibs/MUSE.2017-06-01T21:41:33.125.fits[CHAN09]" (extension 16)
13:56:16 [ INFO  ] muse_image_load_from_raw: [tid=009] loaded "/home/mmarcano/Documents/ReduceMUSE2017/Observation2/data/data_with_raw_calibs/MUSE.2017-06-01T21:41:33.125.fits[CHAN10]" (extension 10)
13:56:16 [ INFO  ] muse_image_load_from_raw: [tid=014] loaded "/home/mmarcano/Documents/ReduceMUSE2017/Observation2/data/data_with_raw_calibs/MUSE.2017-06-03T05:44:34.176.fits[CHAN15]" (extension 3)
13:56:16 [ INFO  ] muse_image_load_from_raw: [tid=013] loaded "/home/mmarcano/Documents/ReduceMUSE2017/Observation2/data/data_with_raw_calibs/MUSE.2017-06-03T05:44:34.176.fits[CHAN14]" (extension 9)
13:56:16 [ INFO  ] muse_image_load_from_raw: [tid=014] loaded "/home/mmarcano/Documents/ReduceMUSE2017/Observation2/data/data_with_raw_calibs/MUSE.2017-06-01T21:41:33.125.fits[CHAN15]" (extension 3)
13:56:16 [ INFO  ] muse_image_load_from_raw: [tid=013] loaded "/home/mmarcano/Documents/ReduceMUSE2017/Observation2/data/data_with_raw_calibs/MUSE.2017-06-01T21:41:33.125.fits[CHAN14]" (extension 9)
13:56:16 [ INFO  ] muse_image_load_from_raw: [tid=016] loaded "/home/mmarcano/Documents/ReduceMUSE2017/Observation2/data/data_with_raw_calibs/MUSE.2017-06-03T05:44:34.176.fits[CHAN17]" (extension 2)
13:56:16 [ INFO  ] muse_image_load_from_raw: [tid=016] loaded "/home/mmarcano/Documents/ReduceMUSE2017/Observation2/data/data_with_raw_calibs/MUSE.2017-06-01T21:41:33.125.fits[CHAN17]" (extension 2)
13:56:16 [ INFO  ] muse_basicproc_apply_bias: [tid=002] Bias correction in IFU 3 using "/home/mmarcano/Documents/ReduceMUSE2017/Observation2/data/MASTER_BIAS.fits[CHAN03.DATA]"
13:56:16 [ INFO  ] muse_basicproc_apply_bias: [tid=001] Bias correction in IFU 2 using "/home/mmarcano/Documents/ReduceMUSE2017/Observation2/data/MASTER_BIAS.fits[CHAN02.DATA]"
13:56:17 [ INFO  ] muse_image_load_from_raw: [tid=015] loaded "/home/mmarcano/Documents/ReduceMUSE2017/Observation2/data/data_with_raw_calibs/MUSE.2017-06-03T05:44:34.176.fits[CHAN16]" (extension 21)
13:56:17 [ INFO  ] muse_basicproc_apply_bias: [tid=004] Bias correction in IFU 5 using "/home/mmarcano/Documents/ReduceMUSE2017/Observation2/data/MASTER_BIAS.fits[CHAN05.DATA]"
13:56:17 [ INFO  ] muse_image_load_from_raw: [tid=019] loaded "/home/mmarcano/Documents/ReduceMUSE2017/Observation2/data/data_with_raw_calibs/MUSE.2017-06-03T05:44:34.176.fits[CHAN20]" (extension 8)
13:56:17 [ INFO  ] muse_image_load_from_raw: [tid=015] loaded "/home/mmarcano/Documents/ReduceMUSE2017/Observation2/data/data_with_raw_calibs/MUSE.2017-06-01T21:41:33.125.fits[CHAN16]" (extension 21)
13:56:17 [ INFO  ] muse_image_load_from_raw: [tid=019] loaded "/home/mmarcano/Documents/ReduceMUSE2017/Observation2/data/data_with_raw_calibs/MUSE.2017-06-01T21:41:33.125.fits[CHAN20]" (extension 8)
13:56:17 [ INFO  ] muse_image_load_from_raw: [tid=020] loaded "/home/mmarcano/Documents/ReduceMUSE2017/Observation2/data/data_with_raw_calibs/MUSE.2017-06-03T05:44:34.176.fits[CHAN21]" (extension 13)
13:56:17 [ INFO  ] muse_basicproc_apply_bias: [tid=003] Bias correction in IFU 4 using "/home/mmarcano/Documents/ReduceMUSE2017/Observation2/data/MASTER_BIAS.fits[CHAN04.DATA]"
13:56:17 [ INFO  ] muse_image_load_from_raw: [tid=021] loaded "/home/mmarcano/Documents/ReduceMUSE2017/Observation2/data/data_with_raw_calibs/MUSE.2017-06-03T05:44:34.176.fits[CHAN22]" (extension 7)
13:56:18 [ INFO  ] muse_basicproc_apply_bias: [tid=007] Bias correction in IFU 8 using "/home/mmarcano/Documents/ReduceMUSE2017/Observation2/data/MASTER_BIAS.fits[CHAN08.DATA]"
13:56:18 [ INFO  ] muse_image_load_from_raw: [tid=021] loaded "/home/mmarcano/Documents/ReduceMUSE2017/Observation2/data/data_with_raw_calibs/MUSE.2017-06-01T21:41:33.125.fits[CHAN22]" (extension 7)
13:56:18 [ INFO  ] muse_image_load_from_raw: [tid=020] loaded "/home/mmarcano/Documents/ReduceMUSE2017/Observation2/data/data_with_raw_calibs/MUSE.2017-06-01T21:41:33.125.fits[CHAN21]" (extension 13)
13:56:18 [ INFO  ] muse_basicproc_apply_bias: [tid=006] Bias correction in IFU 7 using "/home/mmarcano/Documents/ReduceMUSE2017/Observation2/data/MASTER_BIAS.fits[CHAN07.DATA]"
13:56:18 [ INFO  ] muse_basicproc_apply_bias: [tid=005] Bias correction in IFU 6 using "/home/mmarcano/Documents/ReduceMUSE2017/Observation2/data/MASTER_BIAS.fits[CHAN06.DATA]"
13:56:18 [ INFO  ] muse_basicproc_apply_bias: [tid=010] Bias correction in IFU 11 using "/home/mmarcano/Documents/ReduceMUSE2017/Observation2/data/MASTER_BIAS.fits[CHAN11.DATA]"
13:56:18 [ INFO  ] muse_basicproc_apply_bias: [tid=014] Bias correction in IFU 15 using "/home/mmarcano/Documents/ReduceMUSE2017/Observation2/data/MASTER_BIAS.fits[CHAN15.DATA]"
13:56:18 [ INFO  ] muse_basicproc_apply_bias: [tid=008] Bias correction in IFU 9 using "/home/mmarcano/Documents/ReduceMUSE2017/Observation2/data/MASTER_BIAS.fits[CHAN09.DATA]"
13:56:18 [ INFO  ] muse_basicproc_apply_bias: [tid=013] Bias correction in IFU 14 using "/home/mmarcano/Documents/ReduceMUSE2017/Observation2/data/MASTER_BIAS.fits[CHAN14.DATA]"
13:56:18 [ INFO  ] muse_basicproc_apply_bias: [tid=009] Bias correction in IFU 10 using "/home/mmarcano/Documents/ReduceMUSE2017/Observation2/data/MASTER_BIAS.fits[CHAN10.DATA]"
13:56:18 [ INFO  ] muse_basicproc_adu_to_count: [tid=002] Converting 2 exposures from adu to count (= electron) units in IFU 3
13:56:18 [ INFO  ] muse_image_load_from_raw: [tid=023] loaded "/home/mmarcano/Documents/ReduceMUSE2017/Observation2/data/data_with_raw_calibs/MUSE.2017-06-03T05:44:34.176.fits[CHAN24]" (extension 19)
13:56:18 [ INFO  ] muse_basicproc_adu_to_count: [tid=001] Converting 2 exposures from adu to count (= electron) units in IFU 2
13:56:18 [ INFO  ] muse_basicproc_apply_bias: [tid=016] Bias correction in IFU 17 using "/home/mmarcano/Documents/ReduceMUSE2017/Observation2/data/MASTER_BIAS.fits[CHAN17.DATA]"
13:56:18 [ INFO  ] muse_image_load_from_raw: [tid=023] loaded "/home/mmarcano/Documents/ReduceMUSE2017/Observation2/data/data_with_raw_calibs/MUSE.2017-06-01T21:41:33.125.fits[CHAN24]" (extension 19)
13:56:19 [ INFO  ] muse_basicproc_adu_to_count: [tid=004] Converting 2 exposures from adu to count (= electron) units in IFU 5
13:56:19 [ INFO  ] muse_basicproc_apply_bias: [tid=015] Bias correction in IFU 16 using "/home/mmarcano/Documents/ReduceMUSE2017/Observation2/data/MASTER_BIAS.fits[CHAN16.DATA]"
13:56:19 [ INFO  ] muse_basicproc_apply_bias: [tid=019] Bias correction in IFU 20 using "/home/mmarcano/Documents/ReduceMUSE2017/Observation2/data/MASTER_BIAS.fits[CHAN20.DATA]"
13:56:19 [ INFO  ] muse_basicproc_apply_bias: [tid=020] Bias correction in IFU 21 using "/home/mmarcano/Documents/ReduceMUSE2017/Observation2/data/MASTER_BIAS.fits[CHAN21.DATA]"
13:56:19 [ INFO  ] muse_basicproc_apply_bias: [tid=021] Bias correction in IFU 22 using "/home/mmarcano/Documents/ReduceMUSE2017/Observation2/data/MASTER_BIAS.fits[CHAN22.DATA]"
13:56:20 [ INFO  ] muse_basicproc_adu_to_count: [tid=003] Converting 2 exposures from adu to count (= electron) units in IFU 4
13:56:20 [ INFO  ] muse_basicproc_adu_to_count: [tid=014] Converting 2 exposures from adu to count (= electron) units in IFU 15
13:56:20 [ INFO  ] muse_basicproc_adu_to_count: [tid=013] Converting 2 exposures from adu to count (= electron) units in IFU 14
13:56:20 [ INFO  ] muse_basicproc_adu_to_count: [tid=007] Converting 2 exposures from adu to count (= electron) units in IFU 8
13:56:20 [ INFO  ] muse_basicproc_adu_to_count: [tid=005] Converting 2 exposures from adu to count (= electron) units in IFU 6
13:56:20 [ INFO  ] muse_basicproc_adu_to_count: [tid=006] Converting 2 exposures from adu to count (= electron) units in IFU 7
13:56:20 [ INFO  ] muse_basicproc_adu_to_count: [tid=016] Converting 2 exposures from adu to count (= electron) units in IFU 17
13:56:20 [ INFO  ] muse_basicproc_apply_bias: [tid=023] Bias correction in IFU 24 using "/home/mmarcano/Documents/ReduceMUSE2017/Observation2/data/MASTER_BIAS.fits[CHAN24.DATA]"
13:56:20 [ INFO  ] muse_basicproc_apply_dark: [tid=002] Dark correction in IFU 3 using "/home/mmarcano/Documents/ReduceMUSE2017/Observation2/data/MASTER_DARK.fits[CHAN03.DATA]"
13:56:20 [ INFO  ] muse_basicproc_adu_to_count: [tid=010] Converting 2 exposures from adu to count (= electron) units in IFU 11
13:56:20 [ INFO  ] muse_basicproc_adu_to_count: [tid=008] Converting 2 exposures from adu to count (= electron) units in IFU 9
13:56:20 [ INFO  ] muse_basicproc_apply_dark: [tid=001] Dark correction in IFU 2 using "/home/mmarcano/Documents/ReduceMUSE2017/Observation2/data/MASTER_DARK.fits[CHAN02.DATA]"
13:56:20 [ INFO  ] muse_basicproc_adu_to_count: [tid=009] Converting 2 exposures from adu to count (= electron) units in IFU 10
13:56:21 [ INFO  ] muse_basicproc_adu_to_count: [tid=015] Converting 2 exposures from adu to count (= electron) units in IFU 16
13:56:21 [ INFO  ] muse_basicproc_apply_dark: [tid=004] Dark correction in IFU 5 using "/home/mmarcano/Documents/ReduceMUSE2017/Observation2/data/MASTER_DARK.fits[CHAN05.DATA]"
13:56:21 [ INFO  ] muse_basicproc_adu_to_count: [tid=019] Converting 2 exposures from adu to count (= electron) units in IFU 20
13:56:21 [ INFO  ] muse_basicproc_adu_to_count: [tid=020] Converting 2 exposures from adu to count (= electron) units in IFU 21
13:56:21 [ INFO  ] muse_basicproc_adu_to_count: [tid=021] Converting 2 exposures from adu to count (= electron) units in IFU 22
13:56:22 [ INFO  ] muse_basicproc_apply_dark: [tid=014] Dark correction in IFU 15 using "/home/mmarcano/Documents/ReduceMUSE2017/Observation2/data/MASTER_DARK.fits[CHAN15.DATA]"
13:56:22 [ INFO  ] muse_basicproc_apply_dark: [tid=013] Dark correction in IFU 14 using "/home/mmarcano/Documents/ReduceMUSE2017/Observation2/data/MASTER_DARK.fits[CHAN14.DATA]"
13:56:22 [ INFO  ] muse_basicproc_apply_dark: [tid=003] Dark correction in IFU 4 using "/home/mmarcano/Documents/ReduceMUSE2017/Observation2/data/MASTER_DARK.fits[CHAN04.DATA]"
13:56:22 [ INFO  ] muse_basicproc_apply_flat: [tid=002] Flat-field correction in IFU 3 using "/home/mmarcano/Documents/ReduceMUSE2017/Observation2/data/MASTER_FLAT.fits[CHAN03.DATA]"
13:56:22 [ INFO  ] muse_basicproc_adu_to_count: [tid=023] Converting 2 exposures from adu to count (= electron) units in IFU 24
13:56:22 [ INFO  ] muse_basicproc_apply_flat: [tid=001] Flat-field correction in IFU 2 using "/home/mmarcano/Documents/ReduceMUSE2017/Observation2/data/MASTER_FLAT.fits[CHAN02.DATA]"
13:56:22 [ INFO  ] muse_basicproc_apply_dark: [tid=016] Dark correction in IFU 17 using "/home/mmarcano/Documents/ReduceMUSE2017/Observation2/data/MASTER_DARK.fits[CHAN17.DATA]"
13:56:22 [ INFO  ] muse_basicproc_apply_dark: [tid=007] Dark correction in IFU 8 using "/home/mmarcano/Documents/ReduceMUSE2017/Observation2/data/MASTER_DARK.fits[CHAN08.DATA]"
13:56:22 [ INFO  ] muse_basicproc_apply_dark: [tid=005] Dark correction in IFU 6 using "/home/mmarcano/Documents/ReduceMUSE2017/Observation2/data/MASTER_DARK.fits[CHAN06.DATA]"
13:56:22 [ INFO  ] muse_basicproc_apply_dark: [tid=006] Dark correction in IFU 7 using "/home/mmarcano/Documents/ReduceMUSE2017/Observation2/data/MASTER_DARK.fits[CHAN07.DATA]"
13:56:23 [ INFO  ] muse_basicproc_apply_flat: [tid=004] Flat-field correction in IFU 5 using "/home/mmarcano/Documents/ReduceMUSE2017/Observation2/data/MASTER_FLAT.fits[CHAN05.DATA]"
13:56:23 [ INFO  ] muse_basicproc_apply_dark: [tid=015] Dark correction in IFU 16 using "/home/mmarcano/Documents/ReduceMUSE2017/Observation2/data/MASTER_DARK.fits[CHAN16.DATA]"
13:56:23 [ INFO  ] muse_basicproc_apply_dark: [tid=008] Dark correction in IFU 9 using "/home/mmarcano/Documents/ReduceMUSE2017/Observation2/data/MASTER_DARK.fits[CHAN09.DATA]"
13:56:23 [ INFO  ] muse_basicproc_apply_dark: [tid=009] Dark correction in IFU 10 using "/home/mmarcano/Documents/ReduceMUSE2017/Observation2/data/MASTER_DARK.fits[CHAN10.DATA]"
13:56:23 [ INFO  ] muse_basicproc_apply_dark: [tid=019] Dark correction in IFU 20 using "/home/mmarcano/Documents/ReduceMUSE2017/Observation2/data/MASTER_DARK.fits[CHAN20.DATA]"
13:56:23 [ INFO  ] muse_basicproc_apply_dark: [tid=010] Dark correction in IFU 11 using "/home/mmarcano/Documents/ReduceMUSE2017/Observation2/data/MASTER_DARK.fits[CHAN11.DATA]"
13:56:24 [ INFO  ] muse_basicproc_apply_flat: [tid=014] Flat-field correction in IFU 15 using "/home/mmarcano/Documents/ReduceMUSE2017/Observation2/data/MASTER_FLAT.fits[CHAN15.DATA]"
13:56:24 [ INFO  ] muse_basicproc_apply_flat: [tid=013] Flat-field correction in IFU 14 using "/home/mmarcano/Documents/ReduceMUSE2017/Observation2/data/MASTER_FLAT.fits[CHAN14.DATA]"
13:56:24 [ INFO  ] muse_basicproc_apply_dark: [tid=020] Dark correction in IFU 21 using "/home/mmarcano/Documents/ReduceMUSE2017/Observation2/data/MASTER_DARK.fits[CHAN21.DATA]"
13:56:24 [ INFO  ] muse_basicproc_apply_flat: [tid=003] Flat-field correction in IFU 4 using "/home/mmarcano/Documents/ReduceMUSE2017/Observation2/data/MASTER_FLAT.fits[CHAN04.DATA]"
13:56:24 [ INFO  ] muse_basicproc_apply_dark: [tid=021] Dark correction in IFU 22 using "/home/mmarcano/Documents/ReduceMUSE2017/Observation2/data/MASTER_DARK.fits[CHAN22.DATA]"
13:56:24 [ INFO  ] muse_basicproc_apply_flat: [tid=016] Flat-field correction in IFU 17 using "/home/mmarcano/Documents/ReduceMUSE2017/Observation2/data/MASTER_FLAT.fits[CHAN17.DATA]"
13:56:24 [ INFO  ] muse_basicproc_apply_dark: [tid=023] Dark correction in IFU 24 using "/home/mmarcano/Documents/ReduceMUSE2017/Observation2/data/MASTER_DARK.fits[CHAN24.DATA]"
13:56:24 [ INFO  ] muse_basicproc_apply_flat: [tid=007] Flat-field correction in IFU 8 using "/home/mmarcano/Documents/ReduceMUSE2017/Observation2/data/MASTER_FLAT.fits[CHAN08.DATA]"
13:56:24 [ INFO  ] muse_table_load: [tid=002] Loaded table from file "/home/mmarcano/Documents/ReduceMUSE2017/Observation2/data/TRACE_TABLE.fits[CHAN03]" (ext 3).
13:56:24 [ INFO  ] muse_basicproc_apply_flat: [tid=005] Flat-field correction in IFU 6 using "/home/mmarcano/Documents/ReduceMUSE2017/Observation2/data/MASTER_FLAT.fits[CHAN06.DATA]"
13:56:25 [ INFO  ] muse_basicproc_apply_flat: [tid=006] Flat-field correction in IFU 7 using "/home/mmarcano/Documents/ReduceMUSE2017/Observation2/data/MASTER_FLAT.fits[CHAN07.DATA]"
13:56:25 [ INFO  ] muse_table_load: [tid=001] Loaded table from file "/home/mmarcano/Documents/ReduceMUSE2017/Observation2/data/TRACE_TABLE.fits[CHAN02]" (ext 2).
13:56:25 [ INFO  ] muse_basicproc_apply_flat: [tid=015] Flat-field correction in IFU 16 using "/home/mmarcano/Documents/ReduceMUSE2017/Observation2/data/MASTER_FLAT.fits[CHAN16.DATA]"
13:56:25 [ INFO  ] muse_table_load: [tid=002] Loaded table from file "/home/mmarcano/Documents/ReduceMUSE2017/Observation2/data/WAVECAL_TABLE.fits[CHAN03]" (ext 3).
13:56:25 [ INFO  ] muse_table_load: [tid=002] Loaded table from file "/home/mmarcano/Documents/ReduceMUSE2017/Observation2/data/data_with_raw_calibs/M.MUSE.2017-05-02T10:33:34.610.fits" (ext 1).
13:56:25 [ INFO  ] muse_table_load: [tid=001] Loaded table from file "/home/mmarcano/Documents/ReduceMUSE2017/Observation2/data/WAVECAL_TABLE.fits[CHAN02]" (ext 2).
13:56:25 [ INFO  ] muse_table_load: [tid=001] Loaded table from file "/home/mmarcano/Documents/ReduceMUSE2017/Observation2/data/data_with_raw_calibs/M.MUSE.2017-05-02T10:33:34.610.fits" (ext 1).
13:56:25 [ INFO  ] muse_basicproc_apply_flat: [tid=019] Flat-field correction in IFU 20 using "/home/mmarcano/Documents/ReduceMUSE2017/Observation2/data/MASTER_FLAT.fits[CHAN20.DATA]"
13:56:25 [ INFO  ] muse_table_load: [tid=004] Loaded table from file "/home/mmarcano/Documents/ReduceMUSE2017/Observation2/data/TRACE_TABLE.fits[CHAN05]" (ext 5).
13:56:25 [ INFO  ] muse_basicproc_apply_flat: [tid=009] Flat-field correction in IFU 10 using "/home/mmarcano/Documents/ReduceMUSE2017/Observation2/data/MASTER_FLAT.fits[CHAN10.DATA]"
13:56:25 [ INFO  ] muse_basicproc_apply_flat: [tid=008] Flat-field correction in IFU 9 using "/home/mmarcano/Documents/ReduceMUSE2017/Observation2/data/MASTER_FLAT.fits[CHAN09.DATA]"
13:56:25 [ INFO  ] muse_pixtable_create: [tid=002] Creating pixel table for IFU 3, using order 5 for trace solution and orders 2/6 for wavelength solution
13:56:25 [ INFO  ] muse_basicproc_apply_flat: [tid=010] Flat-field correction in IFU 11 using "/home/mmarcano/Documents/ReduceMUSE2017/Observation2/data/MASTER_FLAT.fits[CHAN11.DATA]"
13:56:25 [ INFO  ] muse_table_load: [tid=004] Loaded table from file "/home/mmarcano/Documents/ReduceMUSE2017/Observation2/data/WAVECAL_TABLE.fits[CHAN05]" (ext 5).
13:56:25 [ INFO  ] muse_pixtable_create: [tid=001] Creating pixel table for IFU 2, using order 5 for trace solution and orders 2/6 for wavelength solution
13:56:25 [ INFO  ] muse_table_load: [tid=004] Loaded table from file "/home/mmarcano/Documents/ReduceMUSE2017/Observation2/data/data_with_raw_calibs/M.MUSE.2017-05-02T10:33:34.610.fits" (ext 1).
13:56:25 [ INFO  ] muse_table_load: [tid=013] Loaded table from file "/home/mmarcano/Documents/ReduceMUSE2017/Observation2/data/TRACE_TABLE.fits[CHAN14]" (ext 14).
13:56:25 [ INFO  ] muse_basicproc_apply_flat: [tid=020] Flat-field correction in IFU 21 using "/home/mmarcano/Documents/ReduceMUSE2017/Observation2/data/MASTER_FLAT.fits[CHAN21.DATA]"
13:56:25 [ INFO  ] muse_table_load: [tid=014] Loaded table from file "/home/mmarcano/Documents/ReduceMUSE2017/Observation2/data/TRACE_TABLE.fits[CHAN15]" (ext 15).
13:56:25 [ INFO  ] muse_basicproc_apply_flat: [tid=021] Flat-field correction in IFU 22 using "/home/mmarcano/Documents/ReduceMUSE2017/Observation2/data/MASTER_FLAT.fits[CHAN22.DATA]"
13:56:26 [ INFO  ] muse_pixtable_create: [tid=004] Creating pixel table for IFU 5, using order 5 for trace solution and orders 2/6 for wavelength solution
13:56:26 [ INFO  ] muse_table_load: [tid=003] Loaded table from file "/home/mmarcano/Documents/ReduceMUSE2017/Observation2/data/TRACE_TABLE.fits[CHAN04]" (ext 4).
13:56:26 [ INFO  ] muse_table_load: [tid=016] Loaded table from file "/home/mmarcano/Documents/ReduceMUSE2017/Observation2/data/TRACE_TABLE.fits[CHAN17]" (ext 17).
13:56:26 [ INFO  ] muse_table_load: [tid=013] Loaded table from file "/home/mmarcano/Documents/ReduceMUSE2017/Observation2/data/WAVECAL_TABLE.fits[CHAN14]" (ext 14).
13:56:26 [ INFO  ] muse_table_load: [tid=013] Loaded table from file "/home/mmarcano/Documents/ReduceMUSE2017/Observation2/data/data_with_raw_calibs/M.MUSE.2017-05-02T10:33:34.610.fits" (ext 1).
13:56:26 [ INFO  ] muse_table_load: [tid=014] Loaded table from file "/home/mmarcano/Documents/ReduceMUSE2017/Observation2/data/WAVECAL_TABLE.fits[CHAN15]" (ext 15).
13:56:26 [ INFO  ] muse_table_load: [tid=003] Loaded table from file "/home/mmarcano/Documents/ReduceMUSE2017/Observation2/data/WAVECAL_TABLE.fits[CHAN04]" (ext 4).
13:56:26 [ INFO  ] muse_table_load: [tid=014] Loaded table from file "/home/mmarcano/Documents/ReduceMUSE2017/Observation2/data/data_with_raw_calibs/M.MUSE.2017-05-02T10:33:34.610.fits" (ext 1).
13:56:26 [ INFO  ] muse_table_load: [tid=003] Loaded table from file "/home/mmarcano/Documents/ReduceMUSE2017/Observation2/data/data_with_raw_calibs/M.MUSE.2017-05-02T10:33:34.610.fits" (ext 1).
13:56:26 [ INFO  ] muse_basicproc_apply_flat: [tid=023] Flat-field correction in IFU 24 using "/home/mmarcano/Documents/ReduceMUSE2017/Observation2/data/MASTER_FLAT.fits[CHAN24.DATA]"
13:56:26 [ INFO  ] muse_pixtable_create: [tid=013] Creating pixel table for IFU 14, using order 5 for trace solution and orders 2/6 for wavelength solution
13:56:26 [ INFO  ] muse_pixtable_create: [tid=014] Creating pixel table for IFU 15, using order 5 for trace solution and orders 2/6 for wavelength solution
13:56:26 [ INFO  ] muse_table_load: [tid=015] Loaded table from file "/home/mmarcano/Documents/ReduceMUSE2017/Observation2/data/TRACE_TABLE.fits[CHAN16]" (ext 16).
13:56:26 [ INFO  ] muse_pixtable_create: [tid=003] Creating pixel table for IFU 4, using order 5 for trace solution and orders 2/6 for wavelength solution
13:56:26 [ INFO  ] muse_table_load: [tid=005] Loaded table from file "/home/mmarcano/Documents/ReduceMUSE2017/Observation2/data/TRACE_TABLE.fits[CHAN06]" (ext 6).
13:56:26 [ INFO  ] muse_table_load: [tid=007] Loaded table from file "/home/mmarcano/Documents/ReduceMUSE2017/Observation2/data/TRACE_TABLE.fits[CHAN08]" (ext 8).
13:56:26 [ INFO  ] muse_table_load: [tid=016] Loaded table from file "/home/mmarcano/Documents/ReduceMUSE2017/Observation2/data/WAVECAL_TABLE.fits[CHAN17]" (ext 17).
13:56:26 [ INFO  ] muse_table_load: [tid=006] Loaded table from file "/home/mmarcano/Documents/ReduceMUSE2017/Observation2/data/TRACE_TABLE.fits[CHAN07]" (ext 7).
13:56:26 [ INFO  ] muse_table_load: [tid=016] Loaded table from file "/home/mmarcano/Documents/ReduceMUSE2017/Observation2/data/data_with_raw_calibs/M.MUSE.2017-05-02T10:33:34.610.fits" (ext 1).
13:56:26 [ INFO  ] muse_table_load: [tid=019] Loaded table from file "/home/mmarcano/Documents/ReduceMUSE2017/Observation2/data/TRACE_TABLE.fits[CHAN20]" (ext 20).
13:56:27 [ INFO  ] muse_table_load: [tid=005] Loaded table from file "/home/mmarcano/Documents/ReduceMUSE2017/Observation2/data/WAVECAL_TABLE.fits[CHAN06]" (ext 6).
13:56:27 [ INFO  ] muse_table_load: [tid=005] Loaded table from file "/home/mmarcano/Documents/ReduceMUSE2017/Observation2/data/data_with_raw_calibs/M.MUSE.2017-05-02T10:33:34.610.fits" (ext 1).
13:56:27 [ INFO  ] muse_pixtable_create: [tid=016] Creating pixel table for IFU 17, using order 5 for trace solution and orders 2/6 for wavelength solution
13:56:27 [ INFO  ] muse_table_load: [tid=007] Loaded table from file "/home/mmarcano/Documents/ReduceMUSE2017/Observation2/data/WAVECAL_TABLE.fits[CHAN08]" (ext 8).
13:56:27 [ INFO  ] muse_table_load: [tid=006] Loaded table from file "/home/mmarcano/Documents/ReduceMUSE2017/Observation2/data/WAVECAL_TABLE.fits[CHAN07]" (ext 7).
13:56:27 [ INFO  ] muse_table_load: [tid=007] Loaded table from file "/home/mmarcano/Documents/ReduceMUSE2017/Observation2/data/data_with_raw_calibs/M.MUSE.2017-05-02T10:33:34.610.fits" (ext 1).
13:56:27 [ INFO  ] muse_table_load: [tid=006] Loaded table from file "/home/mmarcano/Documents/ReduceMUSE2017/Observation2/data/data_with_raw_calibs/M.MUSE.2017-05-02T10:33:34.610.fits" (ext 1).
13:56:27 [ INFO  ] muse_table_load: [tid=009] Loaded table from file "/home/mmarcano/Documents/ReduceMUSE2017/Observation2/data/TRACE_TABLE.fits[CHAN10]" (ext 10).
13:56:27 [ INFO  ] muse_table_load: [tid=008] Loaded table from file "/home/mmarcano/Documents/ReduceMUSE2017/Observation2/data/TRACE_TABLE.fits[CHAN09]" (ext 9).
13:56:27 [ INFO  ] muse_table_load: [tid=015] Loaded table from file "/home/mmarcano/Documents/ReduceMUSE2017/Observation2/data/WAVECAL_TABLE.fits[CHAN16]" (ext 16).
13:56:27 [ INFO  ] muse_table_load: [tid=015] Loaded table from file "/home/mmarcano/Documents/ReduceMUSE2017/Observation2/data/data_with_raw_calibs/M.MUSE.2017-05-02T10:33:34.610.fits" (ext 1).
13:56:27 [ INFO  ] muse_pixtable_create: [tid=005] Creating pixel table for IFU 6, using order 5 for trace solution and orders 2/6 for wavelength solution
13:56:27 [ INFO  ] muse_table_load: [tid=010] Loaded table from file "/home/mmarcano/Documents/ReduceMUSE2017/Observation2/data/TRACE_TABLE.fits[CHAN11]" (ext 11).
13:56:27 [ INFO  ] muse_table_load: [tid=020] Loaded table from file "/home/mmarcano/Documents/ReduceMUSE2017/Observation2/data/TRACE_TABLE.fits[CHAN21]" (ext 21).
13:56:27 [ INFO  ] muse_pixtable_create: [tid=007] Creating pixel table for IFU 8, using order 5 for trace solution and orders 2/6 for wavelength solution
13:56:27 [ INFO  ] muse_pixtable_create: [tid=006] Creating pixel table for IFU 7, using order 5 for trace solution and orders 2/6 for wavelength solution
13:56:27 [ INFO  ] muse_table_load: [tid=021] Loaded table from file "/home/mmarcano/Documents/ReduceMUSE2017/Observation2/data/TRACE_TABLE.fits[CHAN22]" (ext 22).
13:56:27 [ INFO  ] muse_table_load: [tid=019] Loaded table from file "/home/mmarcano/Documents/ReduceMUSE2017/Observation2/data/WAVECAL_TABLE.fits[CHAN20]" (ext 20).
13:56:27 [ INFO  ] muse_table_load: [tid=008] Loaded table from file "/home/mmarcano/Documents/ReduceMUSE2017/Observation2/data/WAVECAL_TABLE.fits[CHAN09]" (ext 9).
13:56:27 [ INFO  ] muse_table_load: [tid=009] Loaded table from file "/home/mmarcano/Documents/ReduceMUSE2017/Observation2/data/WAVECAL_TABLE.fits[CHAN10]" (ext 10).
13:56:27 [ INFO  ] muse_table_load: [tid=019] Loaded table from file "/home/mmarcano/Documents/ReduceMUSE2017/Observation2/data/data_with_raw_calibs/M.MUSE.2017-05-02T10:33:34.610.fits" (ext 1).
13:56:27 [ INFO  ] muse_pixtable_create: [tid=015] Creating pixel table for IFU 16, using order 5 for trace solution and orders 2/6 for wavelength solution
13:56:27 [ INFO  ] muse_table_load: [tid=008] Loaded table from file "/home/mmarcano/Documents/ReduceMUSE2017/Observation2/data/data_with_raw_calibs/M.MUSE.2017-05-02T10:33:34.610.fits" (ext 1).
13:56:27 [ INFO  ] muse_table_load: [tid=009] Loaded table from file "/home/mmarcano/Documents/ReduceMUSE2017/Observation2/data/data_with_raw_calibs/M.MUSE.2017-05-02T10:33:34.610.fits" (ext 1).
13:56:27 [ INFO  ] muse_table_load: [tid=010] Loaded table from file "/home/mmarcano/Documents/ReduceMUSE2017/Observation2/data/WAVECAL_TABLE.fits[CHAN11]" (ext 11).
13:56:27 [ INFO  ] muse_pixtable_create: [tid=019] Creating pixel table for IFU 20, using order 5 for trace solution and orders 2/6 for wavelength solution
13:56:27 [ INFO  ] muse_table_load: [tid=010] Loaded table from file "/home/mmarcano/Documents/ReduceMUSE2017/Observation2/data/data_with_raw_calibs/M.MUSE.2017-05-02T10:33:34.610.fits" (ext 1).
13:56:27 [ INFO  ] muse_pixtable_create: [tid=008] Creating pixel table for IFU 9, using order 5 for trace solution and orders 2/6 for wavelength solution
13:56:28 [ INFO  ] muse_pixtable_create: [tid=009] Creating pixel table for IFU 10, using order 5 for trace solution and orders 2/6 for wavelength solution
13:56:28 [ INFO  ] muse_table_load: [tid=023] Loaded table from file "/home/mmarcano/Documents/ReduceMUSE2017/Observation2/data/TRACE_TABLE.fits[CHAN24]" (ext 24).
13:56:28 [ INFO  ] muse_table_load: [tid=020] Loaded table from file "/home/mmarcano/Documents/ReduceMUSE2017/Observation2/data/WAVECAL_TABLE.fits[CHAN21]" (ext 21).
13:56:28 [ INFO  ] muse_pixtable_create: [tid=010] Creating pixel table for IFU 11, using order 5 for trace solution and orders 2/6 for wavelength solution
13:56:28 [ INFO  ] muse_table_load: [tid=020] Loaded table from file "/home/mmarcano/Documents/ReduceMUSE2017/Observation2/data/data_with_raw_calibs/M.MUSE.2017-05-02T10:33:34.610.fits" (ext 1).
13:56:28 [ INFO  ] muse_table_load: [tid=021] Loaded table from file "/home/mmarcano/Documents/ReduceMUSE2017/Observation2/data/WAVECAL_TABLE.fits[CHAN22]" (ext 22).
13:56:28 [ INFO  ] muse_table_load: [tid=021] Loaded table from file "/home/mmarcano/Documents/ReduceMUSE2017/Observation2/data/data_with_raw_calibs/M.MUSE.2017-05-02T10:33:34.610.fits" (ext 1).
13:56:28 [ INFO  ] muse_pixtable_create: [tid=020] Creating pixel table for IFU 21, using order 5 for trace solution and orders 2/6 for wavelength solution
13:56:28 [ INFO  ] muse_basicproc_prepare_illum: [tid=002] Preparing ILLUM flat: 48 slices in the data of IFU 3 found.
13:56:28 [ INFO  ] muse_pixtable_create: [tid=021] Creating pixel table for IFU 22, using order 5 for trace solution and orders 2/6 for wavelength solution
13:56:28 [ INFO  ] muse_processing_save_image: [tid=002] Saving image as STD_RED_0001-03.fits
13:56:28 [ INFO  ] muse_basicproc_prepare_illum: [tid=001] Preparing ILLUM flat: 48 slices in the data of IFU 2 found.
13:56:28 [ INFO  ] muse_table_load: [tid=023] Loaded table from file "/home/mmarcano/Documents/ReduceMUSE2017/Observation2/data/WAVECAL_TABLE.fits[CHAN24]" (ext 24).
13:56:29 [ INFO  ] muse_table_load: [tid=023] Loaded table from file "/home/mmarcano/Documents/ReduceMUSE2017/Observation2/data/data_with_raw_calibs/M.MUSE.2017-05-02T10:33:34.610.fits" (ext 1).
13:56:29 [ INFO  ] muse_processing_save_image: [tid=001] Saving image as STD_RED_0001-02.fits
13:56:29 [ INFO  ] muse_pixtable_create: [tid=023] Creating pixel table for IFU 24, using order 5 for trace solution and orders 2/6 for wavelength solution
13:56:29 [ INFO  ] muse_pixtable_create: [tid=002] Creating pixel table for IFU 3, using order 5 for trace solution and orders 2/6 for wavelength solution
13:56:29 [ INFO  ] muse_basicproc_prepare_illum: [tid=004] Preparing ILLUM flat: 48 slices in the data of IFU 5 found.
13:56:29 [ INFO  ] muse_processing_save_image: [tid=004] Saving image as STD_RED_0001-05.fits
13:56:29 [ INFO  ] muse_pixtable_create: [tid=001] Creating pixel table for IFU 2, using order 5 for trace solution and orders 2/6 for wavelength solution
13:56:29 [ INFO  ] muse_basicproc_prepare_illum: [tid=013] Preparing ILLUM flat: 48 slices in the data of IFU 14 found.
13:56:29 [ INFO  ] muse_processing_save_image: [tid=013] Saving image as STD_RED_0001-14.fits
13:56:30 [ INFO  ] muse_basicproc_prepare_illum: [tid=014] Preparing ILLUM flat: 48 slices in the data of IFU 15 found.
13:56:30 [ INFO  ] muse_pixtable_create: [tid=004] Creating pixel table for IFU 5, using order 5 for trace solution and orders 2/6 for wavelength solution
13:56:30 [ INFO  ] muse_processing_save_image: [tid=014] Saving image as STD_RED_0001-15.fits
13:56:30 [ INFO  ] muse_pixtable_create: [tid=013] Creating pixel table for IFU 14, using order 5 for trace solution and orders 2/6 for wavelength solution
13:56:30 [ INFO  ] muse_basicproc_prepare_illum: [tid=016] Preparing ILLUM flat: 48 slices in the data of IFU 17 found.
13:56:30 [ INFO  ] muse_processing_save_image: [tid=016] Saving image as STD_RED_0001-17.fits
13:56:30 [ INFO  ] muse_pixtable_create: [tid=014] Creating pixel table for IFU 15, using order 5 for trace solution and orders 2/6 for wavelength solution
13:56:30 [ INFO  ] muse_basicproc_prepare_illum: [tid=003] Preparing ILLUM flat: 48 slices in the data of IFU 4 found.
13:56:30 [ INFO  ] muse_processing_save_image: [tid=003] Saving image as STD_RED_0001-04.fits
13:56:30 [ INFO  ] muse_pixtable_create: [tid=016] Creating pixel table for IFU 17, using order 5 for trace solution and orders 2/6 for wavelength solution
13:56:30 [ INFO  ] muse_basicproc_prepare_illum: [tid=015] Preparing ILLUM flat: 48 slices in the data of IFU 16 found.
13:56:31 [ INFO  ] muse_processing_save_image: [tid=015] Saving image as STD_RED_0001-16.fits
13:56:31 [ INFO  ] muse_pixtable_create: [tid=003] Creating pixel table for IFU 4, using order 5 for trace solution and orders 2/6 for wavelength solution
13:56:31 [ INFO  ] muse_basicproc_prepare_illum: [tid=005] Preparing ILLUM flat: 48 slices in the data of IFU 6 found.
13:56:31 [ INFO  ] muse_pixtable_create: [tid=015] Creating pixel table for IFU 16, using order 5 for trace solution and orders 2/6 for wavelength solution
13:56:31 [ INFO  ] muse_processing_save_image: [tid=005] Saving image as STD_RED_0001-06.fits
13:56:31 [ INFO  ] muse_basicproc_prepare_illum: [tid=019] Preparing ILLUM flat: 48 slices in the data of IFU 20 found.
13:56:31 [ INFO  ] muse_processing_save_image: [tid=019] Saving image as STD_RED_0001-20.fits
13:56:31 [ INFO  ] muse_pixtable_create: [tid=002] Creating pixel table for IFU 3, using order 5 for trace solution and orders 2/6 for wavelength solution
13:56:32 [ INFO  ] muse_pixtable_create: [tid=005] Creating pixel table for IFU 6, using order 5 for trace solution and orders 2/6 for wavelength solution
13:56:32 [ INFO  ] muse_basicproc_prepare_illum: [tid=006] Preparing ILLUM flat: 48 slices in the data of IFU 7 found.
13:56:32 [ INFO  ] muse_pixtable_create: [tid=019] Creating pixel table for IFU 20, using order 5 for trace solution and orders 2/6 for wavelength solution
13:56:32 [ INFO  ] muse_pixtable_create: [tid=001] Creating pixel table for IFU 2, using order 5 for trace solution and orders 2/6 for wavelength solution
13:56:32 [ INFO  ] muse_processing_save_image: [tid=006] Saving image as STD_RED_0001-07.fits
13:56:32 [ INFO  ] muse_pixtable_create: [tid=013] Creating pixel table for IFU 14, using order 5 for trace solution and orders 2/6 for wavelength solution
13:56:32 [ INFO  ] muse_basicproc_prepare_illum: [tid=007] Preparing ILLUM flat: 48 slices in the data of IFU 8 found.
13:56:32 [ INFO  ] muse_processing_save_image: [tid=007] Saving image as STD_RED_0001-08.fits
13:56:32 [ INFO  ] muse_pixtable_create: [tid=004] Creating pixel table for IFU 5, using order 5 for trace solution and orders 2/6 for wavelength solution
13:56:32 [ INFO  ] muse_pixtable_create: [tid=014] Creating pixel table for IFU 15, using order 5 for trace solution and orders 2/6 for wavelength solution
13:56:32 [ INFO  ] muse_pixtable_create: [tid=006] Creating pixel table for IFU 7, using order 5 for trace solution and orders 2/6 for wavelength solution
13:56:33 [ INFO  ] muse_basicproc_prepare_illum: [tid=008] Preparing ILLUM flat: 48 slices in the data of IFU 9 found.
13:56:33 [ INFO  ] muse_pixtable_create: [tid=016] Creating pixel table for IFU 17, using order 5 for trace solution and orders 2/6 for wavelength solution
13:56:33 [ INFO  ] muse_processing_save_image: [tid=008] Saving image as STD_RED_0001-09.fits
13:56:33 [ INFO  ] muse_pixtable_create: [tid=007] Creating pixel table for IFU 8, using order 5 for trace solution and orders 2/6 for wavelength solution
13:56:33 [ INFO  ] muse_basicproc_prepare_illum: [tid=009] Preparing ILLUM flat: 48 slices in the data of IFU 10 found.
13:56:33 [ INFO  ] muse_processing_save_image: [tid=009] Saving image as STD_RED_0001-10.fits
13:56:33 [ INFO  ] muse_basicproc_prepare_illum: [tid=020] Preparing ILLUM flat: 48 slices in the data of IFU 21 found.
13:56:33 [ INFO  ] muse_pixtable_create: [tid=008] Creating pixel table for IFU 9, using order 5 for trace solution and orders 2/6 for wavelength solution
13:56:33 [ INFO  ] muse_processing_save_image: [tid=020] Saving image as STD_RED_0001-21.fits
13:56:33 [ INFO  ] muse_pixtable_create: [tid=015] Creating pixel table for IFU 16, using order 5 for trace solution and orders 2/6 for wavelength solution
13:56:33 [ INFO  ] muse_pixtable_create: [tid=009] Creating pixel table for IFU 10, using order 5 for trace solution and orders 2/6 for wavelength solution
13:56:34 [ INFO  ] muse_pixtable_create: [tid=003] Creating pixel table for IFU 4, using order 5 for trace solution and orders 2/6 for wavelength solution
13:56:34 [ INFO  ] muse_basicproc_prepare_illum: [tid=010] Preparing ILLUM flat: 48 slices in the data of IFU 11 found.
13:56:34 [ INFO  ] muse_pixtable_create: [tid=020] Creating pixel table for IFU 21, using order 5 for trace solution and orders 2/6 for wavelength solution
13:56:34 [ INFO  ] muse_processing_save_image: [tid=010] Saving image as STD_RED_0001-11.fits
13:56:34 [ INFO  ] muse_basicproc_prepare_illum: [tid=021] Preparing ILLUM flat: 48 slices in the data of IFU 22 found.
13:56:34 [ INFO  ] muse_processing_save_image: [tid=021] Saving image as STD_RED_0001-22.fits
13:56:34 [ INFO  ] muse_basicproc_shift_pixtable: [tid=002] Skyline correction (2 lines): shifting data of IFU 3 by 0.1944 Angstrom
13:56:34 [ INFO  ] muse_scibasic_per_exposure: [tid=002] Nominal mode: cropping the pixel table of IFU 3 to 4750.0...9350.0 Angstrom
13:56:34 [ INFO  ] muse_pixtable_create: [tid=019] Creating pixel table for IFU 20, using order 5 for trace solution and orders 2/6 for wavelength solution
13:56:34 [ INFO  ] muse_basicproc_shift_pixtable: [tid=013] Skyline correction (2 lines): shifting data of IFU 14 by 0.0854 Angstrom
13:56:34 [ INFO  ] muse_scibasic_per_exposure: [tid=013] Nominal mode: cropping the pixel table of IFU 14 to 4750.0...9350.0 Angstrom
13:56:34 [ INFO  ] muse_pixtable_create: [tid=005] Creating pixel table for IFU 6, using order 5 for trace solution and orders 2/6 for wavelength solution
13:56:34 [ INFO  ] muse_basicproc_shift_pixtable: [tid=001] Skyline correction (2 lines): shifting data of IFU 2 by 0.0408 Angstrom
13:56:34 [ INFO  ] muse_pixtable_create: [tid=010] Creating pixel table for IFU 11, using order 5 for trace solution and orders 2/6 for wavelength solution
13:56:34 [ INFO  ] muse_scibasic_per_exposure: [tid=001] Nominal mode: cropping the pixel table of IFU 2 to 4750.0...9350.0 Angstrom
13:56:34 [ INFO  ] muse_basicproc_prepare_illum: [tid=023] Preparing ILLUM flat: 48 slices in the data of IFU 24 found.
13:56:35 [ INFO  ] muse_pixtable_create: [tid=021] Creating pixel table for IFU 22, using order 5 for trace solution and orders 2/6 for wavelength solution
13:56:35 [ INFO  ] muse_processing_save_image: [tid=023] Saving image as STD_RED_0001-24.fits
13:56:35 [ INFO  ] muse_basicproc_apply_illum: [tid=002] Applying ILLUM flat-field in IFU 3 (48 slices)
13:56:35 [ INFO  ] muse_basicproc_shift_pixtable: [tid=014] Skyline correction (2 lines): shifting data of IFU 15 by 0.1329 Angstrom
13:56:35 [ INFO  ] muse_scibasic_per_exposure: [tid=014] Nominal mode: cropping the pixel table of IFU 15 to 4750.0...9350.0 Angstrom
13:56:35 [ INFO  ] muse_scibasic_per_exposure: [tid=002] Starting twilight correction 1 in IFU 3
13:56:35 [ INFO  ] muse_basicproc_shift_pixtable: [tid=004] Skyline correction (2 lines): shifting data of IFU 5 by 0.1239 Angstrom
13:56:35 [ INFO  ] muse_scibasic_per_exposure: [tid=004] Nominal mode: cropping the pixel table of IFU 5 to 4750.0...9350.0 Angstrom
13:56:35 [ INFO  ] muse_basicproc_shift_pixtable: [tid=016] Skyline correction (2 lines): shifting data of IFU 17 by 0.0782 Angstrom
13:56:35 [ INFO  ] muse_scibasic_per_exposure: [tid=016] Nominal mode: cropping the pixel table of IFU 17 to 4750.0...9350.0 Angstrom
13:56:35 [ INFO  ] muse_basicproc_apply_illum: [tid=013] Applying ILLUM flat-field in IFU 14 (48 slices)
13:56:35 [ INFO  ] muse_scibasic_per_exposure: [tid=013] Starting twilight correction 1 in IFU 14
13:56:35 [ INFO  ] muse_pixtable_create: [tid=023] Creating pixel table for IFU 24, using order 5 for trace solution and orders 2/6 for wavelength solution
13:56:35 [ INFO  ] muse_pixtable_create: [tid=006] Creating pixel table for IFU 7, using order 5 for trace solution and orders 2/6 for wavelength solution
13:56:35 [ INFO  ] muse_basicproc_apply_illum: [tid=001] Applying ILLUM flat-field in IFU 2 (48 slices)
13:56:35 [ INFO  ] muse_scibasic_per_exposure: [tid=001] Starting twilight correction 1 in IFU 2
13:56:35 [ INFO  ] muse_pixtable_create: [tid=007] Creating pixel table for IFU 8, using order 5 for trace solution and orders 2/6 for wavelength solution
13:56:35 [ INFO  ] muse_basicproc_apply_illum: [tid=014] Applying ILLUM flat-field in IFU 15 (48 slices)
13:56:35 [ INFO  ] muse_scibasic_per_exposure: [tid=014] Starting twilight correction 1 in IFU 15
13:56:35 [ INFO  ] muse_basicproc_shift_pixtable: [tid=015] Skyline correction (2 lines): shifting data of IFU 16 by 0.0996 Angstrom
13:56:36 [ INFO  ] muse_scibasic_per_exposure: [tid=015] Nominal mode: cropping the pixel table of IFU 16 to 4750.0...9350.0 Angstrom
13:56:36 [ INFO  ] muse_processing_save_table: [tid=002] Saving pixel table as "PIXTABLE_STD_0001-03.fits"
13:56:36 [ INFO  ] muse_processing_save_table: [tid=013] Saving pixel table as "PIXTABLE_STD_0001-14.fits"
13:56:36 [ INFO  ] muse_pixtable_create: [tid=008] Creating pixel table for IFU 9, using order 5 for trace solution and orders 2/6 for wavelength solution
13:56:36 [ INFO  ] muse_basicproc_apply_illum: [tid=015] Applying ILLUM flat-field in IFU 16 (48 slices)
13:56:36 [ INFO  ] muse_basicproc_apply_illum: [tid=016] Applying ILLUM flat-field in IFU 17 (48 slices)
13:56:36 [ INFO  ] muse_pixtable_create: [tid=020] Creating pixel table for IFU 21, using order 5 for trace solution and orders 2/6 for wavelength solution
13:56:36 [ INFO  ] muse_scibasic_per_exposure: [tid=015] Starting twilight correction 1 in IFU 16
13:56:36 [ INFO  ] muse_scibasic_per_exposure: [tid=016] Starting twilight correction 1 in IFU 17
13:56:36 [ INFO  ] muse_basicproc_shift_pixtable: [tid=003] Skyline correction (2 lines): shifting data of IFU 4 by 0.0823 Angstrom
13:56:36 [ INFO  ] muse_pixtable_create: [tid=009] Creating pixel table for IFU 10, using order 5 for trace solution and orders 2/6 for wavelength solution
13:56:36 [ INFO  ] muse_scibasic_per_exposure: [tid=003] Nominal mode: cropping the pixel table of IFU 4 to 4750.0...9350.0 Angstrom
13:56:36 [ INFO  ] muse_basicproc_shift_pixtable: [tid=019] Skyline correction (2 lines): shifting data of IFU 20 by 0.0423 Angstrom
13:56:36 [ INFO  ] muse_processing_save_table: [tid=001] Saving pixel table as "PIXTABLE_STD_0001-02.fits"
13:56:36 [ INFO  ] muse_scibasic_per_exposure: [tid=019] Nominal mode: cropping the pixel table of IFU 20 to 4750.0...9350.0 Angstrom
13:56:36 [ INFO  ] muse_processing_save_table: [tid=014] Saving pixel table as "PIXTABLE_STD_0001-15.fits"
13:56:36 [ INFO  ] muse_basicproc_apply_illum: [tid=004] Applying ILLUM flat-field in IFU 5 (48 slices)
13:56:36 [ INFO  ] muse_scibasic_per_exposure: [tid=004] Starting twilight correction 1 in IFU 5
13:56:37 [ INFO  ] muse_basicproc_apply_illum: [tid=003] Applying ILLUM flat-field in IFU 4 (48 slices)
13:56:37 [ INFO  ] muse_scibasic_per_exposure: [tid=003] Starting twilight correction 1 in IFU 4
13:56:37 [ INFO  ] muse_pixtable_create: [tid=021] Creating pixel table for IFU 22, using order 5 for trace solution and orders 2/6 for wavelength solution
13:56:37 [ INFO  ] muse_basicproc_shift_pixtable: [tid=005] Skyline correction (2 lines): shifting data of IFU 6 by 0.1129 Angstrom
13:56:37 [ INFO  ] muse_scibasic_per_exposure: [tid=005] Nominal mode: cropping the pixel table of IFU 6 to 4750.0...9350.0 Angstrom
13:56:37 [ INFO  ] muse_basicproc_apply_illum: [tid=019] Applying ILLUM flat-field in IFU 20 (48 slices)
13:56:37 [ INFO  ] muse_processing_save_table: [tid=016] Saving pixel table as "PIXTABLE_STD_0001-17.fits"
13:56:37 [ INFO  ] muse_scibasic_per_exposure: [tid=019] Starting twilight correction 1 in IFU 20
13:56:37 [ INFO  ] muse_processing_save_table: [tid=015] Saving pixel table as "PIXTABLE_STD_0001-16.fits"
13:56:37 [ INFO  ] muse_pixtable_create: [tid=010] Creating pixel table for IFU 11, using order 5 for trace solution and orders 2/6 for wavelength solution
13:56:37 [ INFO  ] muse_pixtable_create: [tid=023] Creating pixel table for IFU 24, using order 5 for trace solution and orders 2/6 for wavelength solution
13:56:37 [ INFO  ] muse_processing_save_table: [tid=004] Saving pixel table as "PIXTABLE_STD_0001-05.fits"
13:56:37 [ INFO  ] muse_basicproc_apply_illum: [tid=005] Applying ILLUM flat-field in IFU 6 (48 slices)
13:56:37 [ INFO  ] muse_scibasic_per_exposure: [tid=005] Starting twilight correction 1 in IFU 6
13:56:38 [ INFO  ] muse_processing_save_table: [tid=003] Saving pixel table as "PIXTABLE_STD_0001-04.fits"
13:56:38 [ INFO  ] muse_basicproc_shift_pixtable: [tid=006] Skyline correction (2 lines): shifting data of IFU 7 by 0.0407 Angstrom
13:56:38 [ INFO  ] muse_scibasic_per_exposure: [tid=006] Nominal mode: cropping the pixel table of IFU 7 to 4750.0...9350.0 Angstrom
13:56:38 [ INFO  ] muse_processing_save_table: [tid=019] Saving pixel table as "PIXTABLE_STD_0001-20.fits"
13:56:38 [ INFO  ] muse_basicproc_shift_pixtable: [tid=007] Skyline correction (2 lines): shifting data of IFU 8 by 0.0050 Angstrom
13:56:38 [ INFO  ] muse_scibasic_per_exposure: [tid=007] Nominal mode: cropping the pixel table of IFU 8 to 4750.0...9350.0 Angstrom
13:56:38 [ INFO  ] muse_basicproc_shift_pixtable: [tid=020] Skyline correction (2 lines): shifting data of IFU 21 by 0.0259 Angstrom
13:56:38 [ INFO  ] muse_scibasic_per_exposure: [tid=020] Nominal mode: cropping the pixel table of IFU 21 to 4750.0...9350.0 Angstrom
13:56:38 [ INFO  ] muse_basicproc_apply_illum: [tid=006] Applying ILLUM flat-field in IFU 7 (48 slices)
13:56:38 [ INFO  ] muse_scibasic_per_exposure: [tid=006] Starting twilight correction 1 in IFU 7
13:56:38 [ INFO  ] muse_processing_save_table: [tid=005] Saving pixel table as "PIXTABLE_STD_0001-06.fits"
13:56:38 [ INFO  ] muse_basicproc_shift_pixtable: [tid=008] Skyline correction (2 lines): shifting data of IFU 9 by 0.0748 Angstrom
13:56:38 [ INFO  ] muse_scibasic_per_exposure: [tid=008] Nominal mode: cropping the pixel table of IFU 9 to 4750.0...9350.0 Angstrom
13:56:39 [ INFO  ] muse_basicproc_apply_illum: [tid=007] Applying ILLUM flat-field in IFU 8 (48 slices)
13:56:39 [ INFO  ] muse_scibasic_per_exposure: [tid=007] Starting twilight correction 1 in IFU 8
13:56:39 [ INFO  ] muse_basicproc_shift_pixtable: [tid=009] Skyline correction (2 lines): shifting data of IFU 10 by 0.0798 Angstrom
13:56:39 [ INFO  ] muse_scibasic_per_exposure: [tid=009] Nominal mode: cropping the pixel table of IFU 10 to 4750.0...9350.0 Angstrom
13:56:39 [ INFO  ] muse_basicproc_apply_illum: [tid=020] Applying ILLUM flat-field in IFU 21 (48 slices)
13:56:39 [ INFO  ] muse_scibasic_per_exposure: [tid=020] Starting twilight correction 1 in IFU 21
13:56:39 [ INFO  ] muse_basicproc_shift_pixtable: [tid=021] Skyline correction (2 lines): shifting data of IFU 22 by 0.1260 Angstrom
13:56:39 [ INFO  ] muse_scibasic_per_exposure: [tid=021] Nominal mode: cropping the pixel table of IFU 22 to 4750.0...9350.0 Angstrom
13:56:39 [ INFO  ] muse_basicproc_apply_illum: [tid=008] Applying ILLUM flat-field in IFU 9 (48 slices)
13:56:39 [ INFO  ] muse_scibasic_per_exposure: [tid=008] Starting twilight correction 1 in IFU 9
13:56:39 [ INFO  ] muse_processing_save_table: [tid=006] Saving pixel table as "PIXTABLE_STD_0001-07.fits"
13:56:39 [ INFO  ] muse_basicproc_shift_pixtable: [tid=023] Skyline correction (2 lines): shifting data of IFU 24 by 0.2006 Angstrom
13:56:39 [ INFO  ] muse_basicproc_apply_illum: [tid=009] Applying ILLUM flat-field in IFU 10 (48 slices)
13:56:39 [ INFO  ] muse_scibasic_per_exposure: [tid=023] Nominal mode: cropping the pixel table of IFU 24 to 4750.0...9350.0 Angstrom
13:56:39 [ INFO  ] muse_basicproc_shift_pixtable: [tid=010] Skyline correction (2 lines): shifting data of IFU 11 by 0.1401 Angstrom
13:56:39 [ INFO  ] muse_scibasic_per_exposure: [tid=009] Starting twilight correction 1 in IFU 10
13:56:39 [ INFO  ] muse_scibasic_per_exposure: [tid=010] Nominal mode: cropping the pixel table of IFU 11 to 4750.0...9350.0 Angstrom
13:56:40 [ INFO  ] muse_processing_save_table: [tid=007] Saving pixel table as "PIXTABLE_STD_0001-08.fits"
13:56:40 [ INFO  ] muse_processing_save_table: [tid=020] Saving pixel table as "PIXTABLE_STD_0001-21.fits"
13:56:40 [ INFO  ] muse_basicproc_apply_illum: [tid=021] Applying ILLUM flat-field in IFU 22 (48 slices)
13:56:40 [ INFO  ] muse_scibasic_per_exposure: [tid=021] Starting twilight correction 1 in IFU 22
13:56:40 [ INFO  ] muse_basicproc_apply_illum: [tid=023] Applying ILLUM flat-field in IFU 24 (48 slices)
13:56:40 [ INFO  ] muse_scibasic_per_exposure: [tid=023] Starting twilight correction 1 in IFU 24
13:56:40 [ INFO  ] muse_processing_save_table: [tid=008] Saving pixel table as "PIXTABLE_STD_0001-09.fits"
13:56:40 [ INFO  ] muse_basicproc_apply_illum: [tid=010] Applying ILLUM flat-field in IFU 11 (48 slices)
13:56:40 [ INFO  ] muse_scibasic_per_exposure: [tid=010] Starting twilight correction 1 in IFU 11
13:56:40 [ INFO  ] muse_processing_save_table: [tid=009] Saving pixel table as "PIXTABLE_STD_0001-10.fits"
13:56:40 [ INFO  ] muse_processing_save_table: [tid=021] Saving pixel table as "PIXTABLE_STD_0001-22.fits"
13:56:41 [ INFO  ] muse_processing_save_table: [tid=023] Saving pixel table as "PIXTABLE_STD_0001-24.fits"
13:56:41 [ INFO  ] muse_image_load_from_raw: [tid=000] loaded "/home/mmarcano/Documents/ReduceMUSE2017/Observation2/data/data_with_raw_calibs/MUSE.2017-06-03T05:44:34.176.fits[CHAN01]" (extension 18)
13:56:41 [ INFO  ] muse_processing_save_table: [tid=010] Saving pixel table as "PIXTABLE_STD_0001-11.fits"
13:56:44 [ INFO  ] muse_image_load_from_raw: [tid=000] loaded "/home/mmarcano/Documents/ReduceMUSE2017/Observation2/data/data_with_raw_calibs/MUSE.2017-06-01T21:41:33.125.fits[CHAN01]" (extension 18)
13:56:46 [ INFO  ] muse_basicproc_apply_bias: [tid=000] Bias correction in IFU 1 using "/home/mmarcano/Documents/ReduceMUSE2017/Observation2/data/MASTER_BIAS.fits[CHAN01.DATA]"
13:56:47 [ INFO  ] muse_basicproc_adu_to_count: [tid=000] Converting 2 exposures from adu to count (= electron) units in IFU 1
13:56:49 [ INFO  ] muse_basicproc_apply_dark: [tid=000] Dark correction in IFU 1 using "/home/mmarcano/Documents/ReduceMUSE2017/Observation2/data/MASTER_DARK.fits[CHAN01.DATA]"
13:56:51 [ INFO  ] muse_basicproc_apply_flat: [tid=000] Flat-field correction in IFU 1 using "/home/mmarcano/Documents/ReduceMUSE2017/Observation2/data/MASTER_FLAT.fits[CHAN01.DATA]"
13:56:54 [ INFO  ] muse_table_load: [tid=000] Loaded table from file "/home/mmarcano/Documents/ReduceMUSE2017/Observation2/data/TRACE_TABLE.fits[CHAN01]" (ext 1).
13:56:56 [ INFO  ] muse_table_load: [tid=000] Loaded table from file "/home/mmarcano/Documents/ReduceMUSE2017/Observation2/data/WAVECAL_TABLE.fits[CHAN01]" (ext 1).
13:56:58 [ INFO  ] muse_table_load: [tid=000] Loaded table from file "/home/mmarcano/Documents/ReduceMUSE2017/Observation2/data/data_with_raw_calibs/M.MUSE.2017-05-02T10:33:34.610.fits" (ext 1).
13:56:59 [ INFO  ] muse_pixtable_create: [tid=000] Creating pixel table for IFU 1, using order 5 for trace solution and orders 2/6 for wavelength solution
13:57:03 [ INFO  ] muse_basicproc_prepare_illum: [tid=000] Preparing ILLUM flat: 48 slices in the data of IFU 1 found.
13:57:03 [ INFO  ] muse_image_load_from_raw: [tid=012] loaded "/home/mmarcano/Documents/ReduceMUSE2017/Observation2/data/data_with_raw_calibs/MUSE.2017-06-03T05:44:34.176.fits[CHAN13]" (extension 15)
13:57:04 [ INFO  ] muse_processing_save_image: [tid=000] Saving image as STD_RED_0001-01.fits
13:57:04 [ INFO  ] muse_pixtable_create: [tid=000] Creating pixel table for IFU 1, using order 5 for trace solution and orders 2/6 for wavelength solution
13:57:05 [ INFO  ] muse_image_load_from_raw: [tid=012] loaded "/home/mmarcano/Documents/ReduceMUSE2017/Observation2/data/data_with_raw_calibs/MUSE.2017-06-01T21:41:33.125.fits[CHAN13]" (extension 15)
13:57:07 [ INFO  ] muse_pixtable_create: [tid=000] Creating pixel table for IFU 1, using order 5 for trace solution and orders 2/6 for wavelength solution
13:57:10 [ INFO  ] muse_basicproc_apply_bias: [tid=012] Bias correction in IFU 13 using "/home/mmarcano/Documents/ReduceMUSE2017/Observation2/data/MASTER_BIAS.fits[CHAN13.DATA]"
13:57:10 [ INFO  ] muse_basicproc_shift_pixtable: [tid=000] Skyline correction (2 lines): shifting data of IFU 1 by 0.0845 Angstrom
13:57:10 [ INFO  ] muse_scibasic_per_exposure: [tid=000] Nominal mode: cropping the pixel table of IFU 1 to 4750.0...9350.0 Angstrom
13:57:11 [ INFO  ] muse_basicproc_adu_to_count: [tid=012] Converting 2 exposures from adu to count (= electron) units in IFU 13
13:57:12 [ INFO  ] muse_basicproc_apply_illum: [tid=000] Applying ILLUM flat-field in IFU 1 (48 slices)
13:57:12 [ INFO  ] muse_scibasic_per_exposure: [tid=000] Starting twilight correction 1 in IFU 1
13:57:13 [ INFO  ] muse_processing_save_table: [tid=000] Saving pixel table as "PIXTABLE_STD_0001-01.fits"
13:57:14 [ INFO  ] muse_basicproc_apply_dark: [tid=012] Dark correction in IFU 13 using "/home/mmarcano/Documents/ReduceMUSE2017/Observation2/data/MASTER_DARK.fits[CHAN13.DATA]"
13:57:15 [ INFO  ] muse_image_load_from_raw: [tid=018] loaded "/home/mmarcano/Documents/ReduceMUSE2017/Observation2/data/data_with_raw_calibs/MUSE.2017-06-03T05:44:34.176.fits[CHAN19]" (extension 14)
13:57:15 [ INFO  ] muse_basicproc_apply_flat: [tid=012] Flat-field correction in IFU 13 using "/home/mmarcano/Documents/ReduceMUSE2017/Observation2/data/MASTER_FLAT.fits[CHAN13.DATA]"
13:57:15 [ INFO  ] muse_image_load_from_raw: [tid=011] loaded "/home/mmarcano/Documents/ReduceMUSE2017/Observation2/data/data_with_raw_calibs/MUSE.2017-06-03T05:44:34.176.fits[CHAN12]" (extension 22)
13:57:15 [ INFO  ] muse_image_load_from_raw: [tid=022] loaded "/home/mmarcano/Documents/ReduceMUSE2017/Observation2/data/data_with_raw_calibs/MUSE.2017-06-03T05:44:34.176.fits[CHAN23]" (extension 1)
13:57:15 [ INFO  ] muse_image_load_from_raw: [tid=017] loaded "/home/mmarcano/Documents/ReduceMUSE2017/Observation2/data/data_with_raw_calibs/MUSE.2017-06-03T05:44:34.176.fits[CHAN18]" (extension 20)
13:57:16 [ INFO  ] muse_image_load_from_raw: [tid=022] loaded "/home/mmarcano/Documents/ReduceMUSE2017/Observation2/data/data_with_raw_calibs/MUSE.2017-06-01T21:41:33.125.fits[CHAN23]" (extension 1)
13:57:16 [ INFO  ] muse_image_load_from_raw: [tid=018] loaded "/home/mmarcano/Documents/ReduceMUSE2017/Observation2/data/data_with_raw_calibs/MUSE.2017-06-01T21:41:33.125.fits[CHAN19]" (extension 14)
13:57:16 [ INFO  ] muse_image_load_from_raw: [tid=017] loaded "/home/mmarcano/Documents/ReduceMUSE2017/Observation2/data/data_with_raw_calibs/MUSE.2017-06-01T21:41:33.125.fits[CHAN18]" (extension 20)
13:57:16 [ INFO  ] muse_image_load_from_raw: [tid=011] loaded "/home/mmarcano/Documents/ReduceMUSE2017/Observation2/data/data_with_raw_calibs/MUSE.2017-06-01T21:41:33.125.fits[CHAN12]" (extension 22)
13:57:17 [ INFO  ] muse_table_load: [tid=012] Loaded table from file "/home/mmarcano/Documents/ReduceMUSE2017/Observation2/data/TRACE_TABLE.fits[CHAN13]" (ext 13).
13:57:20 [ INFO  ] muse_table_load: [tid=012] Loaded table from file "/home/mmarcano/Documents/ReduceMUSE2017/Observation2/data/WAVECAL_TABLE.fits[CHAN13]" (ext 13).
13:57:21 [ INFO  ] muse_table_load: [tid=012] Loaded table from file "/home/mmarcano/Documents/ReduceMUSE2017/Observation2/data/data_with_raw_calibs/M.MUSE.2017-05-02T10:33:34.610.fits" (ext 1).
13:57:22 [ INFO  ] muse_basicproc_apply_bias: [tid=018] Bias correction in IFU 19 using "/home/mmarcano/Documents/ReduceMUSE2017/Observation2/data/MASTER_BIAS.fits[CHAN19.DATA]"
13:57:22 [ INFO  ] muse_pixtable_create: [tid=012] Creating pixel table for IFU 13, using order 5 for trace solution and orders 2/6 for wavelength solution
13:57:22 [ INFO  ] muse_basicproc_apply_bias: [tid=017] Bias correction in IFU 18 using "/home/mmarcano/Documents/ReduceMUSE2017/Observation2/data/MASTER_BIAS.fits[CHAN18.DATA]"
13:57:22 [ INFO  ] muse_basicproc_apply_bias: [tid=011] Bias correction in IFU 12 using "/home/mmarcano/Documents/ReduceMUSE2017/Observation2/data/MASTER_BIAS.fits[CHAN12.DATA]"
13:57:22 [ INFO  ] muse_basicproc_apply_bias: [tid=022] Bias correction in IFU 23 using "/home/mmarcano/Documents/ReduceMUSE2017/Observation2/data/MASTER_BIAS.fits[CHAN23.DATA]"
13:57:23 [ INFO  ] muse_basicproc_adu_to_count: [tid=018] Converting 2 exposures from adu to count (= electron) units in IFU 19
13:57:23 [ INFO  ] muse_basicproc_adu_to_count: [tid=011] Converting 2 exposures from adu to count (= electron) units in IFU 12
13:57:23 [ INFO  ] muse_basicproc_adu_to_count: [tid=022] Converting 2 exposures from adu to count (= electron) units in IFU 23
13:57:23 [ INFO  ] muse_basicproc_adu_to_count: [tid=017] Converting 2 exposures from adu to count (= electron) units in IFU 18
13:57:25 [ INFO  ] muse_basicproc_prepare_illum: [tid=012] Preparing ILLUM flat: 48 slices in the data of IFU 13 found.
13:57:25 [ INFO  ] muse_processing_save_image: [tid=012] Saving image as STD_RED_0001-13.fits
13:57:26 [ INFO  ] muse_pixtable_create: [tid=012] Creating pixel table for IFU 13, using order 5 for trace solution and orders 2/6 for wavelength solution
13:57:26 [ INFO  ] muse_basicproc_apply_dark: [tid=011] Dark correction in IFU 12 using "/home/mmarcano/Documents/ReduceMUSE2017/Observation2/data/MASTER_DARK.fits[CHAN12.DATA]"
13:57:26 [ INFO  ] muse_basicproc_apply_dark: [tid=018] Dark correction in IFU 19 using "/home/mmarcano/Documents/ReduceMUSE2017/Observation2/data/MASTER_DARK.fits[CHAN19.DATA]"
13:57:27 [ INFO  ] muse_basicproc_apply_dark: [tid=017] Dark correction in IFU 18 using "/home/mmarcano/Documents/ReduceMUSE2017/Observation2/data/MASTER_DARK.fits[CHAN18.DATA]"
13:57:27 [ INFO  ] muse_basicproc_apply_dark: [tid=022] Dark correction in IFU 23 using "/home/mmarcano/Documents/ReduceMUSE2017/Observation2/data/MASTER_DARK.fits[CHAN23.DATA]"
13:57:27 [ INFO  ] muse_basicproc_apply_flat: [tid=011] Flat-field correction in IFU 12 using "/home/mmarcano/Documents/ReduceMUSE2017/Observation2/data/MASTER_FLAT.fits[CHAN12.DATA]"
13:57:28 [ INFO  ] muse_pixtable_create: [tid=012] Creating pixel table for IFU 13, using order 5 for trace solution and orders 2/6 for wavelength solution
13:57:28 [ INFO  ] muse_basicproc_apply_flat: [tid=018] Flat-field correction in IFU 19 using "/home/mmarcano/Documents/ReduceMUSE2017/Observation2/data/MASTER_FLAT.fits[CHAN19.DATA]"
13:57:29 [ INFO  ] muse_basicproc_apply_flat: [tid=017] Flat-field correction in IFU 18 using "/home/mmarcano/Documents/ReduceMUSE2017/Observation2/data/MASTER_FLAT.fits[CHAN18.DATA]"
13:57:29 [ INFO  ] muse_basicproc_apply_flat: [tid=022] Flat-field correction in IFU 23 using "/home/mmarcano/Documents/ReduceMUSE2017/Observation2/data/MASTER_FLAT.fits[CHAN23.DATA]"
13:57:29 [ INFO  ] muse_table_load: [tid=011] Loaded table from file "/home/mmarcano/Documents/ReduceMUSE2017/Observation2/data/TRACE_TABLE.fits[CHAN12]" (ext 12).
13:57:29 [ INFO  ] muse_table_load: [tid=011] Loaded table from file "/home/mmarcano/Documents/ReduceMUSE2017/Observation2/data/WAVECAL_TABLE.fits[CHAN12]" (ext 12).
13:57:29 [ INFO  ] muse_table_load: [tid=011] Loaded table from file "/home/mmarcano/Documents/ReduceMUSE2017/Observation2/data/data_with_raw_calibs/M.MUSE.2017-05-02T10:33:34.610.fits" (ext 1).
13:57:30 [ INFO  ] muse_pixtable_create: [tid=011] Creating pixel table for IFU 12, using order 5 for trace solution and orders 2/6 for wavelength solution
13:57:30 [ INFO  ] muse_table_load: [tid=018] Loaded table from file "/home/mmarcano/Documents/ReduceMUSE2017/Observation2/data/TRACE_TABLE.fits[CHAN19]" (ext 19).
13:57:30 [ INFO  ] muse_basicproc_shift_pixtable: [tid=012] Skyline correction (2 lines): shifting data of IFU 13 by -0.0262 Angstrom
13:57:30 [ INFO  ] muse_scibasic_per_exposure: [tid=012] Nominal mode: cropping the pixel table of IFU 13 to 4750.0...9350.0 Angstrom
13:57:30 [ INFO  ] muse_table_load: [tid=017] Loaded table from file "/home/mmarcano/Documents/ReduceMUSE2017/Observation2/data/TRACE_TABLE.fits[CHAN18]" (ext 18).
13:57:31 [ INFO  ] muse_table_load: [tid=022] Loaded table from file "/home/mmarcano/Documents/ReduceMUSE2017/Observation2/data/TRACE_TABLE.fits[CHAN23]" (ext 23).
13:57:31 [ INFO  ] muse_basicproc_apply_illum: [tid=012] Applying ILLUM flat-field in IFU 13 (48 slices)
13:57:31 [ INFO  ] muse_scibasic_per_exposure: [tid=012] Starting twilight correction 1 in IFU 13
13:57:32 [ INFO  ] muse_processing_save_table: [tid=012] Saving pixel table as "PIXTABLE_STD_0001-13.fits"
13:57:33 [ INFO  ] muse_basicproc_prepare_illum: [tid=011] Preparing ILLUM flat: 48 slices in the data of IFU 12 found.
13:57:33 [ INFO  ] muse_processing_save_image: [tid=011] Saving image as STD_RED_0001-12.fits
13:57:34 [ INFO  ] muse_pixtable_create: [tid=011] Creating pixel table for IFU 12, using order 5 for trace solution and orders 2/6 for wavelength solution
13:57:34 [ INFO  ] muse_table_load: [tid=018] Loaded table from file "/home/mmarcano/Documents/ReduceMUSE2017/Observation2/data/WAVECAL_TABLE.fits[CHAN19]" (ext 19).
13:57:34 [ INFO  ] muse_table_load: [tid=018] Loaded table from file "/home/mmarcano/Documents/ReduceMUSE2017/Observation2/data/data_with_raw_calibs/M.MUSE.2017-05-02T10:33:34.610.fits" (ext 1).
13:57:34 [ INFO  ] muse_table_load: [tid=017] Loaded table from file "/home/mmarcano/Documents/ReduceMUSE2017/Observation2/data/WAVECAL_TABLE.fits[CHAN18]" (ext 18).
13:57:34 [ INFO  ] muse_pixtable_create: [tid=018] Creating pixel table for IFU 19, using order 5 for trace solution and orders 2/6 for wavelength solution
13:57:34 [ INFO  ] muse_table_load: [tid=017] Loaded table from file "/home/mmarcano/Documents/ReduceMUSE2017/Observation2/data/data_with_raw_calibs/M.MUSE.2017-05-02T10:33:34.610.fits" (ext 1).
13:57:34 [ INFO  ] muse_table_load: [tid=022] Loaded table from file "/home/mmarcano/Documents/ReduceMUSE2017/Observation2/data/WAVECAL_TABLE.fits[CHAN23]" (ext 23).
13:57:34 [ INFO  ] muse_pixtable_create: [tid=017] Creating pixel table for IFU 18, using order 5 for trace solution and orders 2/6 for wavelength solution
13:57:34 [ INFO  ] muse_table_load: [tid=022] Loaded table from file "/home/mmarcano/Documents/ReduceMUSE2017/Observation2/data/data_with_raw_calibs/M.MUSE.2017-05-02T10:33:34.610.fits" (ext 1).
13:57:35 [ INFO  ] muse_pixtable_create: [tid=022] Creating pixel table for IFU 23, using order 5 for trace solution and orders 2/6 for wavelength solution
13:57:36 [ INFO  ] muse_pixtable_create: [tid=011] Creating pixel table for IFU 12, using order 5 for trace solution and orders 2/6 for wavelength solution
13:57:37 [ INFO  ] muse_basicproc_prepare_illum: [tid=018] Preparing ILLUM flat: 48 slices in the data of IFU 19 found.
13:57:37 [ INFO  ] muse_processing_save_image: [tid=018] Saving image as STD_RED_0001-19.fits
13:57:37 [ INFO  ] muse_basicproc_prepare_illum: [tid=017] Preparing ILLUM flat: 48 slices in the data of IFU 18 found.
13:57:37 [ INFO  ] muse_processing_save_image: [tid=017] Saving image as STD_RED_0001-18.fits
13:57:38 [ INFO  ] muse_pixtable_create: [tid=018] Creating pixel table for IFU 19, using order 5 for trace solution and orders 2/6 for wavelength solution
13:57:38 [ INFO  ] muse_basicproc_prepare_illum: [tid=022] Preparing ILLUM flat: 48 slices in the data of IFU 23 found.
13:57:38 [ INFO  ] muse_processing_save_image: [tid=022] Saving image as STD_RED_0001-23.fits
13:57:38 [ INFO  ] muse_pixtable_create: [tid=017] Creating pixel table for IFU 18, using order 5 for trace solution and orders 2/6 for wavelength solution
13:57:38 [ INFO  ] muse_pixtable_create: [tid=022] Creating pixel table for IFU 23, using order 5 for trace solution and orders 2/6 for wavelength solution
13:57:38 [ INFO  ] muse_basicproc_shift_pixtable: [tid=011] Skyline correction (2 lines): shifting data of IFU 12 by 0.1117 Angstrom
13:57:38 [ INFO  ] muse_scibasic_per_exposure: [tid=011] Nominal mode: cropping the pixel table of IFU 12 to 4750.0...9350.0 Angstrom
13:57:39 [ INFO  ] muse_basicproc_apply_illum: [tid=011] Applying ILLUM flat-field in IFU 12 (48 slices)
13:57:39 [ INFO  ] muse_scibasic_per_exposure: [tid=011] Starting twilight correction 1 in IFU 12
13:57:39 [ INFO  ] muse_processing_save_table: [tid=011] Saving pixel table as "PIXTABLE_STD_0001-12.fits"
13:57:40 [ INFO  ] muse_pixtable_create: [tid=018] Creating pixel table for IFU 19, using order 5 for trace solution and orders 2/6 for wavelength solution
13:57:40 [ INFO  ] muse_pixtable_create: [tid=017] Creating pixel table for IFU 18, using order 5 for trace solution and orders 2/6 for wavelength solution
13:57:40 [ INFO  ] muse_pixtable_create: [tid=022] Creating pixel table for IFU 23, using order 5 for trace solution and orders 2/6 for wavelength solution
13:57:42 [ INFO  ] muse_basicproc_shift_pixtable: [tid=018] Skyline correction (2 lines): shifting data of IFU 19 by 0.0243 Angstrom
13:57:42 [ INFO  ] muse_scibasic_per_exposure: [tid=018] Nominal mode: cropping the pixel table of IFU 19 to 4750.0...9350.0 Angstrom
13:57:42 [ INFO  ] muse_basicproc_shift_pixtable: [tid=017] Skyline correction (2 lines): shifting data of IFU 18 by 0.1749 Angstrom
13:57:42 [ INFO  ] muse_scibasic_per_exposure: [tid=017] Nominal mode: cropping the pixel table of IFU 18 to 4750.0...9350.0 Angstrom
13:57:43 [ INFO  ] muse_basicproc_apply_illum: [tid=018] Applying ILLUM flat-field in IFU 19 (48 slices)
13:57:43 [ INFO  ] muse_scibasic_per_exposure: [tid=018] Starting twilight correction 1 in IFU 19
13:57:43 [ INFO  ] muse_basicproc_shift_pixtable: [tid=022] Skyline correction (2 lines): shifting data of IFU 23 by 0.1542 Angstrom
13:57:43 [ INFO  ] muse_scibasic_per_exposure: [tid=022] Nominal mode: cropping the pixel table of IFU 23 to 4750.0...9350.0 Angstrom
13:57:43 [ INFO  ] muse_basicproc_apply_illum: [tid=017] Applying ILLUM flat-field in IFU 18 (48 slices)
13:57:43 [ INFO  ] muse_scibasic_per_exposure: [tid=017] Starting twilight correction 1 in IFU 18
13:57:43 [ INFO  ] muse_basicproc_apply_illum: [tid=022] Applying ILLUM flat-field in IFU 23 (48 slices)
13:57:43 [ INFO  ] muse_scibasic_per_exposure: [tid=022] Starting twilight correction 1 in IFU 23
13:57:43 [ INFO  ] muse_processing_save_table: [tid=018] Saving pixel table as "PIXTABLE_STD_0001-19.fits"
13:57:44 [ INFO  ] muse_processing_save_table: [tid=017] Saving pixel table as "PIXTABLE_STD_0001-18.fits"
13:57:44 [ INFO  ] muse_processing_save_table: [tid=022] Saving pixel table as "PIXTABLE_STD_0001-23.fits"
13:57:54 [ INFO  ] : [tid=000] Calculating product checksums
13:58:22 [ INFO  ] : [tid=000] Created product /home/mmarcano/Documents/ReduceMUSE2017/Observation2/data/PIXTABLE_STD_0001-03.fits
13:58:22 [ INFO  ] : [tid=000] Created product /home/mmarcano/Documents/ReduceMUSE2017/Observation2/data/PIXTABLE_STD_0001-14.fits
13:58:22 [ INFO  ] : [tid=000] Created product /home/mmarcano/Documents/ReduceMUSE2017/Observation2/data/PIXTABLE_STD_0001-15.fits
13:58:22 [ INFO  ] : [tid=000] Created product /home/mmarcano/Documents/ReduceMUSE2017/Observation2/data/PIXTABLE_STD_0001-02.fits
13:58:22 [ INFO  ] : [tid=000] Created product /home/mmarcano/Documents/ReduceMUSE2017/Observation2/data/PIXTABLE_STD_0001-17.fits
13:58:22 [ INFO  ] : [tid=000] Created product /home/mmarcano/Documents/ReduceMUSE2017/Observation2/data/PIXTABLE_STD_0001-16.fits
13:58:22 [ INFO  ] : [tid=000] Created product /home/mmarcano/Documents/ReduceMUSE2017/Observation2/data/PIXTABLE_STD_0001-05.fits
13:58:22 [ INFO  ] : [tid=000] Created product /home/mmarcano/Documents/ReduceMUSE2017/Observation2/data/PIXTABLE_STD_0001-04.fits
13:58:22 [ INFO  ] : [tid=000] Created product /home/mmarcano/Documents/ReduceMUSE2017/Observation2/data/PIXTABLE_STD_0001-20.fits
13:58:22 [ INFO  ] : [tid=000] Created product /home/mmarcano/Documents/ReduceMUSE2017/Observation2/data/PIXTABLE_STD_0001-06.fits
13:58:22 [ INFO  ] : [tid=000] Created product /home/mmarcano/Documents/ReduceMUSE2017/Observation2/data/PIXTABLE_STD_0001-07.fits
13:58:22 [ INFO  ] : [tid=000] Created product /home/mmarcano/Documents/ReduceMUSE2017/Observation2/data/PIXTABLE_STD_0001-21.fits
13:58:22 [ INFO  ] : [tid=000] Created product /home/mmarcano/Documents/ReduceMUSE2017/Observation2/data/PIXTABLE_STD_0001-08.fits
13:58:22 [ INFO  ] : [tid=000] Created product /home/mmarcano/Documents/ReduceMUSE2017/Observation2/data/PIXTABLE_STD_0001-09.fits
13:58:22 [ INFO  ] : [tid=000] Created product /home/mmarcano/Documents/ReduceMUSE2017/Observation2/data/PIXTABLE_STD_0001-22.fits
13:58:22 [ INFO  ] : [tid=000] Created product /home/mmarcano/Documents/ReduceMUSE2017/Observation2/data/PIXTABLE_STD_0001-10.fits
13:58:22 [ INFO  ] : [tid=000] Created product /home/mmarcano/Documents/ReduceMUSE2017/Observation2/data/PIXTABLE_STD_0001-24.fits
13:58:22 [ INFO  ] : [tid=000] Created product /home/mmarcano/Documents/ReduceMUSE2017/Observation2/data/PIXTABLE_STD_0001-11.fits
13:58:22 [ INFO  ] : [tid=000] Created product /home/mmarcano/Documents/ReduceMUSE2017/Observation2/data/PIXTABLE_STD_0001-01.fits
13:58:22 [ INFO  ] : [tid=000] Created product /home/mmarcano/Documents/ReduceMUSE2017/Observation2/data/PIXTABLE_STD_0001-13.fits
13:58:22 [ INFO  ] : [tid=000] Created product /home/mmarcano/Documents/ReduceMUSE2017/Observation2/data/PIXTABLE_STD_0001-12.fits
13:58:22 [ INFO  ] : [tid=000] Created product /home/mmarcano/Documents/ReduceMUSE2017/Observation2/data/PIXTABLE_STD_0001-19.fits
13:58:22 [ INFO  ] : [tid=000] Created product /home/mmarcano/Documents/ReduceMUSE2017/Observation2/data/PIXTABLE_STD_0001-18.fits
13:58:22 [ INFO  ] : [tid=000] Created product /home/mmarcano/Documents/ReduceMUSE2017/Observation2/data/PIXTABLE_STD_0001-23.fits
13:58:22 [ INFO  ] : [tid=000] Created product /home/mmarcano/Documents/ReduceMUSE2017/Observation2/data/STD_RED_0001.fits
13:58:22 [ INFO  ] : [tid=000] 25 products created
13:58:22 [ INFO  ] : [tid=000] Recipe operation(s) took            129 seconds to complete.
13:58:22 [ INFO  ] : [tid=000] Total size of 2 raw input frames  =  1745.21 MB

13:58:22 [ INFO  ] : [tid=000] => processing rate of    13.48 MB/sec 

