
Start time     : 2019-02-27T14:41:52
Program name   : esorex
Severity level : [ INFO  ] 

14:41:52 [ INFO  ] : [tid=000] This is EsoRex, version 3.13.1
14:41:52 [ INFO  ] : [tid=000] using the libraries: CPL = 7.1, CFITSIO = 3.36, WCSLIB = 4.24, FFTW (normal precision) = 3.3.4-sse2, FFTW (single precision) = 3.3.4-sse2, CPL FLOP counting is unavailable, enable with -DCPL_ADD_FLOPS, OPENMP = 200805
14:41:52 [ INFO  ] : [tid=000] Invocation command line was: esorex --recipe-config=/home/mmarcano/Documents/ReduceMUSE2017/Observation2/config/muse_scipost.rc --log-file=scipostobject.log muse_scipost scipostobject.sof
14:41:52 [ INFO  ] muse_processing_recipeinfo: [tid=000] MUSE Instrument Pipeline v2.6
14:41:52 [ INFO  ] muse_table_load: [tid=000] Loaded table from file "/home/mmarcano/Documents/ReduceMUSE2017/Observation2/data/STD_RESPONSE_0001.fits" (ext 1).
14:41:52 [ INFO  ] muse_table_load: [tid=000] Loaded table from file "/home/mmarcano/Documents/ReduceMUSE2017/Observation2/data/STD_TELLURIC_0001.fits" (ext 1).
14:41:52 [ INFO  ] muse_table_load: [tid=000] Loaded table from file "/home/mmarcano/Documents/ReduceMUSE2017/Observation2/data/data_with_raw_calibs/M.MUSE.2014-06-13T10:15:21.400.fits" (ext 1).
14:41:52 [ INFO  ] muse_processing_load_header: [tid=000] loaded ASTROMETRY_WCS from file "/home/mmarcano/Documents/ReduceMUSE2017/Observation2/data/data_with_raw_calibs/M.MUSE.2017-05-02T10:34:11.986.fits"
14:41:53 [ INFO  ] muse_postproc_process_exposure: [tid=000] Starting to process exposure 1 (DATE-OBS=2017-06-03T07:17:38.000)
14:41:53 [ INFO  ] muse_pixtable_load_window: [tid=000] Loading pixel table "/home/mmarcano/Documents/ReduceMUSE2017/Observation2/data/Object4/PIXTABLE_OBJECT_0001-01.fits" (image format)
14:41:53 [ INFO  ] muse_pixtable_load_window: [tid=000] Loading pixel table "/home/mmarcano/Documents/ReduceMUSE2017/Observation2/data/Object4/PIXTABLE_OBJECT_0001-02.fits" (image format)
14:41:53 [ INFO  ] muse_pixtable_load_window: [tid=000] Loading pixel table "/home/mmarcano/Documents/ReduceMUSE2017/Observation2/data/Object4/PIXTABLE_OBJECT_0001-03.fits" (image format)
14:41:54 [ INFO  ] muse_pixtable_load_window: [tid=000] Loading pixel table "/home/mmarcano/Documents/ReduceMUSE2017/Observation2/data/Object4/PIXTABLE_OBJECT_0001-04.fits" (image format)
14:41:55 [ INFO  ] muse_pixtable_load_window: [tid=000] Loading pixel table "/home/mmarcano/Documents/ReduceMUSE2017/Observation2/data/Object4/PIXTABLE_OBJECT_0001-05.fits" (image format)
14:41:55 [ INFO  ] muse_pixtable_load_window: [tid=000] Loading pixel table "/home/mmarcano/Documents/ReduceMUSE2017/Observation2/data/Object4/PIXTABLE_OBJECT_0001-06.fits" (image format)
14:41:56 [ INFO  ] muse_pixtable_load_window: [tid=000] Loading pixel table "/home/mmarcano/Documents/ReduceMUSE2017/Observation2/data/Object4/PIXTABLE_OBJECT_0001-07.fits" (image format)
14:41:56 [ INFO  ] muse_pixtable_load_window: [tid=000] Loading pixel table "/home/mmarcano/Documents/ReduceMUSE2017/Observation2/data/Object4/PIXTABLE_OBJECT_0001-08.fits" (image format)
14:41:57 [ INFO  ] muse_pixtable_load_window: [tid=000] Loading pixel table "/home/mmarcano/Documents/ReduceMUSE2017/Observation2/data/Object4/PIXTABLE_OBJECT_0001-09.fits" (image format)
14:41:58 [ INFO  ] muse_pixtable_load_window: [tid=000] Loading pixel table "/home/mmarcano/Documents/ReduceMUSE2017/Observation2/data/Object4/PIXTABLE_OBJECT_0001-10.fits" (image format)
14:41:58 [ INFO  ] muse_pixtable_load_window: [tid=000] Loading pixel table "/home/mmarcano/Documents/ReduceMUSE2017/Observation2/data/Object4/PIXTABLE_OBJECT_0001-11.fits" (image format)
14:41:59 [ INFO  ] muse_pixtable_load_window: [tid=000] Loading pixel table "/home/mmarcano/Documents/ReduceMUSE2017/Observation2/data/Object4/PIXTABLE_OBJECT_0001-12.fits" (image format)
14:41:59 [ INFO  ] muse_pixtable_load_window: [tid=000] Loading pixel table "/home/mmarcano/Documents/ReduceMUSE2017/Observation2/data/Object4/PIXTABLE_OBJECT_0001-13.fits" (image format)
14:42:00 [ INFO  ] muse_pixtable_load_window: [tid=000] Loading pixel table "/home/mmarcano/Documents/ReduceMUSE2017/Observation2/data/Object4/PIXTABLE_OBJECT_0001-14.fits" (image format)
14:42:01 [ INFO  ] muse_pixtable_load_window: [tid=000] Loading pixel table "/home/mmarcano/Documents/ReduceMUSE2017/Observation2/data/Object4/PIXTABLE_OBJECT_0001-15.fits" (image format)
14:42:01 [ INFO  ] muse_pixtable_load_window: [tid=000] Loading pixel table "/home/mmarcano/Documents/ReduceMUSE2017/Observation2/data/Object4/PIXTABLE_OBJECT_0001-16.fits" (image format)
14:42:02 [ INFO  ] muse_pixtable_load_window: [tid=000] Loading pixel table "/home/mmarcano/Documents/ReduceMUSE2017/Observation2/data/Object4/PIXTABLE_OBJECT_0001-17.fits" (image format)
14:42:19 [ INFO  ] muse_pixtable_load_window: [tid=000] Loading pixel table "/home/mmarcano/Documents/ReduceMUSE2017/Observation2/data/Object4/PIXTABLE_OBJECT_0001-18.fits" (image format)
14:42:43 [ INFO  ] muse_pixtable_load_window: [tid=000] Loading pixel table "/home/mmarcano/Documents/ReduceMUSE2017/Observation2/data/Object4/PIXTABLE_OBJECT_0001-19.fits" (image format)
14:42:57 [ INFO  ] muse_pixtable_load_window: [tid=000] Loading pixel table "/home/mmarcano/Documents/ReduceMUSE2017/Observation2/data/Object4/PIXTABLE_OBJECT_0001-20.fits" (image format)
14:43:04 [ INFO  ] muse_pixtable_load_window: [tid=000] Loading pixel table "/home/mmarcano/Documents/ReduceMUSE2017/Observation2/data/Object4/PIXTABLE_OBJECT_0001-21.fits" (image format)
14:43:10 [ INFO  ] muse_pixtable_load_window: [tid=000] Loading pixel table "/home/mmarcano/Documents/ReduceMUSE2017/Observation2/data/Object4/PIXTABLE_OBJECT_0001-22.fits" (image format)
14:43:14 [ INFO  ] muse_pixtable_load_window: [tid=000] Loading pixel table "/home/mmarcano/Documents/ReduceMUSE2017/Observation2/data/Object4/PIXTABLE_OBJECT_0001-23.fits" (image format)
14:43:20 [ INFO  ] muse_pixtable_load_window: [tid=000] Loading pixel table "/home/mmarcano/Documents/ReduceMUSE2017/Observation2/data/Object4/PIXTABLE_OBJECT_0001-24.fits" (image format)
14:43:26 [ INFO  ] muse_utils_spectrum_smooth: [tid=000] Smoothing flat-field spectrum with piecewise polynomial, plus running average
14:43:43 [ INFO  ] muse_dar_correct: [tid=000] DAR for T=11.56 degC, fp=1.022 mmHg, P=557.1 mmHg, at airmass=1.2208, using ref. wavelength 0.700000 um (Filippenko)
14:43:45 [ INFO  ] muse_flux_calibrate: [tid=000] Starting flux calibration (exptime=245.00s, airmass=1.2208), with telluric correction
14:43:54 [ INFO  ] muse_rvcorrect: [tid=000] Correcting data for barycentric radial velocity of 6.27 km/s
14:43:57 [ INFO  ] muse_processing_save_table: [tid=000] Saving pixel table as "PIXTABLE_REDUCED_0001.fits"
14:45:33 [ INFO  ] muse_wcs_position_celestial: [tid=000] Adapting WCS to RA/DEC=265.176694/-53.670370 deg
14:45:39 [ INFO  ] muse_processing_save_table: [tid=000] Saving pixel table as "PIXTABLE_POSITIONED_0001.fits"
14:45:51 [ INFO  ] muse_wcs_position_celestial: [tid=000] Adapting WCS to RA/DEC=265.176694/-53.670370 deg
14:45:55 [ INFO  ] muse_postproc_cube_resample_and_collapse: [tid=000] Resampling to final cube follows, output format "FITS cube"
14:45:55 [ INFO  ] muse_resampling_cube: [tid=000]   Output cube size 307 x 316 x 3682 (fit to data)
14:46:27 [ INFO  ] muse_resampling_cube: [tid=000]   Using median statistics (15.000 sigma level) for cosmic-ray rejection
14:47:21 [ INFO  ] muse_resampling_cube: [tid=000]   Starting resampling, using method "drizzle" (pixfrac f=0.800,0.800,0.800, loop distance ld=1)
14:47:47 [ INFO  ] muse_postproc_qc_fwhm: [tid=000] Computed FWHM QC parameters for 68 of 69 sources found down to the 5.0 sigma threshold on plane 1842
14:47:49 [ INFO  ] muse_processing_save_image: [tid=000] Saving image as IMAGE_FOV_0001.fits
14:47:49 [ INFO  ] muse_table_load_filter: [tid=000] loaded filter "Johnson_V" from file "/home/mmarcano/Documents/ReduceMUSE2017/Observation2/data/data_with_raw_calibs/M.MUSE.2014-06-13T10:14:59.795.fits" (ext 2)
14:47:50 [ INFO  ] muse_processing_save_image: [tid=000] Saving image as IMAGE_FOV_0002.fits
14:47:50 [ INFO  ] muse_table_load_filter: [tid=000] loaded filter "Cousins_R" from file "/home/mmarcano/Documents/ReduceMUSE2017/Observation2/data/data_with_raw_calibs/M.MUSE.2014-06-13T10:14:59.795.fits" (ext 3)
14:47:52 [ INFO  ] muse_processing_save_image: [tid=000] Saving image as IMAGE_FOV_0003.fits
14:47:52 [ INFO  ] muse_table_load_filter: [tid=000] loaded filter "Cousins_I" from file "/home/mmarcano/Documents/ReduceMUSE2017/Observation2/data/data_with_raw_calibs/M.MUSE.2014-06-13T10:14:59.795.fits" (ext 4)
14:47:53 [ INFO  ] muse_processing_save_image: [tid=000] Saving image as IMAGE_FOV_0004.fits
14:47:54 [ INFO  ] muse_processing_save_cube: [tid=000] Saving FITS cube as "DATACUBE_FINAL.fits"
14:47:57 [ INFO  ] muse_processing_save_table: [tid=000] Saving pixel table as "PIXTABLE_COMBINED.fits"
14:48:09 [ INFO  ] : [tid=000] Calculating product checksums
14:49:13 [ INFO  ] : [tid=000] Created product DATACUBE_FINAL.fits (in place)
14:49:13 [ INFO  ] : [tid=000] Created product IMAGE_FOV_0001.fits (in place)
14:49:13 [ INFO  ] : [tid=000] Created product IMAGE_FOV_0002.fits (in place)
14:49:13 [ INFO  ] : [tid=000] Created product IMAGE_FOV_0003.fits (in place)
14:49:13 [ INFO  ] : [tid=000] Created product IMAGE_FOV_0004.fits (in place)
14:49:13 [ INFO  ] : [tid=000] Created product PIXTABLE_COMBINED.fits (in place)
14:49:13 [ INFO  ] : [tid=000] Created product PIXTABLE_POSITIONED_0001.fits (in place)
14:49:13 [ INFO  ] : [tid=000] Created product PIXTABLE_REDUCED_0001.fits (in place)
14:49:13 [ INFO  ] : [tid=000] 8 products created
14:49:13 [ INFO  ] : [tid=000] Recipe operation(s) took            441 seconds to complete.
14:49:13 [ INFO  ] : [tid=000] Total size of 24 raw input frames  =  9073.47 MB

14:49:13 [ INFO  ] : [tid=000] => processing rate of    20.59 MB/sec 

